ASSERTION	AAEDAAECAwAAAAAAAECPQA==
ASSERTION	AAEDAAEFAAAAAAAAwFdAAwAAAAAAACCMQA==
ASSERTION	AAECAAIEAAAAAAAAgFZA
RUN	demoIvanka.HomeTask	hometask	1645133495188	 	3.6.1
USER	HomeTask	START	1645133495910
REQUEST		Open Homepage	1645133495920	1645133496895	OK	 
REQUEST		Click Button Start	1645133498417	1645133498637	OK	 
REQUEST		Select Age	1645133500172	1645133500401	OK	 
REQUEST		Click Button Next	1645133500409	1645133500624	OK	 
REQUEST		Select Order With Max Value	1645133502229	1645133502443	OK	 
REQUEST		Click Button Next	1645133502456	1645133502668	OK	 
REQUEST		Proceed To Next Step	1645133503713	1645133504075	OK	 
REQUEST		Click Button Next	1645133504094	1645133504299	OK	 
REQUEST		Get Spec	1645133504306	1645133504520	OK	 
REQUEST		Get One Time Token	1645133505639	1645133505919	OK	 
REQUEST		Post One Time Token	1645133505924	1645133506135	OK	 
REQUEST		Get Done	1645133507681	1645133507892	OK	 
USER	HomeTask	START	1645133507905
REQUEST		Click Start Again	1645133507895	1645133508114	OK	 
REQUEST		Open Homepage	1645133508117	1645133508325	OK	 
REQUEST		Open Homepage	1645133507906	1645133508733	OK	 
REQUEST		Click Button Start	1645133509539	1645133509752	OK	 
REQUEST		Click Button Start	1645133510010	1645133510221	OK	 
REQUEST		Select Age	1645133511323	1645133511634	OK	 
REQUEST		Click Button Next	1645133511639	1645133511838	OK	 
REQUEST		Select Age	1645133511826	1645133512041	OK	 
REQUEST		Click Button Next	1645133512044	1645133512251	OK	 
REQUEST		Select Order With Max Value	1645133513043	1645133513375	OK	 
REQUEST		Click Button Next	1645133513378	1645133513593	OK	 
REQUEST		Select Order With Max Value	1645133513417	1645133513639	OK	 
REQUEST		Click Button Next	1645133513643	1645133513874	OK	 
REQUEST		Proceed To Next Step	1645133514787	1645133515142	OK	 
REQUEST		Click Button Next	1645133515151	1645133515523	OK	 
REQUEST		Get Spec	1645133515524	1645133515725	OK	 
REQUEST		Proceed To Next Step	1645133515837	1645133516141	OK	 
REQUEST		Click Button Next	1645133516153	1645133516362	OK	 
REQUEST		Get Spec	1645133516364	1645133516565	OK	 
REQUEST		Get One Time Token	1645133517479	1645133517712	OK	 
REQUEST		Post One Time Token	1645133517716	1645133517938	OK	 
REQUEST		Get One Time Token	1645133517751	1645133517958	OK	 
REQUEST		Post One Time Token	1645133517961	1645133518312	OK	 
REQUEST		Get Done	1645133519448	1645133519660	OK	 
REQUEST		Get Done	1645133519653	1645133519879	OK	 
REQUEST		Click Start Again	1645133519662	1645133519880	OK	 
USER	HomeTask	START	1645133519905
REQUEST		Click Start Again	1645133519881	1645133520084	OK	 
REQUEST		Open Homepage	1645133519882	1645133520084	OK	 
REQUEST		Open Homepage	1645133520087	1645133520307	OK	 
REQUEST		Open Homepage	1645133519905	1645133520783	OK	 
REQUEST		Click Button Start	1645133521346	1645133521559	OK	 
REQUEST		Click Button Start	1645133522155	1645133522381	OK	 
REQUEST		Click Button Start	1645133522258	1645133522482	OK	 
REQUEST		Select Age	1645133523312	1645133523529	OK	 
REQUEST		Click Button Next	1645133523532	1645133523734	OK	 
REQUEST		Select Age	1645133523648	1645133523863	OK	 
REQUEST		Select Age	1645133523745	1645133523954	OK	 
REQUEST		Click Button Next	1645133523864	1645133524071	OK	 
REQUEST		Click Button Next	1645133523955	1645133524170	OK	 
REQUEST		Select Order With Max Value	1645133525116	1645133525560	OK	 
REQUEST		Click Button Next	1645133525564	1645133525774	OK	 
REQUEST		Select Order With Max Value	1645133525972	1645133526190	OK	 
REQUEST		Select Order With Max Value	1645133526046	1645133526263	OK	 
REQUEST		Click Button Next	1645133526195	1645133526408	OK	 
REQUEST		Click Button Next	1645133526267	1645133526475	OK	 
REQUEST		Proceed To Next Step	1645133527571	1645133527792	OK	 
REQUEST		Proceed To Next Step	1645133527710	1645133527918	OK	 
REQUEST		Click Button Next	1645133527799	1645133528002	OK	 
REQUEST		Proceed To Next Step	1645133527891	1645133528100	OK	 
REQUEST		Click Button Next	1645133527924	1645133528134	OK	 
REQUEST		Get Spec	1645133528003	1645133528215	OK	 
REQUEST		Click Button Next	1645133528109	1645133528314	OK	 
REQUEST		Get Spec	1645133528135	1645133528348	OK	 
REQUEST		Get Spec	1645133528316	1645133528523	OK	 
REQUEST		Get One Time Token	1645133529561	1645133529774	OK	 
REQUEST		Post One Time Token	1645133529776	1645133529992	OK	 
REQUEST		Get One Time Token	1645133529830	1645133530041	OK	 
REQUEST		Get One Time Token	1645133529911	1645133530122	OK	 
REQUEST		Post One Time Token	1645133530043	1645133530245	OK	 
REQUEST		Post One Time Token	1645133530124	1645133530324	OK	 
REQUEST		Get Done	1645133531380	1645133531716	OK	 
USER	HomeTask	START	1645133531905
REQUEST		Click Start Again	1645133531719	1645133531924	OK	 
REQUEST		Get Done	1645133531763	1645133531981	OK	 
REQUEST		Get Done	1645133531876	1645133532091	OK	 
REQUEST		Open Homepage	1645133531926	1645133532133	OK	 
REQUEST		Click Start Again	1645133531982	1645133532197	OK	 
REQUEST		Click Start Again	1645133532095	1645133532305	OK	 
REQUEST		Open Homepage	1645133532198	1645133532403	OK	 
REQUEST		Open Homepage	1645133532308	1645133532518	OK	 
REQUEST		Open Homepage	1645133531906	1645133532714	OK	 
REQUEST		Click Button Start	1645133533587	1645133533804	OK	 
REQUEST		Click Button Start	1645133533603	1645133533805	OK	 
REQUEST		Click Button Start	1645133533812	1645133534017	OK	 
REQUEST		Click Button Start	1645133534700	1645133534923	OK	 
REQUEST		Select Age	1645133535116	1645133535330	OK	 
REQUEST		Select Age	1645133535214	1645133535430	OK	 
REQUEST		Click Button Next	1645133535335	1645133535549	OK	 
REQUEST		Click Button Next	1645133535433	1645133535647	OK	 
REQUEST		Select Age	1645133535719	1645133535933	OK	 
REQUEST		Click Button Next	1645133535935	1645133536155	OK	 
REQUEST		Select Age	1645133536360	1645133536576	OK	 
REQUEST		Click Button Next	1645133536579	1645133536786	OK	 
REQUEST		Select Order With Max Value	1645133537082	1645133537362	OK	 
REQUEST		Select Order With Max Value	1645133537302	1645133537531	OK	 
REQUEST		Click Button Next	1645133537367	1645133537573	OK	 
REQUEST		Click Button Next	1645133537534	1645133537741	OK	 
REQUEST		Select Order With Max Value	1645133537642	1645133537862	OK	 
REQUEST		Click Button Next	1645133537864	1645133538067	OK	 
REQUEST		Select Order With Max Value	1645133538081	1645133538286	OK	 
REQUEST		Click Button Next	1645133538289	1645133538494	OK	 
REQUEST		Proceed To Next Step	1645133539040	1645133539273	OK	 
REQUEST		Click Button Next	1645133539277	1645133539539	OK	 
REQUEST		Proceed To Next Step	1645133539521	1645133539747	OK	 
REQUEST		Get Spec	1645133539540	1645133539753	OK	 
REQUEST		Proceed To Next Step	1645133539604	1645133539818	OK	 
REQUEST		Proceed To Next Step	1645133539646	1645133539861	OK	 
REQUEST		Click Button Next	1645133539752	1645133539951	OK	 
REQUEST		Click Button Next	1645133539820	1645133540038	OK	 
REQUEST		Click Button Next	1645133539863	1645133540076	OK	 
REQUEST		Get Spec	1645133539952	1645133540154	OK	 
REQUEST		Get Spec	1645133540039	1645133540246	OK	 
REQUEST		Get Spec	1645133540077	1645133540281	OK	 
REQUEST		Get One Time Token	1645133541545	1645133541760	OK	 
REQUEST		Get One Time Token	1645133541704	1645133541909	OK	 
REQUEST		Post One Time Token	1645133541763	1645133541959	OK	 
REQUEST		Post One Time Token	1645133541912	1645133542113	OK	 
REQUEST		Get One Time Token	1645133541901	1645133542113	OK	 
REQUEST		Get One Time Token	1645133542063	1645133542271	OK	 
REQUEST		Post One Time Token	1645133542116	1645133542320	OK	 
REQUEST		Post One Time Token	1645133542274	1645133542487	OK	 
REQUEST		Get Done	1645133543505	1645133543730	OK	 
REQUEST		Get Done	1645133543520	1645133543737	OK	 
USER	HomeTask	START	1645133543905
REQUEST		Click Start Again	1645133543732	1645133543938	OK	 
REQUEST		Click Start Again	1645133543739	1645133543963	OK	 
REQUEST		Get Done	1645133543765	1645133543969	OK	 
REQUEST		Get Done	1645133543911	1645133544111	OK	 
REQUEST		Open Homepage	1645133543939	1645133544141	OK	 
REQUEST		Open Homepage	1645133543964	1645133544172	OK	 
REQUEST		Click Start Again	1645133543970	1645133544176	OK	 
REQUEST		Click Start Again	1645133544112	1645133544317	OK	 
REQUEST		Open Homepage	1645133544177	1645133544390	OK	 
REQUEST		Open Homepage	1645133544318	1645133544519	OK	 
REQUEST		Open Homepage	1645133543907	1645133544710	OK	 
REQUEST		Click Button Start	1645133545650	1645133545879	OK	 
REQUEST		Click Button Start	1645133545786	1645133546004	OK	 
REQUEST		Click Button Start	1645133545887	1645133546101	OK	 
REQUEST		Click Button Start	1645133546378	1645133546584	OK	 
REQUEST		Click Button Start	1645133546525	1645133546728	OK	 
REQUEST		Select Age	1645133547471	1645133547694	OK	 
REQUEST		Select Age	1645133547674	1645133547890	OK	 
REQUEST		Click Button Next	1645133547696	1645133547905	OK	 
REQUEST		Select Age	1645133547740	1645133547958	OK	 
REQUEST		Click Button Next	1645133547893	1645133548106	OK	 
REQUEST		Click Button Next	1645133547961	1645133548185	OK	 
REQUEST		Select Age	1645133548403	1645133548616	OK	 
REQUEST		Select Age	1645133548586	1645133548796	OK	 
REQUEST		Click Button Next	1645133548618	1645133548819	OK	 
REQUEST		Click Button Next	1645133548801	1645133549002	OK	 
REQUEST		Select Order With Max Value	1645133548992	1645133549204	OK	 
REQUEST		Click Button Next	1645133549205	1645133549408	OK	 
REQUEST		Select Order With Max Value	1645133549271	1645133549485	OK	 
REQUEST		Select Order With Max Value	1645133549408	1645133549625	OK	 
REQUEST		Click Button Next	1645133549486	1645133549700	OK	 
REQUEST		Click Button Next	1645133549628	1645133549843	OK	 
REQUEST		Select Order With Max Value	1645133549864	1645133550069	OK	 
REQUEST		Click Button Next	1645133550071	1645133550273	OK	 
REQUEST		Select Order With Max Value	1645133550173	1645133550397	OK	 
REQUEST		Click Button Next	1645133550399	1645133550666	OK	 
REQUEST		Proceed To Next Step	1645133551011	1645133551338	OK	 
REQUEST		Proceed To Next Step	1645133551294	1645133551515	OK	 
REQUEST		Click Button Next	1645133551344	1645133551574	OK	 
REQUEST		Click Button Next	1645133551519	1645133551728	OK	 
REQUEST		Get Spec	1645133551576	1645133551794	OK	 
REQUEST		Get Spec	1645133551729	1645133551935	OK	 
REQUEST		Proceed To Next Step	1645133551759	1645133551977	OK	 
REQUEST		Click Button Next	1645133551983	1645133552194	OK	 
REQUEST		Proceed To Next Step	1645133552028	1645133552237	OK	 
REQUEST		Get Spec	1645133552194	1645133552404	OK	 
REQUEST		Click Button Next	1645133552240	1645133552457	OK	 
REQUEST		Get Spec	1645133552459	1645133552663	OK	 
REQUEST		Proceed To Next Step	1645133552461	1645133552667	OK	 
REQUEST		Click Button Next	1645133552671	1645133552874	OK	 
REQUEST		Get Spec	1645133552875	1645133553086	OK	 
REQUEST		Get One Time Token	1645133553692	1645133553920	OK	 
REQUEST		Get One Time Token	1645133553694	1645133553925	OK	 
REQUEST		Get One Time Token	1645133553833	1645133554039	OK	 
REQUEST		Post One Time Token	1645133553922	1645133554127	OK	 
REQUEST		Post One Time Token	1645133553927	1645133554131	OK	 
REQUEST		Get One Time Token	1645133554029	1645133554239	OK	 
REQUEST		Post One Time Token	1645133554042	1645133554253	OK	 
REQUEST		Post One Time Token	1645133554241	1645133554442	OK	 
REQUEST		Get One Time Token	1645133554597	1645133554968	OK	 
REQUEST		Post One Time Token	1645133554972	1645133555181	OK	 
REQUEST		Get Done	1645133555441	1645133555666	OK	 
REQUEST		Get Done	1645133555561	1645133555776	OK	 
REQUEST		Click Start Again	1645133555667	1645133555882	OK	 
REQUEST		Click Start Again	1645133555777	1645133555982	OK	 
REQUEST		Get Done	1645133555795	1645133556001	OK	 
USER	HomeTask	END	1645133556009
REQUEST		Open Homepage	1645133555883	1645133556098	OK	 
REQUEST		Open Homepage	1645133555983	1645133556193	OK	 
REQUEST		Get Done	1645133556130	1645133556365	OK	 
REQUEST		Get Done	1645133556246	1645133556458	OK	 
REQUEST		Click Start Again	1645133556367	1645133556569	OK	 
REQUEST		Click Start Again	1645133556461	1645133556665	OK	 
REQUEST		Open Homepage	1645133556571	1645133556781	OK	 
REQUEST		Open Homepage	1645133556667	1645133556870	OK	 
REQUEST		Click Button Start	1645133557375	1645133557604	OK	 
REQUEST		Click Button Start	1645133557464	1645133557680	OK	 
REQUEST		Click Button Start	1645133558305	1645133558523	OK	 
REQUEST		Click Button Start	1645133558717	1645133559045	OK	 
REQUEST		Select Age	1645133559152	1645133559465	OK	 
REQUEST		Click Button Next	1645133559469	1645133559670	OK	 
REQUEST		Select Age	1645133559475	1645133559678	OK	 
REQUEST		Click Button Next	1645133559680	1645133559879	OK	 
REQUEST		Select Age	1645133559916	1645133560276	OK	 
REQUEST		Click Button Next	1645133560280	1645133560487	OK	 
REQUEST		Select Age	1645133560315	1645133560533	OK	 
REQUEST		Click Button Next	1645133560535	1645133560735	OK	 
REQUEST		Select Order With Max Value	1645133560806	1645133561016	OK	 
REQUEST		Click Button Next	1645133561023	1645133561224	OK	 
REQUEST		Select Order With Max Value	1645133561182	1645133561396	OK	 
REQUEST		Click Button Next	1645133561401	1645133561620	OK	 
REQUEST		Select Order With Max Value	1645133561820	1645133562129	OK	 
REQUEST		Click Button Next	1645133562133	1645133562345	OK	 
REQUEST		Select Order With Max Value	1645133562246	1645133562468	OK	 
REQUEST		Click Button Next	1645133562472	1645133562675	OK	 
REQUEST		Proceed To Next Step	1645133562807	1645133563141	OK	 
REQUEST		Proceed To Next Step	1645133563139	1645133563353	OK	 
REQUEST		Click Button Next	1645133563146	1645133563363	OK	 
REQUEST		Click Button Next	1645133563357	1645133563555	OK	 
REQUEST		Get Spec	1645133563363	1645133563558	OK	 
REQUEST		Get Spec	1645133563557	1645133563762	OK	 
REQUEST		Proceed To Next Step	1645133563707	1645133563915	OK	 
REQUEST		Proceed To Next Step	1645133563778	1645133563993	OK	 
REQUEST		Click Button Next	1645133563920	1645133564140	OK	 
REQUEST		Click Button Next	1645133563996	1645133564210	OK	 
REQUEST		Get Spec	1645133564142	1645133564354	OK	 
REQUEST		Get Spec	1645133564211	1645133564428	OK	 
REQUEST		Get One Time Token	1645133565129	1645133565339	OK	 
REQUEST		Post One Time Token	1645133565341	1645133565555	OK	 
REQUEST		Get One Time Token	1645133565367	1645133565581	OK	 
REQUEST		Get One Time Token	1645133565501	1645133565719	OK	 
REQUEST		Get One Time Token	1645133565566	1645133565767	OK	 
REQUEST		Post One Time Token	1645133565583	1645133565801	OK	 
REQUEST		Post One Time Token	1645133565722	1645133565923	OK	 
REQUEST		Post One Time Token	1645133565768	1645133565982	OK	 
REQUEST		Get Done	1645133566804	1645133567081	OK	 
REQUEST		Get Done	1645133567065	1645133567284	OK	 
REQUEST		Click Start Again	1645133567083	1645133567290	OK	 
REQUEST		Click Start Again	1645133567285	1645133567493	OK	 
REQUEST		Open Homepage	1645133567291	1645133567502	OK	 
REQUEST		Get Done	1645133567443	1645133567655	OK	 
REQUEST		Open Homepage	1645133567494	1645133567706	OK	 
REQUEST		Click Start Again	1645133567657	1645133567863	OK	 
REQUEST		Get Done	1645133567733	1645133567939	OK	 
REQUEST		Open Homepage	1645133567863	1645133568065	OK	 
REQUEST		Click Start Again	1645133567940	1645133568153	OK	 
REQUEST		Open Homepage	1645133568154	1645133568360	OK	 
REQUEST		Click Button Start	1645133568842	1645133569220	OK	 
USER	HomeTask	END	1645133569223
REQUEST		Click Button Start	1645133569687	1645133570041	OK	 
REQUEST		Click Button Start	1645133570052	1645133570262	OK	 
REQUEST		Select Age	1645133570577	1645133570800	OK	 
REQUEST		Click Button Next	1645133570803	1645133571023	OK	 
REQUEST		Select Age	1645133571605	1645133571997	OK	 
REQUEST		Click Button Next	1645133572004	1645133572225	OK	 
REQUEST		Select Age	1645133572215	1645133572423	OK	 
REQUEST		Select Order With Max Value	1645133572351	1645133572570	OK	 
REQUEST		Click Button Next	1645133572426	1645133572629	OK	 
REQUEST		Click Button Next	1645133572574	1645133572789	OK	 
REQUEST		Select Order With Max Value	1645133573300	1645133573639	OK	 
REQUEST		Click Button Next	1645133573640	1645133573944	OK	 
REQUEST		Proceed To Next Step	1645133573916	1645133574129	OK	 
REQUEST		Click Button Next	1645133574132	1645133574337	OK	 
REQUEST		Get Spec	1645133574339	1645133574541	OK	 
REQUEST		Select Order With Max Value	1645133574382	1645133574604	OK	 
REQUEST		Click Button Next	1645133574606	1645133574815	OK	 
REQUEST		Proceed To Next Step	1645133575164	1645133575380	OK	 
REQUEST		Click Button Next	1645133575384	1645133575596	OK	 
REQUEST		Get Spec	1645133575598	1645133575804	OK	 
REQUEST		Get One Time Token	1645133575693	1645133575911	OK	 
REQUEST		Proceed To Next Step	1645133575857	1645133576081	OK	 
REQUEST		Post One Time Token	1645133575913	1645133576127	OK	 
REQUEST		Click Button Next	1645133576085	1645133576283	OK	 
REQUEST		Get Spec	1645133576285	1645133576486	OK	 
REQUEST		Get One Time Token	1645133577714	1645133577948	OK	 
REQUEST		Get Done	1645133577907	1645133578122	OK	 
REQUEST		Post One Time Token	1645133577950	1645133578160	OK	 
REQUEST		Click Start Again	1645133578124	1645133578341	OK	 
REQUEST		Get One Time Token	1645133578308	1645133578523	OK	 
REQUEST		Open Homepage	1645133578344	1645133578551	OK	 
REQUEST		Post One Time Token	1645133578525	1645133578738	OK	 
REQUEST		Get Done	1645133579498	1645133579837	OK	 
REQUEST		Click Start Again	1645133579838	1645133580051	OK	 
REQUEST		Open Homepage	1645133580052	1645133580260	OK	 
USER	HomeTask	END	1645133580325
REQUEST		Get Done	1645133580352	1645133580555	OK	 
REQUEST		Click Start Again	1645133580556	1645133580766	OK	 
REQUEST		Open Homepage	1645133580767	1645133581065	OK	 
REQUEST		Click Button Start	1645133581894	1645133582274	OK	 
REQUEST		Click Button Start	1645133582861	1645133583085	OK	 
REQUEST		Select Age	1645133584001	1645133584210	OK	 
REQUEST		Click Button Next	1645133584212	1645133584419	OK	 
REQUEST		Select Age	1645133584214	1645133584430	OK	 
REQUEST		Click Button Next	1645133584432	1645133584631	OK	 
REQUEST		Select Order With Max Value	1645133585472	1645133585773	OK	 
REQUEST		Click Button Next	1645133585776	1645133585978	OK	 
REQUEST		Select Order With Max Value	1645133586336	1645133586593	OK	 
REQUEST		Click Button Next	1645133586597	1645133586801	OK	 
REQUEST		Proceed To Next Step	1645133587065	1645133587292	OK	 
REQUEST		Click Button Next	1645133587297	1645133587502	OK	 
REQUEST		Get Spec	1645133587503	1645133587710	OK	 
REQUEST		Proceed To Next Step	1645133588514	1645133588731	OK	 
REQUEST		Click Button Next	1645133588734	1645133588935	OK	 
REQUEST		Get One Time Token	1645133588842	1645133589045	OK	 
REQUEST		Get Spec	1645133588937	1645133589142	OK	 
REQUEST		Post One Time Token	1645133589047	1645133589248	OK	 
REQUEST		Get Done	1645133590567	1645133590774	OK	 
REQUEST		Click Start Again	1645133590776	1645133591000	OK	 
REQUEST		Get One Time Token	1645133590888	1645133591105	OK	 
REQUEST		Open Homepage	1645133591001	1645133591208	OK	 
REQUEST		Post One Time Token	1645133591107	1645133591325	OK	 
REQUEST		Click Button Start	1645133592613	1645133592826	OK	 
USER	HomeTask	END	1645133593037
REQUEST		Select Age	1645133594190	1645133594502	OK	 
REQUEST		Click Button Next	1645133594504	1645133594808	OK	 
REQUEST		Select Order With Max Value	1645133596417	1645133596633	OK	 
REQUEST		Click Button Next	1645133596635	1645133596836	OK	 
REQUEST		Proceed To Next Step	1645133598174	1645133598786	OK	 
REQUEST		Click Button Next	1645133598792	1645133599127	OK	 
REQUEST		Get Spec	1645133599129	1645133599436	OK	 
REQUEST		Get One Time Token	1645133600976	1645133601189	OK	 
REQUEST		Post One Time Token	1645133601191	1645133601395	OK	 
REQUEST		Get Done	1645133602946	1645133603284	OK	 
REQUEST		Click Start Again	1645133603285	1645133603506	OK	 
REQUEST		Open Homepage	1645133603507	1645133603810	OK	 
USER	HomeTask	END	1645133605508
