ASSERTION	AAEDAAECAwAAAAAAAECPQA==
ASSERTION	AAEDAAEFAAAAAAAAwFdAAwAAAAAAACCMQA==
ASSERTION	AAECAAIEAAAAAAAAgFZA
RUN	demoIvanka.HomeTask	hometask	1645104861337	newTest	3.6.1
USER	HomeTask	START	1645104861886
REQUEST		Open Homepage	1645104861896	1645104862775	OK	 
REQUEST		Click Button Start	1645104863933	1645104864210	OK	 
REQUEST		Select Age	1645104865521	1645104865853	OK	 
REQUEST		Click Button Next	1645104865864	1645104866075	OK	 
REQUEST		Select Order With Max Value	1645104867790	1645104868028	OK	 
REQUEST		Click Button Next	1645104868042	1645104868254	OK	 
REQUEST		Proceed To Next Step	1645104869332	1645104869549	OK	 
REQUEST		Click Button Next	1645104869565	1645104869775	OK	 
REQUEST		Get Spec	1645104869784	1645104870154	OK	 
REQUEST		Get One Time Token	1645104871282	1645104871586	OK	 
REQUEST		Post One Time Token	1645104871591	1645104871799	OK	 
REQUEST		Get Done	1645104873165	1645104873384	OK	 
REQUEST		Click Start Again	1645104873386	1645104873640	OK	 
USER	HomeTask	START	1645104873883
REQUEST		Open Homepage	1645104873644	1645104873946	OK	 
REQUEST		Open Homepage	1645104873885	1645104874735	OK	 
REQUEST		Click Button Start	1645104875590	1645104875804	OK	 
REQUEST		Click Button Start	1645104875974	1645104876187	OK	 
REQUEST		Select Age	1645104877079	1645104877301	OK	 
REQUEST		Select Age	1645104877285	1645104877502	OK	 
REQUEST		Click Button Next	1645104877308	1645104877549	OK	 
REQUEST		Click Button Next	1645104877513	1645104877728	OK	 
REQUEST		Select Order With Max Value	1645104879237	1645104879498	OK	 
REQUEST		Click Button Next	1645104879503	1645104879704	OK	 
REQUEST		Select Order With Max Value	1645104879467	1645104879713	OK	 
REQUEST		Click Button Next	1645104879718	1645104880008	OK	 
REQUEST		Proceed To Next Step	1645104881371	1645104881593	OK	 
REQUEST		Proceed To Next Step	1645104881517	1645104881732	OK	 
REQUEST		Click Button Next	1645104881603	1645104881829	OK	 
REQUEST		Click Button Next	1645104881738	1645104881954	OK	 
REQUEST		Get Spec	1645104881830	1645104882035	OK	 
REQUEST		Get Spec	1645104881959	1645104882174	OK	 
REQUEST		Get One Time Token	1645104883677	1645104883967	OK	 
REQUEST		Get One Time Token	1645104883950	1645104884171	OK	 
REQUEST		Post One Time Token	1645104883971	1645104884204	OK	 
REQUEST		Post One Time Token	1645104884174	1645104884384	OK	 
REQUEST		Get Done	1645104885375	1645104885594	OK	 
REQUEST		Click Start Again	1645104885596	1645104885804	OK	 
USER	HomeTask	START	1645104885882
REQUEST		Open Homepage	1645104885807	1645104886020	OK	 
REQUEST		Get Done	1645104886166	1645104886378	OK	 
REQUEST		Click Start Again	1645104886380	1645104886593	OK	 
REQUEST		Open Homepage	1645104885882	1645104886713	OK	 
REQUEST		Open Homepage	1645104886595	1645104886804	OK	 
REQUEST		Click Button Start	1645104887620	1645104887973	OK	 
REQUEST		Click Button Start	1645104888025	1645104888225	OK	 
REQUEST		Click Button Start	1645104888286	1645104888506	OK	 
REQUEST		Select Age	1645104889158	1645104889517	OK	 
REQUEST		Click Button Next	1645104889522	1645104889721	OK	 
REQUEST		Select Age	1645104889976	1645104890200	OK	 
REQUEST		Select Age	1645104890132	1645104890354	OK	 
REQUEST		Click Button Next	1645104890203	1645104890406	OK	 
REQUEST		Click Button Next	1645104890360	1645104890567	OK	 
REQUEST		Select Order With Max Value	1645104890968	1645104891232	OK	 
REQUEST		Click Button Next	1645104891236	1645104891436	OK	 
REQUEST		Select Order With Max Value	1645104891440	1645104891721	OK	 
REQUEST		Select Order With Max Value	1645104891669	1645104891900	OK	 
REQUEST		Click Button Next	1645104891725	1645104891937	OK	 
REQUEST		Click Button Next	1645104891905	1645104892103	OK	 
REQUEST		Proceed To Next Step	1645104892945	1645104893160	OK	 
REQUEST		Click Button Next	1645104893167	1645104893378	OK	 
REQUEST		Proceed To Next Step	1645104893202	1645104893420	OK	 
REQUEST		Get Spec	1645104893380	1645104893609	OK	 
REQUEST		Click Button Next	1645104893428	1645104893628	OK	 
REQUEST		Proceed To Next Step	1645104893429	1645104893629	OK	 
REQUEST		Get Spec	1645104893630	1645104893834	OK	 
REQUEST		Click Button Next	1645104893636	1645104893838	OK	 
REQUEST		Get Spec	1645104893839	1645104894043	OK	 
REQUEST		Get One Time Token	1645104894841	1645104895066	OK	 
REQUEST		Get One Time Token	1645104894867	1645104895082	OK	 
REQUEST		Post One Time Token	1645104895069	1645104895280	OK	 
REQUEST		Post One Time Token	1645104895084	1645104895290	OK	 
REQUEST		Get One Time Token	1645104895993	1645104896261	OK	 
REQUEST		Post One Time Token	1645104896265	1645104896553	OK	 
REQUEST		Get Done	1645104896534	1645104896884	OK	 
REQUEST		Click Start Again	1645104896887	1645104897101	OK	 
REQUEST		Get Done	1645104897037	1645104897250	OK	 
REQUEST		Open Homepage	1645104897103	1645104897312	OK	 
REQUEST		Click Start Again	1645104897253	1645104897470	OK	 
USER	HomeTask	START	1645104897882
REQUEST		Open Homepage	1645104897473	1645104897898	OK	 
REQUEST		Get Done	1645104898548	1645104898821	OK	 
REQUEST		Click Button Start	1645104898811	1645104899022	OK	 
REQUEST		Click Start Again	1645104898823	1645104899028	OK	 
REQUEST		Open Homepage	1645104899030	1645104899244	OK	 
REQUEST		Click Button Start	1645104899135	1645104899355	OK	 
REQUEST		Open Homepage	1645104897884	1645104899712	OK	 
REQUEST		Select Age	1645104900351	1645104900572	OK	 
REQUEST		Click Button Next	1645104900576	1645104900791	OK	 
REQUEST		Click Button Start	1645104900609	1645104900824	OK	 
REQUEST		Select Age	1645104900867	1645104901081	OK	 
REQUEST		Click Button Start	1645104901020	1645104901239	OK	 
REQUEST		Click Button Next	1645104901085	1645104901299	OK	 
REQUEST		Select Age	1645104901962	1645104902407	OK	 
REQUEST		Click Button Next	1645104902412	1645104902623	OK	 
REQUEST		Select Order With Max Value	1645104902478	1645104902688	OK	 
REQUEST		Select Order With Max Value	1645104902651	1645104902877	OK	 
REQUEST		Click Button Next	1645104902692	1645104902904	OK	 
REQUEST		Click Button Next	1645104902880	1645104903094	OK	 
REQUEST		Select Age	1645104903111	1645104903318	OK	 
REQUEST		Click Button Next	1645104903321	1645104903526	OK	 
REQUEST		Select Order With Max Value	1645104903830	1645104904249	OK	 
REQUEST		Click Button Next	1645104904254	1645104904462	OK	 
REQUEST		Proceed To Next Step	1645104904508	1645104904726	OK	 
REQUEST		Proceed To Next Step	1645104904623	1645104904837	OK	 
REQUEST		Click Button Next	1645104904732	1645104904953	OK	 
REQUEST		Click Button Next	1645104904843	1645104905059	OK	 
REQUEST		Get Spec	1645104904954	1645104905181	OK	 
REQUEST		Get Spec	1645104905060	1645104905273	OK	 
REQUEST		Proceed To Next Step	1645104905526	1645104905766	OK	 
REQUEST		Select Order With Max Value	1645104905008	1645104905886	OK	 
REQUEST		Click Button Next	1645104905772	1645104905991	OK	 
REQUEST		Click Button Next	1645104905891	1645104906106	OK	 
REQUEST		Get Spec	1645104905992	1645104906202	OK	 
REQUEST		Get One Time Token	1645104906617	1645104907015	OK	 
REQUEST		Post One Time Token	1645104907018	1645104907234	OK	 
REQUEST		Get One Time Token	1645104907182	1645104907394	OK	 
REQUEST		Get One Time Token	1645104907282	1645104907493	OK	 
REQUEST		Post One Time Token	1645104907395	1645104907607	OK	 
REQUEST		Proceed To Next Step	1645104907437	1645104907654	OK	 
REQUEST		Post One Time Token	1645104907495	1645104907707	OK	 
REQUEST		Click Button Next	1645104907660	1645104907906	OK	 
REQUEST		Get Spec	1645104907907	1645104908111	OK	 
REQUEST		Get Done	1645104908882	1645104909094	OK	 
REQUEST		Get Done	1645104908992	1645104909194	OK	 
REQUEST		Click Start Again	1645104909095	1645104909310	OK	 
REQUEST		Click Start Again	1645104909195	1645104909406	OK	 
REQUEST		Open Homepage	1645104909312	1645104909526	OK	 
REQUEST		Open Homepage	1645104909408	1645104909618	OK	 
REQUEST		Get One Time Token	1645104909495	1645104909715	OK	 
REQUEST		Get Done	1645104909556	1645104909772	OK	 
USER	HomeTask	START	1645104909881
REQUEST		Post One Time Token	1645104909719	1645104909941	OK	 
REQUEST		Click Start Again	1645104909774	1645104910009	OK	 
REQUEST		Open Homepage	1645104910011	1645104910229	OK	 
REQUEST		Open Homepage	1645104909882	1645104910700	OK	 
REQUEST		Click Button Start	1645104910775	1645104911005	OK	 
REQUEST		Click Button Start	1645104911178	1645104911391	OK	 
REQUEST		Get Done	1645104911273	1645104911508	OK	 
REQUEST		Click Button Start	1645104911371	1645104911588	OK	 
REQUEST		Click Start Again	1645104911510	1645104911726	OK	 
REQUEST		Open Homepage	1645104911728	1645104911949	OK	 
REQUEST		Click Button Start	1645104911769	1645104911984	OK	 
REQUEST		Select Age	1645104912658	1645104912915	OK	 
REQUEST		Select Age	1645104912895	1645104913122	OK	 
REQUEST		Click Button Next	1645104912918	1645104913129	OK	 
REQUEST		Click Button Next	1645104913124	1645104913339	OK	 
REQUEST		Select Age	1645104913280	1645104913507	OK	 
REQUEST		Select Age	1645104913331	1645104913548	OK	 
REQUEST		Click Button Next	1645104913511	1645104913732	OK	 
REQUEST		Click Button Next	1645104913550	1645104913764	OK	 
REQUEST		Click Button Start	1645104913590	1645104913812	OK	 
REQUEST		Select Order With Max Value	1645104914434	1645104914648	OK	 
REQUEST		Click Button Next	1645104914651	1645104914878	OK	 
REQUEST		Select Order With Max Value	1645104914840	1645104915059	OK	 
REQUEST		Click Button Next	1645104915064	1645104915261	OK	 
REQUEST		Select Order With Max Value	1645104915294	1645104915516	OK	 
REQUEST		Select Age	1645104915447	1645104915662	OK	 
REQUEST		Select Order With Max Value	1645104915496	1645104915720	OK	 
REQUEST		Click Button Next	1645104915519	1645104915737	OK	 
REQUEST		Click Button Next	1645104915665	1645104915885	OK	 
REQUEST		Click Button Next	1645104915722	1645104915936	OK	 
REQUEST		Proceed To Next Step	1645104916476	1645104916694	OK	 
REQUEST		Click Button Next	1645104916698	1645104916917	OK	 
REQUEST		Proceed To Next Step	1645104916776	1645104916990	OK	 
REQUEST		Get Spec	1645104916919	1645104917126	OK	 
REQUEST		Click Button Next	1645104916996	1645104917200	OK	 
REQUEST		Get Spec	1645104917201	1645104917404	OK	 
REQUEST		Select Order With Max Value	1645104917425	1645104917652	OK	 
REQUEST		Proceed To Next Step	1645104917547	1645104917764	OK	 
REQUEST		Click Button Next	1645104917654	1645104917871	OK	 
REQUEST		Proceed To Next Step	1645104917669	1645104917881	OK	 
REQUEST		Click Button Next	1645104917771	1645104917984	OK	 
REQUEST		Click Button Next	1645104917885	1645104918104	OK	 
REQUEST		Get Spec	1645104917985	1645104918202	OK	 
REQUEST		Get Spec	1645104918105	1645104918313	OK	 
REQUEST		Get One Time Token	1645104918532	1645104918845	OK	 
REQUEST		Post One Time Token	1645104918848	1645104919068	OK	 
REQUEST		Get One Time Token	1645104918867	1645104919079	OK	 
REQUEST		Post One Time Token	1645104919080	1645104919292	OK	 
REQUEST		Proceed To Next Step	1645104919184	1645104919395	OK	 
REQUEST		Click Button Next	1645104919399	1645104919770	OK	 
REQUEST		Get Spec	1645104919772	1645104920000	OK	 
REQUEST		Get One Time Token	1645104919987	1645104920199	OK	 
REQUEST		Post One Time Token	1645104920201	1645104920415	OK	 
REQUEST		Get One Time Token	1645104920310	1645104920524	OK	 
REQUEST		Post One Time Token	1645104920526	1645104920740	OK	 
REQUEST		Get Done	1645104920699	1645104920912	OK	 
REQUEST		Get Done	1645104920724	1645104920944	OK	 
REQUEST		Click Start Again	1645104920914	1645104921131	OK	 
REQUEST		Click Start Again	1645104920945	1645104921158	OK	 
REQUEST		Open Homepage	1645104921132	1645104921347	OK	 
REQUEST		Open Homepage	1645104921159	1645104921367	OK	 
REQUEST		Get Done	1645104921771	1645104922002	OK	 
REQUEST		Get One Time Token	1645104921917	1645104922129	OK	 
REQUEST		Click Start Again	1645104922004	1645104922209	OK	 
REQUEST		Post One Time Token	1645104922133	1645104922341	OK	 
USER	HomeTask	END	1645104922360
REQUEST		Open Homepage	1645104922211	1645104922428	OK	 
REQUEST		Click Button Start	1645104922576	1645104922785	OK	 
REQUEST		Click Button Start	1645104922865	1645104923081	OK	 
REQUEST		Get Done	1645104923696	1645104923951	OK	 
REQUEST		Click Button Start	1645104923935	1645104924144	OK	 
REQUEST		Click Start Again	1645104923952	1645104924153	OK	 
REQUEST		Open Homepage	1645104924155	1645104924369	OK	 
REQUEST		Select Age	1645104924259	1645104924479	OK	 
REQUEST		Select Age	1645104924360	1645104924567	OK	 
REQUEST		Click Button Next	1645104924482	1645104924702	OK	 
REQUEST		Click Button Next	1645104924569	1645104924783	OK	 
REQUEST		Select Age	1645104925905	1645104926122	OK	 
REQUEST		Click Button Start	1645104925936	1645104926153	OK	 
REQUEST		Select Order With Max Value	1645104925950	1645104926204	OK	 
REQUEST		Click Button Next	1645104926124	1645104926328	OK	 
REQUEST		Click Button Next	1645104926208	1645104926416	OK	 
REQUEST		Select Order With Max Value	1645104926225	1645104926429	OK	 
REQUEST		Click Button Next	1645104926434	1645104926643	OK	 
REQUEST		Select Age	1645104927315	1645104927535	OK	 
REQUEST		Click Button Next	1645104927537	1645104927750	OK	 
REQUEST		Proceed To Next Step	1645104927697	1645104927907	OK	 
REQUEST		Proceed To Next Step	1645104927803	1645104928014	OK	 
REQUEST		Click Button Next	1645104927913	1645104928112	OK	 
REQUEST		Click Button Next	1645104928018	1645104928216	OK	 
REQUEST		Select Order With Max Value	1645104928039	1645104928252	OK	 
REQUEST		Get Spec	1645104928114	1645104928351	OK	 
REQUEST		Get Spec	1645104928218	1645104928417	OK	 
REQUEST		Click Button Next	1645104928255	1645104928471	OK	 
REQUEST		Select Order With Max Value	1645104929464	1645104929769	OK	 
REQUEST		Click Button Next	1645104929772	1645104930000	OK	 
REQUEST		Proceed To Next Step	1645104929998	1645104930213	OK	 
REQUEST		Get One Time Token	1645104930027	1645104930255	OK	 
REQUEST		Click Button Next	1645104930217	1645104930429	OK	 
REQUEST		Post One Time Token	1645104930257	1645104930472	OK	 
REQUEST		Get One Time Token	1645104930330	1645104930561	OK	 
REQUEST		Get Spec	1645104930430	1645104930652	OK	 
REQUEST		Post One Time Token	1645104930564	1645104930762	OK	 
REQUEST		Proceed To Next Step	1645104931135	1645104931534	OK	 
REQUEST		Click Button Next	1645104931540	1645104931759	OK	 
REQUEST		Get Done	1645104931744	1645104931959	OK	 
REQUEST		Get Spec	1645104931760	1645104931982	OK	 
REQUEST		Get One Time Token	1645104931939	1645104932158	OK	 
REQUEST		Click Start Again	1645104931960	1645104932164	OK	 
REQUEST		Get Done	1645104932067	1645104932282	OK	 
REQUEST		Post One Time Token	1645104932161	1645104932390	OK	 
REQUEST		Open Homepage	1645104932165	1645104932396	OK	 
REQUEST		Click Start Again	1645104932283	1645104932485	OK	 
REQUEST		Open Homepage	1645104932486	1645104932820	OK	 
USER	HomeTask	END	1645104934024
REQUEST		Get One Time Token	1645104933897	1645104934120	OK	 
REQUEST		Post One Time Token	1645104934121	1645104934321	OK	 
REQUEST		Get Done	1645104934296	1645104934511	OK	 
REQUEST		Click Button Start	1645104934446	1645104934665	OK	 
REQUEST		Click Start Again	1645104934513	1645104934730	OK	 
REQUEST		Open Homepage	1645104934732	1645104934942	OK	 
REQUEST		Click Button Start	1645104936097	1645104936323	OK	 
REQUEST		Get Done	1645104936203	1645104936423	OK	 
REQUEST		Select Age	1645104936298	1645104936514	OK	 
REQUEST		Click Start Again	1645104936424	1645104936640	OK	 
REQUEST		Click Button Next	1645104936516	1645104936731	OK	 
REQUEST		Open Homepage	1645104936643	1645104936858	OK	 
REQUEST		Select Order With Max Value	1645104938206	1645104938437	OK	 
REQUEST		Select Age	1645104938272	1645104938509	OK	 
REQUEST		Click Button Start	1645104938406	1645104938620	OK	 
REQUEST		Click Button Next	1645104938442	1645104938657	OK	 
REQUEST		Click Button Next	1645104938510	1645104938723	OK	 
REQUEST		Proceed To Next Step	1645104939838	1645104940188	OK	 
REQUEST		Select Order With Max Value	1645104940174	1645104940400	OK	 
REQUEST		Click Button Next	1645104940193	1645104940403	OK	 
REQUEST		Click Button Next	1645104940402	1645104940616	OK	 
REQUEST		Get Spec	1645104940404	1645104940617	OK	 
REQUEST		Select Age	1645104940466	1645104940685	OK	 
REQUEST		Click Button Next	1645104940688	1645104940899	OK	 
REQUEST		Get One Time Token	1645104941696	1645104942036	OK	 
REQUEST		Proceed To Next Step	1645104941689	1645104942036	OK	 
REQUEST		Click Button Next	1645104942040	1645104942242	OK	 
REQUEST		Post One Time Token	1645104942039	1645104942242	OK	 
REQUEST		Get Spec	1645104942243	1645104942446	OK	 
REQUEST		Select Order With Max Value	1645104942764	1645104943175	OK	 
REQUEST		Click Button Next	1645104943180	1645104943382	OK	 
REQUEST		Get Done	1645104943949	1645104944161	OK	 
REQUEST		Get One Time Token	1645104943953	1645104944167	OK	 
REQUEST		Click Start Again	1645104944162	1645104944364	OK	 
REQUEST		Post One Time Token	1645104944168	1645104944367	OK	 
REQUEST		Open Homepage	1645104944367	1645104944581	OK	 
REQUEST		Proceed To Next Step	1645104944614	1645104944824	OK	 
REQUEST		Click Button Next	1645104944829	1645104945105	OK	 
REQUEST		Get Spec	1645104945107	1645104945311	OK	 
USER	HomeTask	END	1645104946196
REQUEST		Get Done	1645104946057	1645104946277	OK	 
REQUEST		Click Start Again	1645104946278	1645104946484	OK	 
REQUEST		Open Homepage	1645104946486	1645104946698	OK	 
REQUEST		Get One Time Token	1645104946505	1645104946711	OK	 
REQUEST		Post One Time Token	1645104946712	1645104946916	OK	 
REQUEST		Click Button Start	1645104948091	1645104948319	OK	 
REQUEST		Get Done	1645104948355	1645104948558	OK	 
REQUEST		Click Start Again	1645104948559	1645104948896	OK	 
REQUEST		Open Homepage	1645104948899	1645104949104	OK	 
REQUEST		Select Age	1645104950000	1645104950329	OK	 
REQUEST		Click Button Next	1645104950331	1645104950546	OK	 
REQUEST		Click Button Start	1645104950498	1645104950712	OK	 
REQUEST		Select Order With Max Value	1645104952216	1645104952453	OK	 
REQUEST		Select Age	1645104952291	1645104952505	OK	 
REQUEST		Click Button Next	1645104952456	1645104952672	OK	 
REQUEST		Click Button Next	1645104952508	1645104952727	OK	 
REQUEST		Proceed To Next Step	1645104954359	1645104954581	OK	 
REQUEST		Select Order With Max Value	1645104954543	1645104954759	OK	 
REQUEST		Click Button Next	1645104954585	1645104954803	OK	 
REQUEST		Click Button Next	1645104954764	1645104954972	OK	 
REQUEST		Get Spec	1645104954804	1645104955013	OK	 
REQUEST		Proceed To Next Step	1645104956767	1645104956989	OK	 
REQUEST		Get One Time Token	1645104956958	1645104957171	OK	 
REQUEST		Click Button Next	1645104956992	1645104957208	OK	 
REQUEST		Get Spec	1645104957208	1645104957417	OK	 
REQUEST		Post One Time Token	1645104957175	1645104958113	OK	 
USER	HomeTask	END	1645104959297
REQUEST		Get Done	1645104959513	1645104959854	OK	 
REQUEST		Click Start Again	1645104959856	1645104960073	OK	 
REQUEST		Open Homepage	1645104960074	1645104960362	OK	 
REQUEST		Click Button Start	1645104961437	1645104961696	OK	 
REQUEST		Select Age	1645104963052	1645104963299	OK	 
REQUEST		Click Button Next	1645104963301	1645104963744	OK	 
REQUEST		Select Order With Max Value	1645104964834	1645104965184	OK	 
REQUEST		Click Button Next	1645104965188	1645104965503	OK	 
REQUEST		Proceed To Next Step	1645104966513	1645104966830	OK	 
REQUEST		Click Button Next	1645104966834	1645104967036	OK	 
REQUEST		Get Spec	1645104967037	1645104967247	OK	 
REQUEST		Get One Time Token	1645104968877	1645104969102	OK	 
REQUEST		Post One Time Token	1645104969104	1645104969397	OK	 
USER	HomeTask	END	1645104970449
