RUN	demoIvanka.HomeTask	hometask	1645099471873	test	3.6.1
USER	HomeTask	START	1645099472715
USER	HomeTask	START	1645099472915
USER	HomeTask	START	1645099473115
USER	HomeTask	START	1645099473315
USER	HomeTask	START	1645099473516
REQUEST		Open Homepage	1645099472724	1645099473577	OK	 
REQUEST		Open Homepage	1645099472916	1645099473755	OK	 
REQUEST		Open Homepage	1645099473117	1645099473954	OK	 
REQUEST		Open Homepage	1645099473517	1645099474365	OK	 
REQUEST		Open Homepage	1645099473316	1645099474764	OK	 
REQUEST		Click Button Start	1645099475313	1645099475560	OK	 
REQUEST		Click Button Start	1645099475583	1645099475857	OK	 
REQUEST		Click Button Start	1645099475742	1645099475943	OK	 
REQUEST		Click Button Start	1645099476350	1645099476569	OK	 
REQUEST		Click Button Start	1645099476364	1645099476569	OK	 
REQUEST		Select Age	1645099477047	1645099477272	KO	regex(<h2>(.+?)</h2>).find.is(Step 2), but actually found nothing
REQUEST		Click Button Next	1645099477288	1645099477492	OK	 
REQUEST		Select Age	1645099477294	1645099477497	KO	regex(<h2>(.+?)</h2>).find.is(Step 2), but actually found nothing
REQUEST		Select Age	1645099477422	1645099477649	KO	regex(<h2>(.+?)</h2>).find.is(Step 2), but actually found nothing
REQUEST		Click Button Next	1645099477501	1645099477734	OK	 
REQUEST		Click Button Next	1645099477652	1645099477865	OK	 
REQUEST		Select Age	1645099477835	1645099478046	KO	regex(<h2>(.+?)</h2>).find.is(Step 2), but actually found nothing
REQUEST		Select Age	1645099477931	1645099478137	KO	regex(<h2>(.+?)</h2>).find.is(Step 2), but actually found nothing
REQUEST		Click Button Next	1645099478048	1645099478258	OK	 
REQUEST		Click Button Next	1645099478139	1645099478352	OK	 
REQUEST		Select Order With Max Value	1645099478561	1645099478784	OK	 
REQUEST		Click Button Next	1645099478796	1645099479019	OK	 
REQUEST		Select Order With Max Value	1645099478924	1645099479136	OK	 
REQUEST		Select Order With Max Value	1645099478981	1645099479198	OK	 
REQUEST		Click Button Next	1645099479142	1645099479360	OK	 
REQUEST		Click Button Next	1645099479201	1645099479405	OK	 
REQUEST		Select Order With Max Value	1645099479845	1645099480287	OK	 
REQUEST		Click Button Next	1645099480294	1645099480499	OK	 
REQUEST		Select Order With Max Value	1645099480319	1645099480543	OK	 
REQUEST		Click Button Next	1645099480545	1645099480746	OK	 
REQUEST		Proceed To Next Step	1645099480863	1645099481067	OK	 
REQUEST		Proceed To Next Step	1645099481060	1645099481266	OK	 
REQUEST		Click Button Next	1645099481074	1645099481283	OK	 
REQUEST		Click Button Next	1645099481281	1645099481481	OK	 
REQUEST		Get Spec	1645099481296	1645099481498	OK	 
REQUEST		Proceed To Next Step	1645099481301	1645099481505	OK	 
REQUEST		Get Spec	1645099481481	1645099481683	OK	 
REQUEST		Click Button Next	1645099481509	1645099481717	OK	 
REQUEST		Get Spec	1645099481718	1645099481937	OK	 
REQUEST		Proceed To Next Step	1645099481812	1645099482026	OK	 
REQUEST		Click Button Next	1645099482030	1645099482243	OK	 
REQUEST		Get Spec	1645099482244	1645099482453	OK	 
REQUEST		Proceed To Next Step	1645099482235	1645099482453	OK	 
REQUEST		Click Button Next	1645099482459	1645099482664	OK	 
REQUEST		Get Spec	1645099482665	1645099482864	OK	 
REQUEST		Get One Time Token	1645099483407	1645099483628	OK	 
REQUEST		Get One Time Token	1645099483425	1645099483630	OK	 
REQUEST		Get One Time Token	1645099483449	1645099483651	OK	 
REQUEST		Post One Time Token	1645099483632	1645099483835	OK	 
REQUEST		Post One Time Token	1645099483632	1645099483835	OK	 
REQUEST		Post One Time Token	1645099483653	1645099483863	OK	 
REQUEST		Get One Time Token	1645099483758	1645099483970	OK	 
REQUEST		Post One Time Token	1645099483972	1645099484178	OK	 
REQUEST		Get One Time Token	1645099484716	1645099484942	OK	 
REQUEST		Post One Time Token	1645099484945	1645099485149	OK	 
REQUEST		Get Done	1645099485061	1645099485262	OK	 
REQUEST		Get Done	1645099485232	1645099485440	OK	 
REQUEST		Click Start Again	1645099485264	1645099485469	OK	 
USER	HomeTask	END	1645099485472
USER	HomeTask	START	1645099485472
REQUEST		Get Done	1645099485316	1645099485539	OK	 
REQUEST		Click Start Again	1645099485441	1645099485647	OK	 
USER	HomeTask	END	1645099485649
USER	HomeTask	START	1645099485650
REQUEST		Click Start Again	1645099485540	1645099485747	OK	 
USER	HomeTask	END	1645099485748
USER	HomeTask	START	1645099485748
REQUEST		Get Done	1645099485895	1645099486105	OK	 
REQUEST		Open Homepage	1645099485472	1645099486292	OK	 
REQUEST		Click Start Again	1645099486106	1645099486311	OK	 
USER	HomeTask	END	1645099486314
USER	HomeTask	START	1645099486315
REQUEST		Open Homepage	1645099485650	1645099486463	OK	 
REQUEST		Get Done	1645099486340	1645099486540	OK	 
REQUEST		Open Homepage	1645099485749	1645099486562	OK	 
REQUEST		Click Start Again	1645099486541	1645099486741	OK	 
USER	HomeTask	END	1645099486743
USER	HomeTask	START	1645099486745
REQUEST		Open Homepage	1645099486315	1645099487150	OK	 
REQUEST		Open Homepage	1645099486745	1645099487553	OK	 
REQUEST		Click Button Start	1645099487454	1645099487658	OK	 
REQUEST		Click Button Start	1645099487750	1645099487956	OK	 
REQUEST		Click Button Start	1645099488395	1645099488612	OK	 
REQUEST		Click Button Start	1645099488868	1645099489079	OK	 
REQUEST		Select Age	1645099489087	1645099489305	KO	regex(<h2>(.+?)</h2>).find.is(Step 2), but actually found nothing
REQUEST		Click Button Start	1645099489106	1645099489309	OK	 
REQUEST		Click Button Next	1645099489308	1645099489523	OK	 
REQUEST		Select Age	1645099489481	1645099489690	KO	regex(<h2>(.+?)</h2>).find.is(Step 2), but actually found nothing
REQUEST		Click Button Next	1645099489695	1645099489899	OK	 
REQUEST		Select Age	1645099490481	1645099490697	KO	regex(<h2>(.+?)</h2>).find.is(Step 2), but actually found nothing
REQUEST		Click Button Next	1645099490700	1645099490904	OK	 
REQUEST		Select Age	1645099490736	1645099490942	KO	regex(<h2>(.+?)</h2>).find.is(Step 2), but actually found nothing
REQUEST		Click Button Next	1645099490945	1645099491150	OK	 
REQUEST		Select Age	1645099491036	1645099491241	KO	regex(<h2>(.+?)</h2>).find.is(Step 2), but actually found nothing
REQUEST		Click Button Next	1645099491243	1645099491450	OK	 
REQUEST		Select Order With Max Value	1645099491484	1645099491693	OK	 
REQUEST		Select Order With Max Value	1645099491510	1645099491718	OK	 
REQUEST		Click Button Next	1645099491697	1645099491897	OK	 
REQUEST		Click Button Next	1645099491722	1645099491947	OK	 
REQUEST		Select Order With Max Value	1645099492631	1645099492862	OK	 
REQUEST		Select Order With Max Value	1645099492759	1645099492971	OK	 
REQUEST		Click Button Next	1645099492866	1645099493087	OK	 
REQUEST		Click Button Next	1645099492974	1645099493180	OK	 
REQUEST		Select Order With Max Value	1645099493016	1645099493223	OK	 
REQUEST		Click Button Next	1645099493227	1645099493428	OK	 
REQUEST		Proceed To Next Step	1645099493255	1645099493461	OK	 
REQUEST		Click Button Next	1645099493468	1645099493676	OK	 
REQUEST		Proceed To Next Step	1645099493484	1645099493699	OK	 
REQUEST		Get Spec	1645099493677	1645099493886	OK	 
REQUEST		Click Button Next	1645099493707	1645099493913	OK	 
REQUEST		Get Spec	1645099493913	1645099494115	OK	 
REQUEST		Proceed To Next Step	1645099494260	1645099494466	OK	 
REQUEST		Proceed To Next Step	1645099494263	1645099494466	OK	 
REQUEST		Click Button Next	1645099494472	1645099494673	OK	 
REQUEST		Click Button Next	1645099494472	1645099494673	OK	 
REQUEST		Get Spec	1645099494674	1645099495032	OK	 
REQUEST		Get Spec	1645099494674	1645099495032	OK	 
REQUEST		Proceed To Next Step	1645099494680	1645099495032	OK	 
REQUEST		Click Button Next	1645099495038	1645099495254	OK	 
REQUEST		Get One Time Token	1645099495078	1645099495282	OK	 
REQUEST		Get One Time Token	1645099495229	1645099495441	OK	 
REQUEST		Get Spec	1645099495255	1645099495459	OK	 
REQUEST		Post One Time Token	1645099495284	1645099495484	OK	 
REQUEST		Post One Time Token	1645099495445	1645099495647	OK	 
REQUEST		Get One Time Token	1645099496115	1645099496330	OK	 
REQUEST		Get One Time Token	1645099496222	1645099496468	OK	 
REQUEST		Post One Time Token	1645099496332	1645099496540	OK	 
REQUEST		Post One Time Token	1645099496471	1645099496676	OK	 
REQUEST		Get Done	1645099496703	1645099496906	OK	 
REQUEST		Get Done	1645099496833	1645099497060	OK	 
REQUEST		Click Start Again	1645099496907	1645099497115	OK	 
USER	HomeTask	END	1645099497118
USER	HomeTask	START	1645099497119
REQUEST		Click Start Again	1645099497062	1645099497276	OK	 
USER	HomeTask	END	1645099497278
USER	HomeTask	START	1645099497279
REQUEST		Get One Time Token	1645099497324	1645099497528	OK	 
REQUEST		Post One Time Token	1645099497529	1645099497731	OK	 
REQUEST		Open Homepage	1645099497120	1645099497926	OK	 
REQUEST		Get Done	1645099497818	1645099498021	OK	 
REQUEST		Open Homepage	1645099497279	1645099498097	OK	 
REQUEST		Click Start Again	1645099498023	1645099498235	OK	 
USER	HomeTask	END	1645099498237
USER	HomeTask	START	1645099498238
REQUEST		Get Done	1645099498631	1645099498855	OK	 
REQUEST		Click Start Again	1645099498856	1645099499058	OK	 
REQUEST		Open Homepage	1645099498238	1645099499059	OK	 
USER	HomeTask	END	1645099499061
USER	HomeTask	START	1645099499064
REQUEST		Get Done	1645099498993	1645099499214	OK	 
REQUEST		Click Button Start	1645099499169	1645099499370	OK	 
REQUEST		Click Start Again	1645099499215	1645099499421	OK	 
USER	HomeTask	END	1645099499423
USER	HomeTask	START	1645099499423
REQUEST		Click Button Start	1645099499598	1645099499807	OK	 
REQUEST		Open Homepage	1645099499064	1645099499886	OK	 
REQUEST		Open Homepage	1645099499424	1645099500253	OK	 
REQUEST		Click Button Start	1645099500414	1645099500623	OK	 
REQUEST		Select Age	1645099500682	1645099500888	KO	regex(<h2>(.+?)</h2>).find.is(Step 2), but actually found nothing
REQUEST		Click Button Next	1645099500891	1645099501089	OK	 
REQUEST		Select Age	1645099500950	1645099501160	KO	regex(<h2>(.+?)</h2>).find.is(Step 2), but actually found nothing
REQUEST		Click Button Next	1645099501163	1645099501366	OK	 
REQUEST		Click Button Start	1645099501494	1645099501697	OK	 
REQUEST		Click Button Start	1645099501864	1645099502071	OK	 
REQUEST		Select Age	1645099502396	1645099502614	KO	regex(<h2>(.+?)</h2>).find.is(Step 2), but actually found nothing
REQUEST		Select Order With Max Value	1645099502511	1645099502730	OK	 
REQUEST		Click Button Next	1645099502616	1645099502814	OK	 
REQUEST		Click Button Next	1645099502731	1645099502940	OK	 
REQUEST		Select Age	1645099502764	1645099502975	KO	regex(<h2>(.+?)</h2>).find.is(Step 2), but actually found nothing
REQUEST		Select Order With Max Value	1645099502901	1645099503120	OK	 
REQUEST		Click Button Next	1645099502980	1645099503182	OK	 
REQUEST		Click Button Next	1645099503122	1645099503324	OK	 
REQUEST		Select Age	1645099503936	1645099504321	KO	regex(<h2>(.+?)</h2>).find.is(Step 2), but actually found nothing
REQUEST		Click Button Next	1645099504326	1645099504532	OK	 
REQUEST		Select Order With Max Value	1645099504601	1645099504822	OK	 
REQUEST		Proceed To Next Step	1645099504635	1645099504845	OK	 
REQUEST		Click Button Next	1645099504827	1645099505033	OK	 
REQUEST		Click Button Next	1645099504848	1645099505066	OK	 
REQUEST		Proceed To Next Step	1645099504868	1645099505076	OK	 
REQUEST		Select Order With Max Value	1645099504879	1645099505085	OK	 
REQUEST		Click Button Next	1645099505079	1645099505282	OK	 
REQUEST		Get Spec	1645099505067	1645099505282	OK	 
REQUEST		Click Button Next	1645099505086	1645099505287	OK	 
REQUEST		Get Spec	1645099505282	1645099505487	OK	 
REQUEST		Select Order With Max Value	1645099505815	1645099506040	OK	 
REQUEST		Click Button Next	1645099506043	1645099506246	OK	 
REQUEST		Proceed To Next Step	1645099506353	1645099506555	OK	 
REQUEST		Get One Time Token	1645099506418	1645099506623	OK	 
REQUEST		Click Button Next	1645099506560	1645099506762	OK	 
REQUEST		Post One Time Token	1645099506624	1645099506835	OK	 
REQUEST		Get Spec	1645099506764	1645099506963	OK	 
REQUEST		Get One Time Token	1645099507021	1645099507236	OK	 
REQUEST		Proceed To Next Step	1645099507038	1645099507256	OK	 
REQUEST		Post One Time Token	1645099507237	1645099507436	OK	 
REQUEST		Click Button Next	1645099507260	1645099507479	OK	 
REQUEST		Get Spec	1645099507480	1645099507677	OK	 
REQUEST		Get One Time Token	1645099508045	1645099508433	OK	 
REQUEST		Post One Time Token	1645099508436	1645099508643	OK	 
REQUEST		Proceed To Next Step	1645099507969	1645099508851	OK	 
REQUEST		Get Done	1645099508672	1645099508882	OK	 
REQUEST		Get Done	1645099508681	1645099508882	OK	 
REQUEST		Click Button Next	1645099508856	1645099509059	OK	 
REQUEST		Click Start Again	1645099508883	1645099509087	OK	 
USER	HomeTask	END	1645099509087
USER	HomeTask	START	1645099509088
REQUEST		Click Start Again	1645099508883	1645099509090	OK	 
USER	HomeTask	END	1645099509090
USER	HomeTask	START	1645099509090
REQUEST		Get Spec	1645099509059	1645099509264	OK	 
REQUEST		Get One Time Token	1645099509541	1645099509748	OK	 
REQUEST		Open Homepage	1645099509090	1645099509917	OK	 
REQUEST		Open Homepage	1645099509088	1645099509917	OK	 
REQUEST		Post One Time Token	1645099509750	1645099509967	OK	 
REQUEST		Get Done	1645099509915	1645099510143	OK	 
REQUEST		Click Start Again	1645099510144	1645099510494	OK	 
USER	HomeTask	END	1645099510497
USER	HomeTask	START	1645099510498
REQUEST		Get One Time Token	1645099510934	1645099511141	OK	 
REQUEST		Open Homepage	1645099510498	1645099511322	OK	 
REQUEST		Post One Time Token	1645099511143	1645099511344	OK	 
REQUEST		Click Button Start	1645099511140	1645099511344	OK	 
REQUEST		Click Button Start	1645099511203	1645099511411	OK	 
REQUEST		Get Done	1645099511789	1645099512232	OK	 
REQUEST		Click Start Again	1645099512233	1645099512435	OK	 
USER	HomeTask	END	1645099512438
USER	HomeTask	START	1645099512439
REQUEST		Select Age	1645099512480	1645099512694	KO	regex(<h2>(.+?)</h2>).find.is(Step 2), but actually found nothing
REQUEST		Select Age	1645099512508	1645099512715	KO	regex(<h2>(.+?)</h2>).find.is(Step 2), but actually found nothing
REQUEST		Click Button Next	1645099512697	1645099512911	OK	 
REQUEST		Click Button Next	1645099512717	1645099512925	OK	 
REQUEST		Open Homepage	1645099512440	1645099513234	OK	 
REQUEST		Get Done	1645099513125	1645099513335	OK	 
REQUEST		Click Button Start	1645099513222	1645099513427	OK	 
REQUEST		Click Start Again	1645099513336	1645099513538	OK	 
USER	HomeTask	END	1645099513542
USER	HomeTask	START	1645099513543
REQUEST		Open Homepage	1645099513544	1645099514361	OK	 
REQUEST		Select Order With Max Value	1645099514590	1645099514802	OK	 
REQUEST		Select Order With Max Value	1645099514607	1645099514815	OK	 
REQUEST		Select Age	1645099514683	1645099514912	KO	regex(<h2>(.+?)</h2>).find.is(Step 2), but actually found nothing
REQUEST		Click Button Next	1645099514805	1645099515012	OK	 
REQUEST		Click Button Next	1645099514817	1645099515015	OK	 
REQUEST		Click Button Next	1645099514913	1645099515125	OK	 
REQUEST		Click Button Start	1645099515174	1645099515379	OK	 
REQUEST		Proceed To Next Step	1645099516074	1645099516299	OK	 
REQUEST		Select Order With Max Value	1645099516166	1645099516378	OK	 
REQUEST		Click Button Next	1645099516305	1645099516506	OK	 
REQUEST		Click Button Start	1645099516314	1645099516530	OK	 
REQUEST		Click Button Next	1645099516382	1645099516587	OK	 
REQUEST		Get Spec	1645099516508	1645099516708	OK	 
REQUEST		Proceed To Next Step	1645099516630	1645099516832	OK	 
REQUEST		Click Button Next	1645099516835	1645099517040	OK	 
REQUEST		Select Age	1645099516991	1645099517198	KO	regex(<h2>(.+?)</h2>).find.is(Step 2), but actually found nothing
REQUEST		Get Spec	1645099517041	1645099517239	OK	 
REQUEST		Click Button Next	1645099517202	1645099517410	OK	 
REQUEST		Proceed To Next Step	1645099517658	1645099517883	OK	 
REQUEST		Click Button Next	1645099517886	1645099518093	OK	 
REQUEST		Get Spec	1645099518094	1645099518310	OK	 
REQUEST		Select Age	1645099518091	1645099518316	KO	regex(<h2>(.+?)</h2>).find.is(Step 2), but actually found nothing
REQUEST		Click Button Next	1645099518318	1645099518527	OK	 
REQUEST		Select Order With Max Value	1645099518434	1645099518643	OK	 
REQUEST		Click Button Next	1645099518645	1645099518850	OK	 
REQUEST		Get One Time Token	1645099518657	1645099518861	OK	 
REQUEST		Post One Time Token	1645099518863	1645099519077	OK	 
REQUEST		Get One Time Token	1645099519238	1645099519670	OK	 
REQUEST		Post One Time Token	1645099519673	1645099519886	OK	 
REQUEST		Get One Time Token	1645099520288	1645099520507	OK	 
REQUEST		Select Order With Max Value	1645099520397	1645099520609	OK	 
REQUEST		Post One Time Token	1645099520509	1645099520731	OK	 
REQUEST		Proceed To Next Step	1645099520571	1645099520778	OK	 
REQUEST		Click Button Next	1645099520611	1645099520810	OK	 
REQUEST		Click Button Next	1645099520781	1645099521000	OK	 
REQUEST		Get Done	1645099520857	1645099521068	OK	 
REQUEST		Get Spec	1645099521001	1645099521222	OK	 
REQUEST		Click Start Again	1645099521070	1645099521308	OK	 
USER	HomeTask	END	1645099521310
USER	HomeTask	START	1645099521310
REQUEST		Get Done	1645099521291	1645099521518	OK	 
REQUEST		Click Start Again	1645099521519	1645099521744	OK	 
USER	HomeTask	END	1645099521745
USER	HomeTask	START	1645099521746
REQUEST		Open Homepage	1645099521311	1645099522194	OK	 
REQUEST		Proceed To Next Step	1645099522027	1645099522246	OK	 
REQUEST		Click Button Next	1645099522251	1645099522474	OK	 
REQUEST		Get Done	1645099522333	1645099522562	OK	 
REQUEST		Open Homepage	1645099521746	1645099522592	OK	 
REQUEST		Get Spec	1645099522475	1645099522695	OK	 
REQUEST		Click Start Again	1645099522564	1645099522816	OK	 
USER	HomeTask	END	1645099522817
USER	HomeTask	START	1645099522817
REQUEST		Get One Time Token	1645099522637	1645099522872	OK	 
REQUEST		Post One Time Token	1645099522875	1645099523122	OK	 
REQUEST		Click Button Start	1645099523564	1645099523819	OK	 
REQUEST		Open Homepage	1645099522818	1645099523892	OK	 
REQUEST		Click Button Start	1645099523744	1645099523981	OK	 
REQUEST		Get Done	1645099524487	1645099524731	OK	 
REQUEST		Get One Time Token	1645099524678	1645099524925	OK	 
REQUEST		Click Start Again	1645099524733	1645099524974	OK	 
USER	HomeTask	END	1645099524977
USER	HomeTask	START	1645099524977
REQUEST		Click Button Start	1645099524909	1645099525138	OK	 
REQUEST		Post One Time Token	1645099524928	1645099525154	OK	 
REQUEST		Select Age	1645099525379	1645099525623	KO	regex(<h2>(.+?)</h2>).find.is(Step 2), but actually found nothing
REQUEST		Select Age	1645099525496	1645099525726	KO	regex(<h2>(.+?)</h2>).find.is(Step 2), but actually found nothing
REQUEST		Click Button Next	1645099525626	1645099525882	OK	 
REQUEST		Open Homepage	1645099524978	1645099525946	OK	 
REQUEST		Click Button Next	1645099525728	1645099525961	OK	 
REQUEST		Get Done	1645099526980	1645099527192	OK	 
REQUEST		Select Age	1645099527044	1645099527280	KO	regex(<h2>(.+?)</h2>).find.is(Step 2), but actually found nothing
REQUEST		Click Start Again	1645099527192	1645099527397	OK	 
USER	HomeTask	END	1645099527398
USER	HomeTask	START	1645099527399
REQUEST		Select Order With Max Value	1645099527236	1645099527474	OK	 
REQUEST		Click Button Start	1645099527254	1645099527479	OK	 
REQUEST		Click Button Next	1645099527284	1645099527524	OK	 
REQUEST		Click Button Next	1645099527475	1645099527713	OK	 
REQUEST		Select Order With Max Value	1645099527591	1645099527808	OK	 
REQUEST		Click Button Next	1645099527811	1645099528011	OK	 
REQUEST		Open Homepage	1645099527399	1645099528236	OK	 
REQUEST		Select Age	1645099528656	1645099529024	KO	regex(<h2>(.+?)</h2>).find.is(Step 2), but actually found nothing
REQUEST		Click Button Next	1645099529025	1645099529278	OK	 
REQUEST		Select Order With Max Value	1645099529194	1645099529452	OK	 
REQUEST		Click Button Start	1645099529270	1645099529485	OK	 
REQUEST		Proceed To Next Step	1645099529315	1645099529561	OK	 
REQUEST		Click Button Next	1645099529457	1645099529705	OK	 
REQUEST		Proceed To Next Step	1645099529572	1645099529784	OK	 
REQUEST		Click Button Next	1645099529565	1645099529811	OK	 
REQUEST		Click Button Next	1645099529786	1645099530023	OK	 
REQUEST		Get Spec	1645099529811	1645099530081	OK	 
REQUEST		Get Spec	1645099530024	1645099530255	OK	 
REQUEST		Select Order With Max Value	1645099530774	1645099531037	OK	 
REQUEST		Proceed To Next Step	1645099531012	1645099531265	OK	 
REQUEST		Click Button Next	1645099531040	1645099531280	OK	 
REQUEST		Select Age	1645099531149	1645099531368	KO	regex(<h2>(.+?)</h2>).find.is(Step 2), but actually found nothing
REQUEST		Click Button Next	1645099531268	1645099531504	OK	 
REQUEST		Click Button Next	1645099531370	1645099531571	OK	 
REQUEST		Get Spec	1645099531505	1645099531757	OK	 
REQUEST		Get One Time Token	1645099531908	1645099532187	OK	 
REQUEST		Post One Time Token	1645099532190	1645099532539	OK	 
REQUEST		Get One Time Token	1645099532169	1645099532539	OK	 
REQUEST		Post One Time Token	1645099532542	1645099532744	OK	 
REQUEST		Proceed To Next Step	1645099532875	1645099533199	OK	 
REQUEST		Click Button Next	1645099533205	1645099533418	OK	 
REQUEST		Select Order With Max Value	1645099533316	1645099533521	OK	 
REQUEST		Get Spec	1645099533419	1645099533625	OK	 
REQUEST		Click Button Next	1645099533524	1645099533722	OK	 
REQUEST		Get One Time Token	1645099533657	1645099533887	OK	 
REQUEST		Post One Time Token	1645099533887	1645099534107	OK	 
REQUEST		Get Done	1645099534061	1645099534273	OK	 
REQUEST		Get Done	1645099534177	1645099534378	OK	 
REQUEST		Click Start Again	1645099534275	1645099534483	OK	 
USER	HomeTask	END	1645099534487
REQUEST		Click Start Again	1645099534379	1645099534579	OK	 
USER	HomeTask	END	1645099534580
REQUEST		Proceed To Next Step	1645099535362	1645099535587	OK	 
REQUEST		Click Button Next	1645099535592	1645099535786	OK	 
REQUEST		Get One Time Token	1645099535580	1645099535804	OK	 
REQUEST		Get Spec	1645099535787	1645099535992	OK	 
REQUEST		Get Done	1645099535798	1645099535994	OK	 
REQUEST		Post One Time Token	1645099535805	1645099536007	OK	 
REQUEST		Click Start Again	1645099535996	1645099536209	OK	 
USER	HomeTask	END	1645099536210
REQUEST		Get Done	1645099537969	1645099538177	OK	 
REQUEST		Get One Time Token	1645099537987	1645099538193	OK	 
REQUEST		Post One Time Token	1645099538195	1645099538390	OK	 
REQUEST		Click Start Again	1645099538179	1645099538390	OK	 
USER	HomeTask	END	1645099538392
REQUEST		Get Done	1645099540197	1645099540408	OK	 
REQUEST		Click Start Again	1645099540409	1645099540613	OK	 
USER	HomeTask	END	1645099540614
