ASSERTION	AAEDAAECAwAAAAAAAECPQA==
ASSERTION	AAEDAAEFAAAAAAAAwFdAAwAAAAAAACCMQA==
ASSERTION	AAECAAIEAAAAAAAAgFZA
RUN	demoIvanka.HomeTask	hometask	1645132981589	 	3.6.1
USER	HomeTask	START	1645132982204
REQUEST		Open Homepage	1645132982215	1645132983117	OK	 
REQUEST		Click Button Start	1645132985087	1645132985296	OK	 
REQUEST		Select Age	1645132986550	1645132986847	OK	 
REQUEST		Click Button Next	1645132986854	1645132987154	OK	 
REQUEST		Select Order With Max Value	1645132988820	1645132989107	OK	 
REQUEST		Click Button Next	1645132989114	1645132989321	OK	 
REQUEST		Proceed To Next Step	1645132991165	1645132991471	OK	 
REQUEST		Click Button Next	1645132991481	1645132991782	OK	 
REQUEST		Get Spec	1645132991788	1645132991995	OK	 
REQUEST		Get One Time Token	1645132993714	1645132994105	OK	 
USER	HomeTask	START	1645132994200
REQUEST		Post One Time Token	1645132994109	1645132994331	OK	 
REQUEST		Open Homepage	1645132994202	1645132995052	OK	 
REQUEST		Get Done	1645132995757	1645132995971	OK	 
REQUEST		Click Start Again	1645132995974	1645132996182	OK	 
REQUEST		Open Homepage	1645132996185	1645132996401	OK	 
REQUEST		Click Button Start	1645132996350	1645132996561	OK	 
REQUEST		Click Button Start	1645132997889	1645132998112	OK	 
REQUEST		Select Age	1645132998055	1645132998274	OK	 
REQUEST		Click Button Next	1645132998281	1645132998482	OK	 
REQUEST		Select Age	1645132999523	1645132999742	OK	 
REQUEST		Select Order With Max Value	1645132999530	1645132999742	OK	 
REQUEST		Click Button Next	1645132999746	1645132999952	OK	 
REQUEST		Click Button Next	1645132999746	1645132999955	OK	 
REQUEST		Select Order With Max Value	1645133001272	1645133001583	OK	 
REQUEST		Click Button Next	1645133001588	1645133001803	OK	 
REQUEST		Proceed To Next Step	1645133001924	1645133002198	OK	 
REQUEST		Click Button Next	1645133002209	1645133002420	OK	 
REQUEST		Get Spec	1645133002422	1645133002621	OK	 
REQUEST		Proceed To Next Step	1645133002994	1645133003322	OK	 
REQUEST		Click Button Next	1645133003331	1645133003534	OK	 
REQUEST		Get Spec	1645133003537	1645133003750	OK	 
REQUEST		Get One Time Token	1645133003631	1645133003836	OK	 
REQUEST		Post One Time Token	1645133003840	1645133004043	OK	 
REQUEST		Get One Time Token	1645133005094	1645133005312	OK	 
REQUEST		Get Done	1645133005166	1645133005368	OK	 
REQUEST		Post One Time Token	1645133005315	1645133005523	OK	 
REQUEST		Click Start Again	1645133005369	1645133005570	OK	 
REQUEST		Open Homepage	1645133005572	1645133005891	OK	 
USER	HomeTask	START	1645133006198
REQUEST		Open Homepage	1645133006200	1645133007046	OK	 
REQUEST		Get Done	1645133007351	1645133007701	OK	 
REQUEST		Click Button Start	1645133007620	1645133007822	OK	 
REQUEST		Click Start Again	1645133007704	1645133007921	OK	 
REQUEST		Open Homepage	1645133007923	1645133008132	OK	 
REQUEST		Click Button Start	1645133008387	1645133008600	OK	 
REQUEST		Select Age	1645133009156	1645133009378	OK	 
REQUEST		Click Button Next	1645133009380	1645133009580	OK	 
REQUEST		Click Button Start	1645133009947	1645133010166	OK	 
REQUEST		Select Age	1645133010020	1645133010242	OK	 
REQUEST		Click Button Next	1645133010243	1645133010578	OK	 
REQUEST		Select Order With Max Value	1645133011023	1645133011243	OK	 
REQUEST		Click Button Next	1645133011247	1645133011452	OK	 
REQUEST		Select Age	1645133011609	1645133012030	OK	 
REQUEST		Click Button Next	1645133012035	1645133012252	OK	 
REQUEST		Select Order With Max Value	1645133012043	1645133012275	OK	 
REQUEST		Click Button Next	1645133012278	1645133012533	OK	 
REQUEST		Proceed To Next Step	1645133012507	1645133012733	OK	 
REQUEST		Click Button Next	1645133012740	1645133012958	OK	 
REQUEST		Get Spec	1645133012959	1645133013182	OK	 
REQUEST		Select Order With Max Value	1645133013668	1645133013892	OK	 
REQUEST		Click Button Next	1645133013896	1645133014182	OK	 
REQUEST		Proceed To Next Step	1645133014317	1645133014538	OK	 
REQUEST		Get One Time Token	1645133014400	1645133014613	OK	 
REQUEST		Click Button Next	1645133014547	1645133014772	OK	 
REQUEST		Post One Time Token	1645133014614	1645133014830	OK	 
REQUEST		Get Spec	1645133014773	1645133014979	OK	 
REQUEST		Get One Time Token	1645133015998	1645133016219	OK	 
REQUEST		Proceed To Next Step	1645133016181	1645133016408	OK	 
REQUEST		Post One Time Token	1645133016222	1645133016429	OK	 
REQUEST		Click Button Next	1645133016412	1645133016614	OK	 
REQUEST		Get Spec	1645133016615	1645133016821	OK	 
REQUEST		Get Done	1645133016710	1645133016913	OK	 
REQUEST		Click Start Again	1645133016916	1645133017121	OK	 
REQUEST		Open Homepage	1645133017124	1645133017325	OK	 
REQUEST		Get Done	1645133017525	1645133017732	OK	 
REQUEST		Click Start Again	1645133017734	1645133017940	OK	 
REQUEST		Open Homepage	1645133017942	1645133018158	OK	 
REQUEST		Get One Time Token	1645133018035	1645133018253	OK	 
USER	HomeTask	START	1645133018198
REQUEST		Post One Time Token	1645133018255	1645133018467	OK	 
REQUEST		Click Button Start	1645133018518	1645133018722	OK	 
REQUEST		Open Homepage	1645133018198	1645133019129	OK	 
REQUEST		Click Button Start	1645133019620	1645133019843	OK	 
REQUEST		Select Age	1645133019967	1645133020177	OK	 
REQUEST		Get Done	1645133020101	1645133020319	OK	 
REQUEST		Click Button Next	1645133020179	1645133020380	OK	 
REQUEST		Click Start Again	1645133020320	1645133020531	OK	 
REQUEST		Open Homepage	1645133020532	1645133020745	OK	 
REQUEST		Click Button Start	1645133020981	1645133021186	OK	 
REQUEST		Select Order With Max Value	1645133021538	1645133021750	OK	 
REQUEST		Select Age	1645133021617	1645133021825	OK	 
REQUEST		Click Button Next	1645133021755	1645133021960	OK	 
REQUEST		Click Button Next	1645133021827	1645133022048	OK	 
REQUEST		Select Age	1645133022564	1645133022807	OK	 
REQUEST		Click Button Start	1645133022673	1645133022892	OK	 
REQUEST		Click Button Next	1645133022809	1645133023039	OK	 
REQUEST		Select Order With Max Value	1645133023131	1645133023352	OK	 
REQUEST		Click Button Next	1645133023355	1645133023558	OK	 
REQUEST		Proceed To Next Step	1645133023930	1645133024140	OK	 
REQUEST		Select Age	1645133024063	1645133024281	OK	 
REQUEST		Click Button Next	1645133024146	1645133024349	OK	 
REQUEST		Click Button Next	1645133024283	1645133024488	OK	 
REQUEST		Get Spec	1645133024350	1645133024558	OK	 
REQUEST		Select Order With Max Value	1645133024529	1645133024750	OK	 
REQUEST		Click Button Next	1645133024756	1645133024970	OK	 
REQUEST		Proceed To Next Step	1645133025550	1645133025780	OK	 
REQUEST		Get One Time Token	1645133025590	1645133025816	OK	 
REQUEST		Click Button Next	1645133025785	1645133025988	OK	 
REQUEST		Post One Time Token	1645133025817	1645133026013	OK	 
REQUEST		Get Spec	1645133025989	1645133026199	OK	 
REQUEST		Select Order With Max Value	1645133026175	1645133026387	OK	 
REQUEST		Click Button Next	1645133026392	1645133026606	OK	 
REQUEST		Proceed To Next Step	1645133026408	1645133026613	OK	 
REQUEST		Click Button Next	1645133026617	1645133026916	OK	 
REQUEST		Get Spec	1645133026916	1645133027224	OK	 
REQUEST		Get One Time Token	1645133027531	1645133027756	OK	 
REQUEST		Get Done	1645133027700	1645133027914	OK	 
REQUEST		Post One Time Token	1645133027758	1645133027974	OK	 
REQUEST		Click Start Again	1645133027917	1645133028127	OK	 
REQUEST		Open Homepage	1645133028128	1645133028328	OK	 
REQUEST		Get One Time Token	1645133028354	1645133028566	OK	 
REQUEST		Proceed To Next Step	1645133028452	1645133028662	OK	 
REQUEST		Post One Time Token	1645133028568	1645133028768	OK	 
REQUEST		Click Button Next	1645133028667	1645133028878	OK	 
REQUEST		Get Spec	1645133028879	1645133029095	OK	 
REQUEST		Get Done	1645133029567	1645133029843	OK	 
REQUEST		Click Start Again	1645133029844	1645133030151	OK	 
USER	HomeTask	START	1645133030199
REQUEST		Click Button Start	1645133030140	1645133030351	OK	 
REQUEST		Open Homepage	1645133030152	1645133030361	OK	 
REQUEST		Get Done	1645133030203	1645133030416	OK	 
REQUEST		Click Start Again	1645133030417	1645133030633	OK	 
REQUEST		Get One Time Token	1645133030510	1645133030723	OK	 
REQUEST		Open Homepage	1645133030634	1645133030848	OK	 
REQUEST		Post One Time Token	1645133030725	1645133030950	OK	 
REQUEST		Open Homepage	1645133030200	1645133031029	OK	 
REQUEST		Click Button Start	1645133031618	1645133031892	OK	 
REQUEST		Click Button Start	1645133032302	1645133032509	OK	 
REQUEST		Select Age	1645133032296	1645133032510	OK	 
REQUEST		Click Button Next	1645133032512	1645133032715	OK	 
REQUEST		Get Done	1645133032506	1645133032716	OK	 
REQUEST		Click Start Again	1645133032718	1645133032929	OK	 
REQUEST		Click Button Start	1645133032894	1645133033112	OK	 
REQUEST		Open Homepage	1645133032930	1645133033158	OK	 
REQUEST		Select Age	1645133033355	1645133033635	OK	 
REQUEST		Click Button Next	1645133033639	1645133033842	OK	 
REQUEST		Select Age	1645133034165	1645133034391	OK	 
REQUEST		Click Button Start	1645133034307	1645133034525	OK	 
REQUEST		Select Age	1645133034327	1645133034543	OK	 
REQUEST		Click Button Next	1645133034393	1645133034604	OK	 
REQUEST		Click Button Next	1645133034546	1645133034760	OK	 
REQUEST		Select Order With Max Value	1645133034628	1645133034848	OK	 
REQUEST		Click Button Next	1645133034851	1645133035056	OK	 
REQUEST		Select Order With Max Value	1645133035249	1645133035580	OK	 
REQUEST		Click Button Next	1645133035585	1645133035796	OK	 
REQUEST		Select Order With Max Value	1645133035996	1645133036215	OK	 
REQUEST		Select Age	1645133036053	1645133036265	OK	 
REQUEST		Click Button Next	1645133036221	1645133036426	OK	 
REQUEST		Click Button Next	1645133036267	1645133036470	OK	 
REQUEST		Proceed To Next Step	1645133036326	1645133036538	OK	 
REQUEST		Select Order With Max Value	1645133036393	1645133036598	OK	 
REQUEST		Click Button Next	1645133036541	1645133036752	OK	 
REQUEST		Click Button Next	1645133036600	1645133036801	OK	 
REQUEST		Get Spec	1645133036754	1645133036962	OK	 
REQUEST		Proceed To Next Step	1645133037707	1645133037952	OK	 
REQUEST		Proceed To Next Step	1645133037823	1645133038032	OK	 
REQUEST		Click Button Next	1645133037958	1645133038174	OK	 
REQUEST		Click Button Next	1645133038035	1645133038249	OK	 
REQUEST		Get Spec	1645133038175	1645133038387	OK	 
REQUEST		Get Spec	1645133038251	1645133038461	OK	 
REQUEST		Proceed To Next Step	1645133038279	1645133038498	OK	 
REQUEST		Select Order With Max Value	1645133038433	1645133038655	OK	 
REQUEST		Click Button Next	1645133038502	1645133038700	OK	 
REQUEST		Click Button Next	1645133038657	1645133038858	OK	 
REQUEST		Get Spec	1645133038701	1645133038901	OK	 
REQUEST		Get One Time Token	1645133038746	1645133038947	OK	 
REQUEST		Post One Time Token	1645133038950	1645133039162	OK	 
REQUEST		Get One Time Token	1645133039683	1645133039900	OK	 
REQUEST		Post One Time Token	1645133039902	1645133040266	OK	 
REQUEST		Get Done	1645133040253	1645133040461	OK	 
REQUEST		Get One Time Token	1645133040408	1645133040616	OK	 
REQUEST		Get One Time Token	1645133040456	1645133040663	OK	 
REQUEST		Click Start Again	1645133040462	1645133040664	OK	 
REQUEST		Proceed To Next Step	1645133040579	1645133040798	OK	 
REQUEST		Post One Time Token	1645133040619	1645133040841	OK	 
REQUEST		Post One Time Token	1645133040665	1645133040865	OK	 
REQUEST		Open Homepage	1645133040666	1645133040868	OK	 
REQUEST		Click Button Next	1645133040804	1645133041019	OK	 
REQUEST		Get Spec	1645133041020	1645133041315	OK	 
REQUEST		Get Done	1645133042082	1645133042328	OK	 
REQUEST		Get Done	1645133042122	1645133042337	OK	 
REQUEST		Click Start Again	1645133042330	1645133042530	OK	 
REQUEST		Click Start Again	1645133042338	1645133042545	OK	 
USER	HomeTask	END	1645133042628
REQUEST		Open Homepage	1645133042546	1645133042748	OK	 
REQUEST		Open Homepage	1645133042532	1645133042748	OK	 
REQUEST		Click Button Start	1645133042644	1645133042851	OK	 
REQUEST		Get Done	1645133042801	1645133043017	OK	 
REQUEST		Click Start Again	1645133043018	1645133043228	OK	 
REQUEST		Open Homepage	1645133043229	1645133043435	OK	 
REQUEST		Click Button Start	1645133044128	1645133044333	OK	 
REQUEST		Select Age	1645133044109	1645133044333	OK	 
REQUEST		Click Button Next	1645133044336	1645133044547	OK	 
REQUEST		Click Button Start	1645133044491	1645133044708	OK	 
REQUEST		Click Button Start	1645133044969	1645133045186	OK	 
REQUEST		Select Age	1645133045721	1645133046023	OK	 
REQUEST		Select Age	1645133045991	1645133046214	OK	 
REQUEST		Click Button Next	1645133046026	1645133046233	OK	 
REQUEST		Click Button Next	1645133046216	1645133046442	OK	 
REQUEST		Select Order With Max Value	1645133046347	1645133046565	OK	 
REQUEST		Select Age	1645133046383	1645133046600	OK	 
REQUEST		Click Button Next	1645133046567	1645133046782	OK	 
REQUEST		Click Button Next	1645133046601	1645133046806	OK	 
REQUEST		Select Order With Max Value	1645133047673	1645133047895	OK	 
REQUEST		Proceed To Next Step	1645133047878	1645133048078	OK	 
REQUEST		Click Button Next	1645133047897	1645133048107	OK	 
REQUEST		Select Order With Max Value	1645133048043	1645133048260	OK	 
REQUEST		Click Button Next	1645133048084	1645133048283	OK	 
REQUEST		Click Button Next	1645133048262	1645133048465	OK	 
REQUEST		Get Spec	1645133048283	1645133048490	OK	 
REQUEST		Select Order With Max Value	1645133048506	1645133048799	OK	 
REQUEST		Click Button Next	1645133048803	1645133049106	OK	 
REQUEST		Proceed To Next Step	1645133049228	1645133049518	OK	 
REQUEST		Proceed To Next Step	1645133049512	1645133049734	OK	 
REQUEST		Click Button Next	1645133049525	1645133049748	OK	 
REQUEST		Click Button Next	1645133049738	1645133049941	OK	 
REQUEST		Get Spec	1645133049749	1645133049946	OK	 
REQUEST		Get One Time Token	1645133049800	1645133050019	OK	 
REQUEST		Get Spec	1645133049942	1645133050150	OK	 
REQUEST		Post One Time Token	1645133050020	1645133050221	OK	 
REQUEST		Proceed To Next Step	1645133050398	1645133050611	OK	 
REQUEST		Click Button Next	1645133050614	1645133050826	OK	 
REQUEST		Get Spec	1645133050827	1645133051040	OK	 
REQUEST		Get One Time Token	1645133051329	1645133051545	OK	 
REQUEST		Get Done	1645133051351	1645133051555	OK	 
REQUEST		Post One Time Token	1645133051546	1645133051762	OK	 
REQUEST		Click Start Again	1645133051556	1645133051769	OK	 
REQUEST		Get One Time Token	1645133051758	1645133051967	OK	 
REQUEST		Open Homepage	1645133051770	1645133051968	OK	 
REQUEST		Post One Time Token	1645133051969	1645133052187	OK	 
REQUEST		Get One Time Token	1645133052055	1645133052278	OK	 
REQUEST		Post One Time Token	1645133052280	1645133052494	OK	 
REQUEST		Click Button Start	1645133053251	1645133053461	OK	 
REQUEST		Get Done	1645133053313	1645133053533	OK	 
REQUEST		Get Done	1645133053485	1645133053718	OK	 
REQUEST		Click Start Again	1645133053535	1645133053752	OK	 
REQUEST		Click Start Again	1645133053719	1645133053934	OK	 
REQUEST		Open Homepage	1645133053754	1645133053973	OK	 
REQUEST		Get Done	1645133053893	1645133054100	OK	 
REQUEST		Open Homepage	1645133053936	1645133054146	OK	 
REQUEST		Click Start Again	1645133054102	1645133054324	OK	 
REQUEST		Open Homepage	1645133054327	1645133054528	OK	 
USER	HomeTask	END	1645133055279
REQUEST		Click Button Start	1645133055955	1645133056171	OK	 
REQUEST		Click Button Start	1645133056150	1645133056353	OK	 
REQUEST		Click Button Start	1645133056297	1645133056501	OK	 
REQUEST		Select Age	1645133057303	1645133057644	OK	 
REQUEST		Click Button Next	1645133057647	1645133057854	OK	 
REQUEST		Select Age	1645133057700	1645133057920	OK	 
REQUEST		Click Button Next	1645133057922	1645133058124	OK	 
REQUEST		Select Age	1645133058139	1645133058345	OK	 
REQUEST		Click Button Next	1645133058346	1645133058728	OK	 
REQUEST		Select Order With Max Value	1645133059445	1645133059666	OK	 
REQUEST		Select Order With Max Value	1645133059536	1645133059757	OK	 
REQUEST		Click Button Next	1645133059669	1645133059883	OK	 
REQUEST		Click Button Next	1645133059760	1645133059973	OK	 
REQUEST		Select Order With Max Value	1645133060140	1645133060350	OK	 
REQUEST		Click Button Next	1645133060352	1645133060575	OK	 
REQUEST		Proceed To Next Step	1645133060950	1645133061162	OK	 
REQUEST		Proceed To Next Step	1645133061049	1645133061262	OK	 
REQUEST		Click Button Next	1645133061167	1645133061394	OK	 
REQUEST		Click Button Next	1645133061265	1645133061490	OK	 
REQUEST		Get Spec	1645133061395	1645133061604	OK	 
REQUEST		Get Spec	1645133061492	1645133061695	OK	 
REQUEST		Proceed To Next Step	1645133062026	1645133062256	OK	 
REQUEST		Click Button Next	1645133062261	1645133062480	OK	 
REQUEST		Get Spec	1645133062481	1645133062737	OK	 
REQUEST		Get One Time Token	1645133062727	1645133063088	OK	 
REQUEST		Get One Time Token	1645133063007	1645133063230	OK	 
REQUEST		Post One Time Token	1645133063091	1645133063307	OK	 
REQUEST		Post One Time Token	1645133063231	1645133063438	OK	 
REQUEST		Get One Time Token	1645133064107	1645133064323	OK	 
REQUEST		Post One Time Token	1645133064324	1645133064532	OK	 
REQUEST		Get Done	1645133064633	1645133064844	OK	 
REQUEST		Click Start Again	1645133064844	1645133065061	OK	 
REQUEST		Get Done	1645133064927	1645133065145	OK	 
REQUEST		Open Homepage	1645133065062	1645133065281	OK	 
REQUEST		Click Start Again	1645133065147	1645133065367	OK	 
REQUEST		Open Homepage	1645133065368	1645133065760	OK	 
REQUEST		Get Done	1645133065840	1645133066050	OK	 
REQUEST		Click Start Again	1645133066051	1645133066401	OK	 
REQUEST		Open Homepage	1645133066403	1645133066609	OK	 
USER	HomeTask	END	1645133066682
REQUEST		Click Button Start	1645133067121	1645133067505	OK	 
REQUEST		Click Button Start	1645133068367	1645133068585	OK	 
REQUEST		Select Age	1645133069453	1645133069689	OK	 
REQUEST		Click Button Next	1645133069691	1645133069915	OK	 
REQUEST		Select Age	1645133070214	1645133070593	OK	 
REQUEST		Click Button Next	1645133070596	1645133070906	OK	 
REQUEST		Select Order With Max Value	1645133070957	1645133071312	OK	 
REQUEST		Click Button Next	1645133071317	1645133071625	OK	 
REQUEST		Select Order With Max Value	1645133072171	1645133072548	OK	 
REQUEST		Click Button Next	1645133072552	1645133072755	OK	 
REQUEST		Proceed To Next Step	1645133073112	1645133073470	OK	 
REQUEST		Click Button Next	1645133073477	1645133073778	OK	 
REQUEST		Get Spec	1645133073780	1645133073980	OK	 
REQUEST		Proceed To Next Step	1645133074392	1645133074604	OK	 
REQUEST		Click Button Next	1645133074607	1645133074812	OK	 
REQUEST		Get Spec	1645133074814	1645133075023	OK	 
REQUEST		Get One Time Token	1645133075063	1645133075426	OK	 
REQUEST		Post One Time Token	1645133075429	1645133075729	OK	 
REQUEST		Get One Time Token	1645133076606	1645133076822	OK	 
REQUEST		Post One Time Token	1645133076824	1645133077025	OK	 
REQUEST		Get Done	1645133077433	1645133077769	OK	 
REQUEST		Click Start Again	1645133077770	1645133077973	OK	 
REQUEST		Open Homepage	1645133077975	1645133078301	OK	 
USER	HomeTask	END	1645133078305
REQUEST		Get Done	1645133078634	1645133078915	OK	 
REQUEST		Click Start Again	1645133078916	1645133079227	OK	 
REQUEST		Open Homepage	1645133079228	1645133079531	OK	 
REQUEST		Click Button Start	1645133081177	1645133081403	OK	 
REQUEST		Select Age	1645133083229	1645133083544	OK	 
REQUEST		Click Button Next	1645133083545	1645133083746	OK	 
REQUEST		Select Order With Max Value	1645133084828	1645133085188	OK	 
REQUEST		Click Button Next	1645133085193	1645133085418	OK	 
REQUEST		Proceed To Next Step	1645133087199	1645133087551	OK	 
REQUEST		Click Button Next	1645133087556	1645133087858	OK	 
REQUEST		Get Spec	1645133087859	1645133088075	OK	 
REQUEST		Get One Time Token	1645133089131	1645133089356	OK	 
REQUEST		Post One Time Token	1645133089358	1645133089559	OK	 
USER	HomeTask	END	1645133091141
