RUN	demoIvanka.HomeTask	hometask	1645103888277	test	3.6.1
USER	HomeTask	START	1645103888962
REQUEST		Open Homepage	1645103888973	1645103889831	OK	 
REQUEST		Click Button Start	1645103891253	1645103891622	OK	 
REQUEST		Select Age	1645103893474	1645103893695	OK	 
REQUEST		Click Button Next	1645103893705	1645103894012	OK	 
REQUEST		Select Order With Max Value	1645103895076	1645103895399	OK	 
REQUEST		Click Button Next	1645103895416	1645103895631	OK	 
REQUEST		Proceed To Next Step	1645103897366	1645103897624	OK	 
REQUEST		Click Button Next	1645103897640	1645103898026	OK	 
REQUEST		Get Spec	1645103898040	1645103898370	OK	 
REQUEST		Get One Time Token	1645103899649	1645103900008	OK	 
REQUEST		Post One Time Token	1645103900013	1645103900313	OK	 
USER	HomeTask	START	1645103900958
REQUEST		Open Homepage	1645103900960	1645103901952	OK	 
REQUEST		Get Done	1645103902063	1645103902363	OK	 
REQUEST		Click Start Again	1645103902368	1645103902750	OK	 
REQUEST		Open Homepage	1645103902755	1645103903086	OK	 
REQUEST		Click Button Start	1645103903068	1645103903387	OK	 
REQUEST		Select Age	1645103904454	1645103904713	OK	 
REQUEST		Click Button Next	1645103904717	1645103904922	OK	 
REQUEST		Click Button Start	1645103904893	1645103905122	OK	 
REQUEST		Select Order With Max Value	1645103905969	1645103906195	OK	 
REQUEST		Click Button Next	1645103906200	1645103906562	OK	 
REQUEST		Select Age	1645103906783	1645103907012	OK	 
REQUEST		Click Button Next	1645103907017	1645103907220	OK	 
REQUEST		Proceed To Next Step	1645103907634	1645103907869	OK	 
REQUEST		Click Button Next	1645103907880	1645103908191	OK	 
REQUEST		Get Spec	1645103908192	1645103908504	OK	 
REQUEST		Select Order With Max Value	1645103908947	1645103909329	OK	 
REQUEST		Click Button Next	1645103909336	1645103909537	OK	 
REQUEST		Get One Time Token	1645103910347	1645103910659	OK	 
REQUEST		Proceed To Next Step	1645103910607	1645103910839	OK	 
REQUEST		Post One Time Token	1645103910663	1645103910885	OK	 
REQUEST		Click Button Next	1645103910848	1645103911051	OK	 
REQUEST		Get Spec	1645103911055	1645103911263	OK	 
REQUEST		Get Done	1645103912239	1645103912513	OK	 
REQUEST		Click Start Again	1645103912515	1645103912830	OK	 
USER	HomeTask	START	1645103912957
REQUEST		Open Homepage	1645103912832	1645103913055	OK	 
REQUEST		Get One Time Token	1645103912963	1645103913178	OK	 
REQUEST		Post One Time Token	1645103913179	1645103913393	OK	 
REQUEST		Open Homepage	1645103912958	1645103913778	OK	 
REQUEST		Get Done	1645103914724	1645103914946	OK	 
REQUEST		Click Button Start	1645103914845	1645103915069	OK	 
REQUEST		Click Start Again	1645103914948	1645103915166	OK	 
REQUEST		Open Homepage	1645103915167	1645103915492	OK	 
REQUEST		Click Button Start	1645103915644	1645103915981	OK	 
REQUEST		Click Button Start	1645103916736	1645103916959	OK	 
REQUEST		Select Age	1645103917034	1645103917240	OK	 
REQUEST		Click Button Next	1645103917245	1645103917466	OK	 
REQUEST		Select Age	1645103917440	1645103917661	OK	 
REQUEST		Click Button Next	1645103917666	1645103917875	OK	 
REQUEST		Select Age	1645103918922	1645103919260	OK	 
REQUEST		Select Order With Max Value	1645103918914	1645103919260	OK	 
REQUEST		Click Button Next	1645103919263	1645103919466	OK	 
REQUEST		Click Button Next	1645103919263	1645103919473	OK	 
REQUEST		Select Order With Max Value	1645103919460	1645103919878	OK	 
REQUEST		Click Button Next	1645103919884	1645103920089	OK	 
REQUEST		Proceed To Next Step	1645103920877	1645103921115	OK	 
REQUEST		Click Button Next	1645103921123	1645103921327	OK	 
REQUEST		Select Order With Max Value	1645103921180	1645103921390	OK	 
REQUEST		Proceed To Next Step	1645103921157	1645103921389	OK	 
REQUEST		Get Spec	1645103921329	1645103921543	OK	 
REQUEST		Click Button Next	1645103921394	1645103921612	OK	 
REQUEST		Click Button Next	1645103921395	1645103921615	OK	 
REQUEST		Get Spec	1645103921616	1645103921819	OK	 
REQUEST		Proceed To Next Step	1645103923308	1645103923532	OK	 
REQUEST		Get One Time Token	1645103923341	1645103923559	OK	 
REQUEST		Click Button Next	1645103923539	1645103923748	OK	 
REQUEST		Post One Time Token	1645103923561	1645103923777	OK	 
REQUEST		Get One Time Token	1645103923654	1645103923865	OK	 
REQUEST		Get Spec	1645103923749	1645103923961	OK	 
REQUEST		Post One Time Token	1645103923867	1645103924087	OK	 
USER	HomeTask	START	1645103924956
REQUEST		Get Done	1645103925452	1645103925689	OK	 
REQUEST		Get One Time Token	1645103925587	1645103925796	OK	 
REQUEST		Get Done	1645103925632	1645103925858	OK	 
REQUEST		Click Start Again	1645103925691	1645103925927	OK	 
REQUEST		Open Homepage	1645103924958	1645103925929	OK	 
REQUEST		Post One Time Token	1645103925801	1645103926036	OK	 
REQUEST		Click Start Again	1645103925860	1645103926100	OK	 
REQUEST		Open Homepage	1645103925929	1645103926171	OK	 
REQUEST		Open Homepage	1645103926104	1645103926339	OK	 
REQUEST		Click Button Start	1645103927293	1645103927524	OK	 
REQUEST		Click Button Start	1645103927375	1645103927594	OK	 
REQUEST		Get Done	1645103927384	1645103927599	OK	 
REQUEST		Click Button Start	1645103927507	1645103927718	OK	 
REQUEST		Click Start Again	1645103927601	1645103927813	OK	 
REQUEST		Open Homepage	1645103927814	1645103928131	OK	 
REQUEST		Select Age	1645103928658	1645103928987	OK	 
REQUEST		Click Button Next	1645103928990	1645103929253	OK	 
REQUEST		Select Age	1645103929206	1645103929456	OK	 
REQUEST		Click Button Next	1645103929459	1645103929706	OK	 
REQUEST		Select Age	1645103929568	1645103929796	OK	 
REQUEST		Click Button Next	1645103929798	1645103930030	OK	 
REQUEST		Click Button Start	1645103929933	1645103930152	OK	 
REQUEST		Select Order With Max Value	1645103930973	1645103931346	OK	 
REQUEST		Click Button Next	1645103931351	1645103931579	OK	 
REQUEST		Select Order With Max Value	1645103931407	1645103931641	OK	 
REQUEST		Select Order With Max Value	1645103931486	1645103931718	OK	 
REQUEST		Select Age	1645103931549	1645103931791	OK	 
REQUEST		Click Button Next	1645103931646	1645103931885	OK	 
REQUEST		Click Button Next	1645103931724	1645103931960	OK	 
REQUEST		Click Button Next	1645103931794	1645103932039	OK	 
REQUEST		Proceed To Next Step	1645103932753	1645103933083	OK	 
REQUEST		Click Button Next	1645103933088	1645103933387	OK	 
REQUEST		Get Spec	1645103933389	1645103933629	OK	 
REQUEST		Proceed To Next Step	1645103933396	1645103933641	OK	 
REQUEST		Select Order With Max Value	1645103933576	1645103933824	OK	 
REQUEST		Proceed To Next Step	1645103933615	1645103933867	OK	 
REQUEST		Click Button Next	1645103933646	1645103933902	OK	 
REQUEST		Click Button Next	1645103933828	1645103934075	OK	 
REQUEST		Click Button Next	1645103933872	1645103934133	OK	 
REQUEST		Get Spec	1645103933902	1645103934139	OK	 
REQUEST		Get Spec	1645103934134	1645103934416	OK	 
REQUEST		Get One Time Token	1645103935552	1645103935805	OK	 
REQUEST		Get One Time Token	1645103935596	1645103935839	OK	 
REQUEST		Proceed To Next Step	1645103935638	1645103935895	OK	 
REQUEST		Post One Time Token	1645103935806	1645103936065	OK	 
REQUEST		Post One Time Token	1645103935840	1645103936084	OK	 
REQUEST		Get One Time Token	1645103935840	1645103936090	OK	 
REQUEST		Click Button Next	1645103935897	1645103936152	OK	 
REQUEST		Post One Time Token	1645103936092	1645103936353	OK	 
REQUEST		Get Spec	1645103936153	1645103936393	OK	 
USER	HomeTask	START	1645103936956
REQUEST		Get Done	1645103937130	1645103937387	OK	 
REQUEST		Click Start Again	1645103937388	1645103937692	OK	 
REQUEST		Open Homepage	1645103936957	1645103937952	OK	 
REQUEST		Open Homepage	1645103937695	1645103937979	OK	 
REQUEST		Get Done	1645103937809	1645103938043	OK	 
REQUEST		Get One Time Token	1645103937841	1645103938076	OK	 
REQUEST		Post One Time Token	1645103938077	1645103938412	OK	 
REQUEST		Get Done	1645103938052	1645103938412	OK	 
REQUEST		Click Start Again	1645103938044	1645103938413	OK	 
REQUEST		Click Start Again	1645103938415	1645103938716	OK	 
REQUEST		Open Homepage	1645103938415	1645103938716	OK	 
REQUEST		Open Homepage	1645103938719	1645103939024	OK	 
REQUEST		Click Button Start	1645103939457	1645103939778	OK	 
REQUEST		Click Button Start	1645103939762	1645103940023	OK	 
REQUEST		Click Button Start	1645103939800	1645103940058	OK	 
REQUEST		Get Done	1645103940161	1645103940459	OK	 
REQUEST		Click Start Again	1645103940462	1645103940767	OK	 
REQUEST		Open Homepage	1645103940769	1645103941007	OK	 
REQUEST		Click Button Start	1645103940974	1645103941205	OK	 
REQUEST		Select Age	1645103941149	1645103941391	OK	 
REQUEST		Click Button Next	1645103941395	1645103941690	OK	 
REQUEST		Select Age	1645103941881	1645103942114	OK	 
REQUEST		Select Age	1645103941899	1645103942149	OK	 
REQUEST		Click Button Next	1645103942117	1645103942339	OK	 
REQUEST		Click Button Next	1645103942152	1645103942370	OK	 
REQUEST		Click Button Start	1645103942651	1645103942869	OK	 
REQUEST		Select Order With Max Value	1645103942701	1645103942936	OK	 
REQUEST		Click Button Next	1645103942943	1645103943160	OK	 
REQUEST		Select Age	1645103943133	1645103943343	OK	 
REQUEST		Click Button Next	1645103943346	1645103943569	OK	 
REQUEST		Select Order With Max Value	1645103943537	1645103943768	OK	 
REQUEST		Click Button Next	1645103943773	1645103944004	OK	 
REQUEST		Select Age	1645103943974	1645103944192	OK	 
REQUEST		Click Button Next	1645103944194	1645103944411	OK	 
REQUEST		Select Order With Max Value	1645103944309	1645103944533	OK	 
REQUEST		Click Button Next	1645103944536	1645103944750	OK	 
REQUEST		Proceed To Next Step	1645103944672	1645103944886	OK	 
REQUEST		Click Button Next	1645103944890	1645103945123	OK	 
REQUEST		Select Order With Max Value	1645103945035	1645103945264	OK	 
REQUEST		Get Spec	1645103945125	1645103945345	OK	 
REQUEST		Click Button Next	1645103945268	1645103945479	OK	 
REQUEST		Proceed To Next Step	1645103945919	1645103946146	OK	 
REQUEST		Select Order With Max Value	1645103946017	1645103946230	OK	 
REQUEST		Proceed To Next Step	1645103946018	1645103946224	OK	 
REQUEST		Click Button Next	1645103946151	1645103946396	OK	 
REQUEST		Click Button Next	1645103946232	1645103946433	OK	 
REQUEST		Click Button Next	1645103946232	1645103946434	OK	 
REQUEST		Get Spec	1645103946396	1645103946595	OK	 
REQUEST		Get Spec	1645103946435	1645103946647	OK	 
REQUEST		Get One Time Token	1645103946877	1645103947187	OK	 
REQUEST		Proceed To Next Step	1645103947159	1645103947391	OK	 
REQUEST		Post One Time Token	1645103947190	1645103947398	OK	 
REQUEST		Click Button Next	1645103947395	1645103947627	OK	 
REQUEST		Get Spec	1645103947629	1645103947832	OK	 
REQUEST		Get One Time Token	1645103947660	1645103947874	OK	 
REQUEST		Proceed To Next Step	1645103947784	1645103948004	OK	 
REQUEST		Get One Time Token	1645103947839	1645103948055	OK	 
REQUEST		Post One Time Token	1645103947876	1645103948092	OK	 
REQUEST		Click Button Next	1645103948011	1645103948232	OK	 
REQUEST		Post One Time Token	1645103948057	1645103948276	OK	 
REQUEST		Get Spec	1645103948235	1645103948442	OK	 
REQUEST		Get Done	1645103948776	1645103949005	OK	 
REQUEST		Click Start Again	1645103949007	1645103949238	OK	 
REQUEST		Open Homepage	1645103949241	1645103949461	OK	 
REQUEST		Get Done	1645103949428	1645103949644	OK	 
REQUEST		Click Start Again	1645103949647	1645103949876	OK	 
REQUEST		Get One Time Token	1645103949770	1645103950003	OK	 
REQUEST		Open Homepage	1645103949879	1645103950104	OK	 
USER	HomeTask	END	1645103950212
REQUEST		Post One Time Token	1645103950005	1645103950235	OK	 
REQUEST		Get Done	1645103950073	1645103950286	OK	 
REQUEST		Click Start Again	1645103950288	1645103950503	OK	 
REQUEST		Open Homepage	1645103950504	1645103950720	OK	 
REQUEST		Click Button Start	1645103950581	1645103950795	OK	 
REQUEST		Click Button Start	1645103951270	1645103951495	OK	 
REQUEST		Get Done	1645103951402	1645103951609	OK	 
REQUEST		Click Start Again	1645103951612	1645103951931	OK	 
REQUEST		Click Button Start	1645103951939	1645103952276	OK	 
REQUEST		Open Homepage	1645103951933	1645103952277	OK	 
REQUEST		Select Age	1645103952171	1645103952415	OK	 
REQUEST		Click Button Next	1645103952417	1645103952786	OK	 
REQUEST		Select Age	1645103953351	1645103953573	OK	 
REQUEST		Click Button Start	1645103953439	1645103953656	OK	 
REQUEST		Click Button Next	1645103953576	1645103953795	OK	 
REQUEST		Select Age	1645103954064	1645103954332	OK	 
REQUEST		Click Button Next	1645103954336	1645103954541	OK	 
REQUEST		Select Order With Max Value	1645103954307	1645103954542	OK	 
REQUEST		Click Button Next	1645103954545	1645103954765	OK	 
REQUEST		Select Age	1645103954690	1645103954917	OK	 
REQUEST		Click Button Next	1645103954921	1645103955255	OK	 
REQUEST		Select Order With Max Value	1645103955627	1645103955850	OK	 
REQUEST		Select Order With Max Value	1645103955815	1645103956053	OK	 
REQUEST		Click Button Next	1645103955852	1645103956078	OK	 
REQUEST		Click Button Next	1645103956060	1645103956276	OK	 
REQUEST		Proceed To Next Step	1645103956114	1645103956349	OK	 
REQUEST		Select Order With Max Value	1645103956322	1645103956541	OK	 
REQUEST		Click Button Next	1645103956354	1645103956575	OK	 
REQUEST		Click Button Next	1645103956544	1645103956762	OK	 
REQUEST		Get Spec	1645103956576	1645103956782	OK	 
REQUEST		Proceed To Next Step	1645103957413	1645103957648	OK	 
REQUEST		Proceed To Next Step	1645103957558	1645103957773	OK	 
REQUEST		Click Button Next	1645103957652	1645103957870	OK	 
REQUEST		Click Button Next	1645103957779	1645103957980	OK	 
REQUEST		Get Spec	1645103957870	1645103958083	OK	 
REQUEST		Get Spec	1645103957981	1645103958193	OK	 
REQUEST		Proceed To Next Step	1645103958369	1645103958586	OK	 
REQUEST		Get One Time Token	1645103958533	1645103958758	OK	 
REQUEST		Click Button Next	1645103958590	1645103958823	OK	 
REQUEST		Post One Time Token	1645103958764	1645103958992	OK	 
REQUEST		Get Spec	1645103958823	1645103959041	OK	 
REQUEST		Get One Time Token	1645103959678	1645103959978	OK	 
REQUEST		Get One Time Token	1645103959941	1645103960178	OK	 
REQUEST		Post One Time Token	1645103959981	1645103960197	OK	 
REQUEST		Post One Time Token	1645103960179	1645103960401	OK	 
REQUEST		Get One Time Token	1645103960276	1645103960509	OK	 
REQUEST		Post One Time Token	1645103960511	1645103960831	OK	 
REQUEST		Get Done	1645103960809	1645103961143	OK	 
REQUEST		Click Start Again	1645103961146	1645103961448	OK	 
REQUEST		Open Homepage	1645103961450	1645103961739	OK	 
USER	HomeTask	END	1645103962000
REQUEST		Get Done	1645103961724	1645103962024	OK	 
REQUEST		Get Done	1645103961721	1645103962024	OK	 
REQUEST		Click Start Again	1645103962026	1645103962246	OK	 
REQUEST		Click Start Again	1645103962026	1645103962246	OK	 
REQUEST		Open Homepage	1645103962248	1645103962578	OK	 
REQUEST		Open Homepage	1645103962248	1645103962578	OK	 
REQUEST		Click Button Start	1645103963440	1645103963700	OK	 
REQUEST		Click Button Start	1645103964202	1645103964418	OK	 
REQUEST		Click Button Start	1645103964321	1645103964527	OK	 
REQUEST		Select Age	1645103965323	1645103965646	OK	 
REQUEST		Click Button Next	1645103965647	1645103965860	OK	 
REQUEST		Select Age	1645103965816	1645103966038	OK	 
REQUEST		Click Button Next	1645103966042	1645103966246	OK	 
REQUEST		Select Age	1645103966081	1645103966299	OK	 
REQUEST		Click Button Next	1645103966301	1645103966504	OK	 
REQUEST		Select Order With Max Value	1645103967031	1645103967260	OK	 
REQUEST		Click Button Next	1645103967263	1645103967482	OK	 
REQUEST		Select Order With Max Value	1645103967930	1645103968154	OK	 
REQUEST		Select Order With Max Value	1645103968102	1645103968323	OK	 
REQUEST		Click Button Next	1645103968158	1645103968364	OK	 
REQUEST		Click Button Next	1645103968327	1645103968538	OK	 
REQUEST		Proceed To Next Step	1645103968947	1645103969233	OK	 
REQUEST		Click Button Next	1645103969237	1645103969637	OK	 
REQUEST		Get Spec	1645103969639	1645103969844	OK	 
REQUEST		Proceed To Next Step	1645103969633	1645103969845	OK	 
REQUEST		Click Button Next	1645103969848	1645103970078	OK	 
REQUEST		Get Spec	1645103970079	1645103970464	OK	 
REQUEST		Proceed To Next Step	1645103970458	1645103970685	OK	 
REQUEST		Click Button Next	1645103970689	1645103971073	OK	 
REQUEST		Get One Time Token	1645103970976	1645103971190	OK	 
REQUEST		Get Spec	1645103971075	1645103971282	OK	 
REQUEST		Post One Time Token	1645103971191	1645103971413	OK	 
REQUEST		Get One Time Token	1645103972248	1645103972464	OK	 
REQUEST		Post One Time Token	1645103972466	1645103972680	OK	 
REQUEST		Get Done	1645103972698	1645103973294	OK	 
REQUEST		Get One Time Token	1645103973282	1645103973501	OK	 
REQUEST		Click Start Again	1645103973296	1645103973503	OK	 
REQUEST		Post One Time Token	1645103973503	1645103973705	OK	 
REQUEST		Open Homepage	1645103973504	1645103973707	OK	 
USER	HomeTask	END	1645103974530
REQUEST		Click Button Start	1645103974914	1645103975132	OK	 
REQUEST		Get Done	1645103975211	1645103975498	OK	 
REQUEST		Click Start Again	1645103975501	1645103975806	OK	 
REQUEST		Open Homepage	1645103975808	1645103976028	OK	 
REQUEST		Select Age	1645103976632	1645103976935	OK	 
REQUEST		Click Button Next	1645103976938	1645103977150	OK	 
REQUEST		Click Button Start	1645103977368	1645103977657	OK	 
REQUEST		Select Order With Max Value	1645103978942	1645103979267	OK	 
REQUEST		Select Age	1645103979250	1645103979470	OK	 
REQUEST		Click Button Next	1645103979269	1645103979481	OK	 
REQUEST		Click Button Next	1645103979472	1645103979684	OK	 
REQUEST		Select Order With Max Value	1645103981299	1645103981539	OK	 
REQUEST		Proceed To Next Step	1645103981376	1645103981595	OK	 
REQUEST		Click Button Next	1645103981541	1645103981754	OK	 
REQUEST		Click Button Next	1645103981599	1645103981821	OK	 
REQUEST		Get Spec	1645103981823	1645103982136	OK	 
REQUEST		Proceed To Next Step	1645103982779	1645103983161	OK	 
REQUEST		Click Button Next	1645103983167	1645103983365	OK	 
REQUEST		Get Spec	1645103983366	1645103983564	OK	 
REQUEST		Get One Time Token	1645103983466	1645103983675	OK	 
REQUEST		Post One Time Token	1645103983676	1645103983977	OK	 
USER	HomeTask	END	1645103985105
REQUEST		Get One Time Token	1645103985444	1645103985651	OK	 
REQUEST		Post One Time Token	1645103985653	1645103985852	OK	 
REQUEST		Get Done	1645103987124	1645103987333	OK	 
REQUEST		Click Start Again	1645103987335	1645103987666	OK	 
REQUEST		Open Homepage	1645103987668	1645103987879	OK	 
REQUEST		Click Button Start	1645103989791	1645103990131	OK	 
REQUEST		Select Age	1645103991801	1645103992065	OK	 
REQUEST		Click Button Next	1645103992067	1645103992279	OK	 
REQUEST		Select Order With Max Value	1645103993778	1645103994005	OK	 
REQUEST		Click Button Next	1645103994008	1645103994224	OK	 
REQUEST		Proceed To Next Step	1645103996131	1645103996472	OK	 
REQUEST		Click Button Next	1645103996477	1645103996774	OK	 
REQUEST		Get Spec	1645103996775	1645103997184	OK	 
USER	HomeTask	END	1645103997187
