RUN	demoIvanka.HomeTask	hometask	1645102522824	test	3.6.1
USER	HomeTask	START	1645102523345
USER	HomeTask	START	1645102523545
USER	HomeTask	START	1645102523745
USER	HomeTask	START	1645102523946
USER	HomeTask	START	1645102524145
REQUEST		Open Homepage	1645102523355	1645102524237	OK	 
REQUEST		Open Homepage	1645102523546	1645102524377	OK	 
REQUEST		Open Homepage	1645102523746	1645102524579	OK	 
REQUEST		Open Homepage	1645102523946	1645102524765	OK	 
REQUEST		Open Homepage	1645102524146	1645102524997	OK	 
REQUEST		Click Button Start	1645102525712	1645102525932	OK	 
REQUEST		Click Button Start	1645102525841	1645102526048	OK	 
REQUEST		Click Button Start	1645102526137	1645102526344	OK	 
REQUEST		Click Button Start	1645102526480	1645102526677	OK	 
REQUEST		Click Button Start	1645102526596	1645102526799	OK	 
REQUEST		Select Age	1645102527175	1645102527393	OK	 
REQUEST		Select Age	1645102527273	1645102527489	OK	 
REQUEST		Click Button Next	1645102527400	1645102527608	OK	 
REQUEST		Click Button Next	1645102527491	1645102527692	OK	 
REQUEST		Select Age	1645102527856	1645102528074	OK	 
REQUEST		Select Age	1645102527974	1645102528176	OK	 
REQUEST		Click Button Next	1645102528080	1645102528291	OK	 
REQUEST		Click Button Next	1645102528178	1645102528400	OK	 
REQUEST		Select Age	1645102528508	1645102528758	OK	 
REQUEST		Click Button Next	1645102528763	1645102528965	OK	 
REQUEST		Select Order With Max Value	1645102528875	1645102529093	OK	 
REQUEST		Click Button Next	1645102529101	1645102529302	OK	 
REQUEST		Select Order With Max Value	1645102529669	1645102530091	OK	 
REQUEST		Click Button Next	1645102530098	1645102530300	OK	 
REQUEST		Select Order With Max Value	1645102530251	1645102530483	OK	 
REQUEST		Select Order With Max Value	1645102530394	1645102530616	OK	 
REQUEST		Click Button Next	1645102530490	1645102530706	OK	 
REQUEST		Select Order With Max Value	1645102530596	1645102530817	OK	 
REQUEST		Click Button Next	1645102530620	1645102530822	OK	 
REQUEST		Proceed To Next Step	1645102530633	1645102530844	OK	 
REQUEST		Click Button Next	1645102530820	1645102531025	OK	 
REQUEST		Click Button Next	1645102530853	1645102531059	OK	 
REQUEST		Get Spec	1645102531071	1645102531271	OK	 
REQUEST		Proceed To Next Step	1645102532117	1645102532328	OK	 
REQUEST		Proceed To Next Step	1645102532169	1645102532389	OK	 
REQUEST		Click Button Next	1645102532340	1645102532562	OK	 
REQUEST		Click Button Next	1645102532394	1645102532598	OK	 
REQUEST		Proceed To Next Step	1645102532463	1645102532678	OK	 
REQUEST		Get Spec	1645102532564	1645102532771	OK	 
REQUEST		Get Spec	1645102532600	1645102532808	OK	 
REQUEST		Proceed To Next Step	1645102532659	1645102532875	OK	 
REQUEST		Click Button Next	1645102532686	1645102532900	OK	 
REQUEST		Click Button Next	1645102532882	1645102533097	OK	 
REQUEST		Get Spec	1645102532901	1645102533103	OK	 
REQUEST		Get Spec	1645102533098	1645102533302	OK	 
REQUEST		Get One Time Token	1645102533222	1645102533427	OK	 
REQUEST		Post One Time Token	1645102533430	1645102533633	OK	 
REQUEST		Get One Time Token	1645102533963	1645102534186	OK	 
REQUEST		Get One Time Token	1645102534165	1645102534489	OK	 
REQUEST		Post One Time Token	1645102534188	1645102534498	OK	 
REQUEST		Post One Time Token	1645102534491	1645102534695	OK	 
REQUEST		Get Done	1645102534893	1645102535113	OK	 
REQUEST		Get One Time Token	1645102535021	1645102535229	OK	 
REQUEST		Get One Time Token	1645102535022	1645102535233	OK	 
REQUEST		Click Start Again	1645102535116	1645102535322	OK	 
USER	HomeTask	END	1645102535325
USER	HomeTask	START	1645102535326
REQUEST		Post One Time Token	1645102535232	1645102535434	OK	 
REQUEST		Post One Time Token	1645102535236	1645102535438	OK	 
REQUEST		Open Homepage	1645102535327	1645102536160	OK	 
REQUEST		Get Done	1645102536199	1645102536424	OK	 
REQUEST		Get Done	1645102536303	1645102536514	OK	 
REQUEST		Click Start Again	1645102536425	1645102536630	OK	 
USER	HomeTask	END	1645102536631
USER	HomeTask	START	1645102536631
REQUEST		Click Start Again	1645102536515	1645102536739	OK	 
USER	HomeTask	END	1645102536740
USER	HomeTask	START	1645102536740
REQUEST		Get Done	1645102536950	1645102537154	OK	 
REQUEST		Get Done	1645102537136	1645102537354	OK	 
REQUEST		Click Start Again	1645102537155	1645102537360	OK	 
USER	HomeTask	END	1645102537361
USER	HomeTask	START	1645102537362
REQUEST		Open Homepage	1645102536632	1645102537457	OK	 
REQUEST		Click Start Again	1645102537355	1645102537572	OK	 
USER	HomeTask	END	1645102537573
REQUEST		Open Homepage	1645102536740	1645102537572	OK	 
USER	HomeTask	START	1645102537579
REQUEST		Click Button Start	1645102537539	1645102537750	OK	 
REQUEST		Open Homepage	1645102537363	1645102538186	OK	 
REQUEST		Open Homepage	1645102537580	1645102538799	OK	 
REQUEST		Click Button Start	1645102538842	1645102539059	OK	 
REQUEST		Click Button Start	1645102539018	1645102539220	OK	 
REQUEST		Select Age	1645102539436	1645102539645	OK	 
REQUEST		Click Button Next	1645102539648	1645102539847	OK	 
REQUEST		Click Button Start	1645102540051	1645102540251	OK	 
REQUEST		Select Age	1645102540230	1645102540445	OK	 
REQUEST		Click Button Next	1645102540449	1645102540666	OK	 
REQUEST		Click Button Start	1645102540542	1645102540752	OK	 
REQUEST		Select Age	1645102540769	1645102541079	OK	 
REQUEST		Click Button Next	1645102541081	1645102541291	OK	 
REQUEST		Select Order With Max Value	1645102541552	1645102541776	OK	 
REQUEST		Select Age	1645102541710	1645102541917	OK	 
REQUEST		Click Button Next	1645102541779	1645102541983	OK	 
REQUEST		Click Button Next	1645102541922	1645102542138	OK	 
REQUEST		Select Age	1645102542376	1645102542608	OK	 
REQUEST		Select Order With Max Value	1645102542567	1645102542782	OK	 
REQUEST		Click Button Next	1645102542612	1645102542813	OK	 
REQUEST		Select Order With Max Value	1645102542723	1645102542935	OK	 
REQUEST		Click Button Next	1645102542788	1645102542999	OK	 
REQUEST		Click Button Next	1645102542939	1645102543145	OK	 
REQUEST		Proceed To Next Step	1645102543451	1645102543669	OK	 
REQUEST		Select Order With Max Value	1645102543459	1645102543677	OK	 
REQUEST		Click Button Next	1645102543675	1645102543875	OK	 
REQUEST		Click Button Next	1645102543680	1645102543879	OK	 
REQUEST		Get Spec	1645102543876	1645102544084	OK	 
REQUEST		Proceed To Next Step	1645102544496	1645102544720	OK	 
REQUEST		Select Order With Max Value	1645102544653	1645102544867	OK	 
REQUEST		Click Button Next	1645102544728	1645102544945	OK	 
REQUEST		Proceed To Next Step	1645102544775	1645102544993	OK	 
REQUEST		Click Button Next	1645102544872	1645102545094	OK	 
REQUEST		Get Spec	1645102544946	1645102545150	OK	 
REQUEST		Click Button Next	1645102544998	1645102545214	OK	 
REQUEST		Get Spec	1645102545214	1645102545425	OK	 
REQUEST		Proceed To Next Step	1645102545450	1645102545672	OK	 
REQUEST		Click Button Next	1645102545679	1645102545879	OK	 
REQUEST		Get One Time Token	1645102545679	1645102545879	OK	 
REQUEST		Get Spec	1645102545881	1645102546081	OK	 
REQUEST		Post One Time Token	1645102545882	1645102546081	OK	 
REQUEST		Get One Time Token	1645102546423	1645102546731	OK	 
REQUEST		Post One Time Token	1645102546733	1645102546947	OK	 
REQUEST		Proceed To Next Step	1645102546977	1645102547296	OK	 
REQUEST		Click Button Next	1645102547303	1645102547517	OK	 
REQUEST		Get One Time Token	1645102547316	1645102547524	OK	 
REQUEST		Get Spec	1645102547518	1645102547722	OK	 
REQUEST		Post One Time Token	1645102547526	1645102547735	OK	 
REQUEST		Get One Time Token	1645102547942	1645102548158	OK	 
REQUEST		Get Done	1645102548007	1645102548220	OK	 
REQUEST		Post One Time Token	1645102548160	1645102548373	OK	 
REQUEST		Click Start Again	1645102548221	1645102548429	OK	 
USER	HomeTask	END	1645102548431
USER	HomeTask	START	1645102548432
REQUEST		Get Done	1645102548719	1645102548939	OK	 
REQUEST		Get Done	1645102548781	1645102549004	OK	 
REQUEST		Click Start Again	1645102548940	1645102549153	OK	 
USER	HomeTask	END	1645102549156
USER	HomeTask	START	1645102549156
REQUEST		Click Start Again	1645102549007	1645102549218	OK	 
USER	HomeTask	END	1645102549222
USER	HomeTask	START	1645102549223
REQUEST		Open Homepage	1645102548432	1645102549265	OK	 
REQUEST		Get Done	1645102549504	1645102549719	OK	 
REQUEST		Get One Time Token	1645102549507	1645102549722	OK	 
REQUEST		Click Start Again	1645102549720	1645102549929	OK	 
USER	HomeTask	END	1645102549932
REQUEST		Post One Time Token	1645102549724	1645102549932	OK	 
USER	HomeTask	START	1645102549933
REQUEST		Open Homepage	1645102549157	1645102549983	OK	 
REQUEST		Open Homepage	1645102549224	1645102550090	OK	 
REQUEST		Open Homepage	1645102549933	1645102550771	OK	 
REQUEST		Click Button Start	1645102550628	1645102550834	OK	 
REQUEST		Click Button Start	1645102551203	1645102551416	OK	 
REQUEST		Get Done	1645102551326	1645102551556	OK	 
REQUEST		Click Start Again	1645102551556	1645102551770	OK	 
USER	HomeTask	END	1645102551773
USER	HomeTask	START	1645102551774
REQUEST		Click Button Start	1645102551864	1645102552073	OK	 
REQUEST		Click Button Start	1645102552157	1645102552373	OK	 
REQUEST		Open Homepage	1645102551775	1645102552590	OK	 
REQUEST		Select Age	1645102552711	1645102552921	OK	 
REQUEST		Click Button Next	1645102552924	1645102553137	OK	 
REQUEST		Select Age	1645102553042	1645102553262	OK	 
REQUEST		Click Button Next	1645102553265	1645102553539	OK	 
REQUEST		Click Button Start	1645102553659	1645102553858	OK	 
REQUEST		Select Age	1645102553826	1645102554036	OK	 
REQUEST		Select Age	1645102553887	1645102554103	OK	 
REQUEST		Click Button Next	1645102554040	1645102554260	OK	 
REQUEST		Click Button Next	1645102554105	1645102554310	OK	 
REQUEST		Select Order With Max Value	1645102554915	1645102555257	OK	 
REQUEST		Select Order With Max Value	1645102554917	1645102555257	OK	 
REQUEST		Select Age	1645102555199	1645102555424	OK	 
REQUEST		Click Button Next	1645102555263	1645102555460	OK	 
REQUEST		Click Button Next	1645102555263	1645102555460	OK	 
REQUEST		Click Button Next	1645102555426	1645102555638	OK	 
REQUEST		Select Order With Max Value	1645102555664	1645102555997	OK	 
REQUEST		Click Button Next	1645102556001	1645102556202	OK	 
REQUEST		Select Order With Max Value	1645102556075	1645102556293	OK	 
REQUEST		Click Button Next	1645102556295	1645102556508	OK	 
REQUEST		Proceed To Next Step	1645102556502	1645102556824	OK	 
REQUEST		Click Button Next	1645102556829	1645102557124	OK	 
REQUEST		Get Spec	1645102557125	1645102557335	OK	 
REQUEST		Select Order With Max Value	1645102557203	1645102557416	OK	 
REQUEST		Proceed To Next Step	1645102557276	1645102557500	OK	 
REQUEST		Proceed To Next Step	1645102557360	1645102557585	OK	 
REQUEST		Click Button Next	1645102557420	1645102557628	OK	 
REQUEST		Click Button Next	1645102557506	1645102557731	OK	 
REQUEST		Click Button Next	1645102557589	1645102557801	OK	 
REQUEST		Get Spec	1645102557732	1645102557937	OK	 
REQUEST		Get Spec	1645102557802	1645102558014	OK	 
REQUEST		Proceed To Next Step	1645102557871	1645102558090	OK	 
REQUEST		Click Button Next	1645102558094	1645102558313	OK	 
REQUEST		Get Spec	1645102558314	1645102558525	OK	 
REQUEST		Get One Time Token	1645102558591	1645102558841	OK	 
REQUEST		Proceed To Next Step	1645102558651	1645102558861	OK	 
REQUEST		Post One Time Token	1645102558843	1645102559063	OK	 
REQUEST		Click Button Next	1645102558865	1645102559063	OK	 
REQUEST		Get Spec	1645102559064	1645102559374	OK	 
REQUEST		Get One Time Token	1645102559397	1645102559602	OK	 
REQUEST		Post One Time Token	1645102559604	1645102559816	OK	 
REQUEST		Get One Time Token	1645102559714	1645102559918	OK	 
REQUEST		Get One Time Token	1645102559819	1645102560052	OK	 
REQUEST		Post One Time Token	1645102559920	1645102560129	OK	 
REQUEST		Post One Time Token	1645102560055	1645102560268	OK	 
REQUEST		Get Done	1645102560371	1645102560580	OK	 
REQUEST		Click Start Again	1645102560581	1645102560911	OK	 
USER	HomeTask	END	1645102560913
USER	HomeTask	START	1645102560914
REQUEST		Get Done	1645102561023	1645102561236	OK	 
REQUEST		Click Start Again	1645102561237	1645102561451	OK	 
USER	HomeTask	END	1645102561452
USER	HomeTask	START	1645102561453
REQUEST		Get One Time Token	1645102561357	1645102561565	OK	 
REQUEST		Open Homepage	1645102560914	1645102561747	OK	 
REQUEST		Post One Time Token	1645102561566	1645102561778	OK	 
REQUEST		Get Done	1645102561825	1645102562024	OK	 
REQUEST		Click Start Again	1645102562026	1645102562239	OK	 
USER	HomeTask	END	1645102562240
USER	HomeTask	START	1645102562241
REQUEST		Open Homepage	1645102561453	1645102562265	OK	 
REQUEST		Get Done	1645102562199	1645102562421	OK	 
REQUEST		Click Start Again	1645102562424	1645102562625	OK	 
USER	HomeTask	END	1645102562628
USER	HomeTask	START	1645102562630
REQUEST		Open Homepage	1645102562241	1645102563058	OK	 
REQUEST		Click Button Start	1645102562890	1645102563099	OK	 
REQUEST		Open Homepage	1645102562630	1645102563446	OK	 
REQUEST		Click Button Start	1645102563695	1645102563925	OK	 
REQUEST		Get Done	1645102563775	1645102563992	OK	 
REQUEST		Click Start Again	1645102563993	1645102564301	OK	 
USER	HomeTask	END	1645102564305
USER	HomeTask	START	1645102564306
REQUEST		Click Button Start	1645102564689	1645102564895	OK	 
REQUEST		Open Homepage	1645102564306	1645102565110	OK	 
REQUEST		Click Button Start	1645102565011	1645102565216	OK	 
REQUEST		Select Age	1645102565007	1645102565216	OK	 
REQUEST		Select Age	1645102565094	1645102565311	OK	 
REQUEST		Click Button Next	1645102565217	1645102565422	OK	 
REQUEST		Click Button Next	1645102565314	1645102565519	OK	 
REQUEST		Select Age	1645102566178	1645102566392	OK	 
REQUEST		Click Button Next	1645102566394	1645102566595	OK	 
REQUEST		Select Age	1645102566394	1645102566599	OK	 
REQUEST		Click Button Next	1645102566601	1645102566803	OK	 
REQUEST		Select Order With Max Value	1645102567073	1645102567300	OK	 
REQUEST		Click Button Start	1645102567112	1645102567313	OK	 
REQUEST		Click Button Next	1645102567302	1645102567515	OK	 
REQUEST		Select Order With Max Value	1645102567322	1645102567538	OK	 
REQUEST		Click Button Next	1645102567541	1645102567738	OK	 
REQUEST		Select Order With Max Value	1645102568062	1645102568282	OK	 
REQUEST		Click Button Next	1645102568285	1645102568490	OK	 
REQUEST		Select Order With Max Value	1645102568571	1645102568795	OK	 
REQUEST		Click Button Next	1645102568798	1645102569011	OK	 
REQUEST		Select Age	1645102568892	1645102569109	OK	 
REQUEST		Click Button Next	1645102569111	1645102569327	OK	 
REQUEST		Proceed To Next Step	1645102569258	1645102569465	OK	 
REQUEST		Click Button Next	1645102569469	1645102569664	OK	 
REQUEST		Proceed To Next Step	1645102569454	1645102569663	OK	 
REQUEST		Click Button Next	1645102569669	1645102569871	OK	 
REQUEST		Get Spec	1645102569665	1645102569871	OK	 
REQUEST		Get Spec	1645102569872	1645102570108	OK	 
REQUEST		Proceed To Next Step	1645102569992	1645102570208	OK	 
REQUEST		Click Button Next	1645102570212	1645102570418	OK	 
REQUEST		Get Spec	1645102570420	1645102570622	OK	 
REQUEST		Select Order With Max Value	1645102570591	1645102570805	OK	 
REQUEST		Click Button Next	1645102570810	1645102571020	OK	 
REQUEST		Proceed To Next Step	1645102570841	1645102571044	OK	 
REQUEST		Click Button Next	1645102571050	1645102571265	OK	 
REQUEST		Get Spec	1645102571266	1645102571666	OK	 
REQUEST		Get One Time Token	1645102571718	1645102571932	OK	 
REQUEST		Get One Time Token	1645102571865	1645102572078	OK	 
REQUEST		Post One Time Token	1645102571934	1645102572142	OK	 
REQUEST		Post One Time Token	1645102572082	1645102572301	OK	 
REQUEST		Proceed To Next Step	1645102572521	1645102572736	OK	 
REQUEST		Get One Time Token	1645102572560	1645102572786	OK	 
REQUEST		Click Button Next	1645102572739	1645102572947	OK	 
REQUEST		Post One Time Token	1645102572788	1645102573001	OK	 
REQUEST		Get Spec	1645102572948	1645102573145	OK	 
REQUEST		Get Done	1645102573218	1645102573435	OK	 
REQUEST		Get One Time Token	1645102573252	1645102573477	OK	 
REQUEST		Click Start Again	1645102573436	1645102573656	OK	 
USER	HomeTask	END	1645102573657
USER	HomeTask	START	1645102573658
REQUEST		Post One Time Token	1645102573479	1645102573694	OK	 
REQUEST		Get Done	1645102573759	1645102574015	OK	 
REQUEST		Click Start Again	1645102574018	1645102574232	OK	 
USER	HomeTask	END	1645102574234
USER	HomeTask	START	1645102574234
REQUEST		Get One Time Token	1645102574229	1645102574442	OK	 
REQUEST		Open Homepage	1645102573658	1645102574523	OK	 
REQUEST		Post One Time Token	1645102574444	1645102574643	OK	 
REQUEST		Get Done	1645102574745	1645102574960	OK	 
REQUEST		Open Homepage	1645102574235	1645102575075	OK	 
REQUEST		Click Start Again	1645102574961	1645102575190	OK	 
USER	HomeTask	END	1645102575191
USER	HomeTask	START	1645102575192
REQUEST		Get Done	1645102575569	1645102575787	OK	 
REQUEST		Click Start Again	1645102575788	1645102576000	OK	 
REQUEST		Open Homepage	1645102575192	1645102576000	OK	 
USER	HomeTask	END	1645102576001
USER	HomeTask	START	1645102576004
REQUEST		Get Done	1645102575972	1645102576196	OK	 
REQUEST		Click Button Start	1645102575985	1645102576206	OK	 
REQUEST		Click Start Again	1645102576197	1645102576406	OK	 
USER	HomeTask	END	1645102576407
USER	HomeTask	START	1645102576407
REQUEST		Click Button Start	1645102576408	1645102576623	OK	 
REQUEST		Open Homepage	1645102576004	1645102576808	OK	 
REQUEST		Open Homepage	1645102576407	1645102577217	OK	 
REQUEST		Click Button Start	1645102577081	1645102577294	OK	 
REQUEST		Select Age	1645102578001	1645102578319	OK	 
REQUEST		Click Button Next	1645102578320	1645102578544	OK	 
REQUEST		Select Age	1645102578426	1645102578663	OK	 
REQUEST		Click Button Next	1645102578664	1645102578895	OK	 
REQUEST		Click Button Start	1645102578685	1645102578900	OK	 
REQUEST		Select Age	1645102578861	1645102579084	OK	 
REQUEST		Click Button Next	1645102579085	1645102579299	OK	 
REQUEST		Click Button Start	1645102579211	1645102579471	OK	 
REQUEST		Select Order With Max Value	1645102579912	1645102580266	OK	 
REQUEST		Click Button Next	1645102580269	1645102580503	OK	 
REQUEST		Select Order With Max Value	1645102580472	1645102580727	OK	 
REQUEST		Click Button Next	1645102580728	1645102580955	OK	 
REQUEST		Select Age	1645102580447	1645102580987	OK	 
REQUEST		Select Age	1645102580792	1645102581013	OK	 
REQUEST		Select Order With Max Value	1645102580849	1645102581102	OK	 
REQUEST		Click Button Next	1645102580988	1645102581225	OK	 
REQUEST		Click Button Next	1645102581014	1645102581238	OK	 
REQUEST		Click Button Next	1645102581105	1645102581351	OK	 
REQUEST		Proceed To Next Step	1645102581644	1645102582007	OK	 
REQUEST		Click Button Next	1645102582009	1645102582244	OK	 
REQUEST		Proceed To Next Step	1645102582018	1645102582252	OK	 
REQUEST		Click Button Next	1645102582255	1645102582572	OK	 
REQUEST		Get Spec	1645102582245	1645102582572	OK	 
REQUEST		Select Order With Max Value	1645102582244	1645102582572	OK	 
REQUEST		Click Button Next	1645102582573	1645102582791	OK	 
REQUEST		Get Spec	1645102582572	1645102582812	OK	 
REQUEST		Select Order With Max Value	1645102582579	1645102582823	OK	 
REQUEST		Proceed To Next Step	1645102583221	1645102583480	OK	 
REQUEST		Click Button Next	1645102582824	1645102583559	OK	 
REQUEST		Click Button Next	1645102583483	1645102583735	OK	 
REQUEST		Get Spec	1645102583736	1645102584057	OK	 
REQUEST		Get One Time Token	1645102583709	1645102584057	OK	 
REQUEST		Post One Time Token	1645102584059	1645102584349	OK	 
REQUEST		Get One Time Token	1645102584332	1645102584771	OK	 
REQUEST		Proceed To Next Step	1645102584399	1645102584772	OK	 
REQUEST		Click Button Next	1645102584775	1645102584990	OK	 
REQUEST		Post One Time Token	1645102584772	1645102584997	OK	 
REQUEST		Get Spec	1645102584991	1645102585203	OK	 
REQUEST		Get One Time Token	1645102585280	1645102585529	OK	 
REQUEST		Proceed To Next Step	1645102585470	1645102585708	OK	 
REQUEST		Get Done	1645102585517	1645102585758	OK	 
REQUEST		Post One Time Token	1645102585530	1645102585762	OK	 
REQUEST		Click Button Next	1645102585710	1645102585957	OK	 
REQUEST		Click Start Again	1645102585759	1645102586006	OK	 
USER	HomeTask	END	1645102586007
REQUEST		Get Spec	1645102585958	1645102586209	OK	 
REQUEST		Get Done	1645102586306	1645102586616	OK	 
REQUEST		Click Start Again	1645102586618	1645102586923	OK	 
USER	HomeTask	END	1645102586924
REQUEST		Get One Time Token	1645102587080	1645102587299	OK	 
REQUEST		Post One Time Token	1645102587302	1645102587522	OK	 
REQUEST		Get One Time Token	1645102587495	1645102587726	OK	 
REQUEST		Get Done	1645102587561	1645102587797	OK	 
REQUEST		Post One Time Token	1645102587727	1645102587964	OK	 
REQUEST		Click Start Again	1645102587798	1645102588047	OK	 
USER	HomeTask	END	1645102588048
REQUEST		Get Done	1645102588611	1645102588826	OK	 
REQUEST		Click Start Again	1645102588826	1645102589072	OK	 
USER	HomeTask	END	1645102589073
REQUEST		Get Done	1645102589396	1645102589686	OK	 
REQUEST		Click Start Again	1645102589686	1645102589995	OK	 
USER	HomeTask	END	1645102589996
