RUN	demoIvanka.HomeTask	hometask	1645101998425	 	3.6.1
USER	HomeTask	START	1645101999029
USER	HomeTask	START	1645101999230
USER	HomeTask	START	1645101999430
USER	HomeTask	START	1645101999630
USER	HomeTask	START	1645101999830
REQUEST		Open Homepage	1645101999039	1645101999869	OK	 
REQUEST		Open Homepage	1645101999230	1645102000071	OK	 
REQUEST		Open Homepage	1645101999431	1645102000279	OK	 
REQUEST		Open Homepage	1645101999630	1645102000458	OK	 
REQUEST		Open Homepage	1645101999830	1645102000661	OK	 
REQUEST		Click Button Start	1645102001084	1645102001325	OK	 
REQUEST		Click Button Start	1645102001491	1645102001701	OK	 
REQUEST		Click Button Start	1645102001701	1645102002026	OK	 
REQUEST		Click Button Start	1645102002181	1645102002496	OK	 
REQUEST		Click Button Start	1645102002643	1645102002851	OK	 
REQUEST		Select Age	1645102002931	1645102003228	OK	 
REQUEST		Select Age	1645102003208	1645102003429	OK	 
REQUEST		Click Button Next	1645102003236	1645102003453	OK	 
REQUEST		Click Button Next	1645102003434	1645102003653	OK	 
REQUEST		Select Age	1645102003868	1645102004082	OK	 
REQUEST		Select Age	1645102003910	1645102004136	OK	 
REQUEST		Select Age	1645102003932	1645102004136	OK	 
REQUEST		Click Button Next	1645102004088	1645102004329	OK	 
REQUEST		Click Button Next	1645102004139	1645102004349	OK	 
REQUEST		Click Button Next	1645102004139	1645102004349	OK	 
REQUEST		Select Order With Max Value	1645102004531	1645102004758	OK	 
REQUEST		Select Order With Max Value	1645102004711	1645102004935	OK	 
REQUEST		Click Button Next	1645102004770	1645102004997	OK	 
REQUEST		Click Button Next	1645102004937	1645102005161	OK	 
REQUEST		Select Order With Max Value	1645102005509	1645102005744	OK	 
REQUEST		Click Button Next	1645102005749	1645102005951	OK	 
REQUEST		Select Order With Max Value	1645102005789	1645102006003	OK	 
REQUEST		Click Button Next	1645102006009	1645102006223	OK	 
REQUEST		Select Order With Max Value	1645102006044	1645102006269	OK	 
REQUEST		Click Button Next	1645102006274	1645102006475	OK	 
REQUEST		Proceed To Next Step	1645102006743	1645102006968	OK	 
REQUEST		Proceed To Next Step	1645102006819	1645102007048	OK	 
REQUEST		Click Button Next	1645102006978	1645102007183	OK	 
REQUEST		Click Button Next	1645102007059	1645102007264	OK	 
REQUEST		Get Spec	1645102007193	1645102007414	OK	 
REQUEST		Get Spec	1645102007266	1645102007474	OK	 
REQUEST		Proceed To Next Step	1645102007403	1645102007623	OK	 
REQUEST		Click Button Next	1645102007632	1645102007852	OK	 
REQUEST		Get Spec	1645102007854	1645102008067	OK	 
REQUEST		Proceed To Next Step	1645102007988	1645102008210	OK	 
REQUEST		Proceed To Next Step	1645102008093	1645102008301	OK	 
REQUEST		Click Button Next	1645102008218	1645102008416	OK	 
REQUEST		Click Button Next	1645102008308	1645102008519	OK	 
REQUEST		Get Spec	1645102008417	1645102008617	OK	 
REQUEST		Get Spec	1645102008520	1645102008726	OK	 
REQUEST		Get One Time Token	1645102008960	1645102009300	OK	 
REQUEST		Get One Time Token	1645102009292	1645102009497	OK	 
REQUEST		Post One Time Token	1645102009303	1645102009517	OK	 
REQUEST		Get One Time Token	1645102009429	1645102009640	OK	 
REQUEST		Post One Time Token	1645102009501	1645102009718	OK	 
REQUEST		Post One Time Token	1645102009642	1645102009865	OK	 
REQUEST		Get One Time Token	1645102010112	1645102010326	OK	 
REQUEST		Post One Time Token	1645102010330	1645102010540	OK	 
REQUEST		Get One Time Token	1645102010339	1645102010541	OK	 
REQUEST		Post One Time Token	1645102010543	1645102010776	OK	 
REQUEST		Get Done	1645102010762	1645102010987	OK	 
REQUEST		Get Done	1645102010869	1645102011082	OK	 
REQUEST		Click Start Again	1645102010989	1645102011210	OK	 
USER	HomeTask	END	1645102011214
USER	HomeTask	START	1645102011216
REQUEST		Click Start Again	1645102011084	1645102011289	OK	 
USER	HomeTask	END	1645102011292
USER	HomeTask	START	1645102011292
REQUEST		Get Done	1645102011303	1645102011509	OK	 
REQUEST		Click Start Again	1645102011510	1645102011714	OK	 
USER	HomeTask	END	1645102011715
USER	HomeTask	START	1645102011715
REQUEST		Open Homepage	1645102011216	1645102012050	OK	 
REQUEST		Get Done	1645102011842	1645102012059	OK	 
REQUEST		Open Homepage	1645102011293	1645102012132	OK	 
REQUEST		Get Done	1645102012014	1645102012216	OK	 
REQUEST		Click Start Again	1645102012061	1645102012272	OK	 
USER	HomeTask	END	1645102012274
USER	HomeTask	START	1645102012274
REQUEST		Click Start Again	1645102012218	1645102012421	OK	 
USER	HomeTask	END	1645102012423
USER	HomeTask	START	1645102012424
REQUEST		Open Homepage	1645102011716	1645102012563	OK	 
REQUEST		Open Homepage	1645102012275	1645102013091	OK	 
REQUEST		Open Homepage	1645102012424	1645102013281	OK	 
REQUEST		Click Button Start	1645102013222	1645102013422	OK	 
REQUEST		Click Button Start	1645102013219	1645102013422	OK	 
REQUEST		Click Button Start	1645102013834	1645102014104	OK	 
REQUEST		Click Button Start	1645102014322	1645102014566	OK	 
REQUEST		Select Age	1645102014807	1645102015128	OK	 
REQUEST		Click Button Start	1645102015064	1645102015273	OK	 
REQUEST		Select Age	1645102015111	1645102015328	OK	 
REQUEST		Click Button Next	1645102015130	1645102015356	OK	 
REQUEST		Click Button Next	1645102015332	1645102015539	OK	 
REQUEST		Select Age	1645102015995	1645102016249	OK	 
REQUEST		Select Age	1645102016216	1645102016444	OK	 
REQUEST		Click Button Next	1645102016253	1645102016476	OK	 
REQUEST		Click Button Next	1645102016448	1645102016654	OK	 
REQUEST		Select Order With Max Value	1645102016701	1645102016919	OK	 
REQUEST		Select Age	1645102016856	1645102017095	OK	 
REQUEST		Click Button Next	1645102016923	1645102017136	OK	 
REQUEST		Click Button Next	1645102017099	1645102017339	OK	 
REQUEST		Select Order With Max Value	1645102017540	1645102017786	OK	 
REQUEST		Click Button Next	1645102017789	1645102018019	OK	 
REQUEST		Select Order With Max Value	1645102017760	1645102018019	OK	 
REQUEST		Select Order With Max Value	1645102017835	1645102018057	OK	 
REQUEST		Click Button Next	1645102018025	1645102018235	OK	 
REQUEST		Click Button Next	1645102018060	1645102018281	OK	 
REQUEST		Proceed To Next Step	1645102018312	1645102018524	OK	 
REQUEST		Click Button Next	1645102018531	1645102018919	OK	 
REQUEST		Get Spec	1645102018921	1645102019152	OK	 
REQUEST		Select Order With Max Value	1645102019270	1645102019477	OK	 
REQUEST		Proceed To Next Step	1645102019284	1645102019521	OK	 
REQUEST		Proceed To Next Step	1645102019439	1645102019665	OK	 
REQUEST		Proceed To Next Step	1645102019471	1645102019681	OK	 
REQUEST		Click Button Next	1645102019480	1645102019723	OK	 
REQUEST		Click Button Next	1645102019528	1645102019731	OK	 
REQUEST		Click Button Next	1645102019670	1645102019886	OK	 
REQUEST		Click Button Next	1645102019685	1645102019901	OK	 
REQUEST		Get Spec	1645102019731	1645102019951	OK	 
REQUEST		Get Spec	1645102019887	1645102020087	OK	 
REQUEST		Get Spec	1645102019902	1645102020144	OK	 
REQUEST		Get One Time Token	1645102020372	1645102020697	OK	 
REQUEST		Post One Time Token	1645102020699	1645102020906	OK	 
REQUEST		Proceed To Next Step	1645102021207	1645102021434	OK	 
REQUEST		Get One Time Token	1645102021414	1645102021639	OK	 
REQUEST		Get One Time Token	1645102021438	1645102021648	OK	 
REQUEST		Click Button Next	1645102021439	1645102021653	OK	 
REQUEST		Post One Time Token	1645102021641	1645102021853	OK	 
REQUEST		Post One Time Token	1645102021650	1645102021853	OK	 
REQUEST		Get Spec	1645102021653	1645102021858	OK	 
REQUEST		Get One Time Token	1645102021434	1645102021907	OK	 
REQUEST		Post One Time Token	1645102021909	1645102022120	OK	 
REQUEST		Get Done	1645102022305	1645102022677	OK	 
REQUEST		Click Start Again	1645102022680	1645102022884	OK	 
USER	HomeTask	END	1645102022887
USER	HomeTask	START	1645102022888
REQUEST		Get Done	1645102023220	1645102023435	OK	 
REQUEST		Click Start Again	1645102023437	1645102023671	OK	 
USER	HomeTask	END	1645102023674
USER	HomeTask	START	1645102023675
REQUEST		Open Homepage	1645102022888	1645102023727	OK	 
REQUEST		Get Done	1645102023607	1645102023829	OK	 
REQUEST		Get Done	1645102023612	1645102023829	OK	 
REQUEST		Get One Time Token	1645102023698	1645102023909	OK	 
REQUEST		Click Start Again	1645102023831	1645102024039	OK	 
REQUEST		Click Start Again	1645102023830	1645102024039	OK	 
USER	HomeTask	END	1645102024041
USER	HomeTask	END	1645102024041
USER	HomeTask	START	1645102024041
USER	HomeTask	START	1645102024041
REQUEST		Post One Time Token	1645102023913	1645102024145	OK	 
REQUEST		Open Homepage	1645102023676	1645102024555	OK	 
REQUEST		Open Homepage	1645102024042	1645102024909	OK	 
REQUEST		Open Homepage	1645102024042	1645102024910	OK	 
REQUEST		Click Button Start	1645102025289	1645102025504	OK	 
REQUEST		Get Done	1645102025397	1645102025607	OK	 
REQUEST		Click Start Again	1645102025608	1645102025984	OK	 
USER	HomeTask	END	1645102025987
USER	HomeTask	START	1645102025988
REQUEST		Click Button Start	1645102026446	1645102026646	OK	 
REQUEST		Click Button Start	1645102026441	1645102026646	OK	 
REQUEST		Click Button Start	1645102026460	1645102026664	OK	 
REQUEST		Open Homepage	1645102025989	1645102026851	OK	 
REQUEST		Select Age	1645102027071	1645102027291	OK	 
REQUEST		Click Button Next	1645102027294	1645102027519	OK	 
REQUEST		Select Age	1645102027938	1645102028157	OK	 
REQUEST		Select Age	1645102028071	1645102028287	OK	 
REQUEST		Select Age	1645102028113	1645102028335	OK	 
REQUEST		Click Button Next	1645102028159	1645102028367	OK	 
REQUEST		Click Button Next	1645102028290	1645102028500	OK	 
REQUEST		Click Button Next	1645102028339	1645102028553	OK	 
REQUEST		Select Order With Max Value	1645102028531	1645102028749	OK	 
REQUEST		Click Button Start	1645102028578	1645102028794	OK	 
REQUEST		Click Button Next	1645102028753	1645102028983	OK	 
REQUEST		Select Age	1645102029912	1645102030232	OK	 
REQUEST		Click Button Next	1645102030235	1645102030442	OK	 
REQUEST		Select Order With Max Value	1645102030231	1645102030442	OK	 
REQUEST		Select Order With Max Value	1645102030317	1645102030537	OK	 
REQUEST		Select Order With Max Value	1645102030346	1645102030565	OK	 
REQUEST		Click Button Next	1645102030445	1645102030676	OK	 
REQUEST		Click Button Next	1645102030540	1645102030757	OK	 
REQUEST		Click Button Next	1645102030568	1645102030770	OK	 
REQUEST		Proceed To Next Step	1645102030985	1645102031189	OK	 
REQUEST		Click Button Next	1645102031196	1645102031406	OK	 
REQUEST		Get Spec	1645102031407	1645102031616	OK	 
REQUEST		Select Order With Max Value	1645102031608	1645102031923	OK	 
REQUEST		Click Button Next	1645102031927	1645102032142	OK	 
REQUEST		Proceed To Next Step	1645102032132	1645102032349	OK	 
REQUEST		Click Button Next	1645102032354	1645102032566	OK	 
REQUEST		Proceed To Next Step	1645102032357	1645102032570	OK	 
REQUEST		Proceed To Next Step	1645102032402	1645102032622	OK	 
REQUEST		Get Spec	1645102032567	1645102032774	OK	 
REQUEST		Click Button Next	1645102032574	1645102032776	OK	 
REQUEST		Click Button Next	1645102032625	1645102032843	OK	 
REQUEST		Get Spec	1645102032778	1645102032989	OK	 
REQUEST		Get Spec	1645102032844	1645102033068	OK	 
REQUEST		Get One Time Token	1645102033022	1645102033231	OK	 
REQUEST		Post One Time Token	1645102033233	1645102033442	OK	 
REQUEST		Get One Time Token	1645102033841	1645102034072	OK	 
REQUEST		Proceed To Next Step	1645102033970	1645102034192	OK	 
REQUEST		Post One Time Token	1645102034074	1645102034290	OK	 
REQUEST		Click Button Next	1645102034201	1645102034424	OK	 
REQUEST		Get Spec	1645102034426	1645102034642	OK	 
REQUEST		Get Done	1645102034555	1645102034769	OK	 
REQUEST		Get One Time Token	1645102034754	1645102034968	OK	 
REQUEST		Click Start Again	1645102034770	1645102034974	OK	 
USER	HomeTask	END	1645102034977
USER	HomeTask	START	1645102034977
REQUEST		Get One Time Token	1645102034929	1645102035146	OK	 
REQUEST		Post One Time Token	1645102034972	1645102035193	OK	 
REQUEST		Post One Time Token	1645102035147	1645102035360	OK	 
REQUEST		Open Homepage	1645102034978	1645102035812	OK	 
REQUEST		Get Done	1645102036015	1645102036256	OK	 
REQUEST		Get One Time Token	1645102036217	1645102036442	OK	 
REQUEST		Click Start Again	1645102036257	1645102036475	OK	 
USER	HomeTask	END	1645102036477
USER	HomeTask	START	1645102036478
REQUEST		Get Done	1645102036351	1645102036564	OK	 
REQUEST		Post One Time Token	1645102036444	1645102036662	OK	 
REQUEST		Click Start Again	1645102036567	1645102036785	OK	 
USER	HomeTask	END	1645102036787
USER	HomeTask	START	1645102036788
REQUEST		Open Homepage	1645102036478	1645102037318	OK	 
REQUEST		Get Done	1645102037110	1645102037328	OK	 
REQUEST		Click Start Again	1645102037330	1645102037537	OK	 
USER	HomeTask	END	1645102037538
USER	HomeTask	START	1645102037539
REQUEST		Open Homepage	1645102036788	1645102037643	OK	 
REQUEST		Click Button Start	1645102037689	1645102037897	OK	 
REQUEST		Get Done	1645102037972	1645102038199	OK	 
REQUEST		Open Homepage	1645102037539	1645102038376	OK	 
REQUEST		Click Start Again	1645102038201	1645102038419	OK	 
USER	HomeTask	END	1645102038420
USER	HomeTask	START	1645102038420
REQUEST		Click Button Start	1645102038880	1645102039101	OK	 
REQUEST		Click Button Start	1645102039007	1645102039215	OK	 
REQUEST		Open Homepage	1645102038421	1645102039374	OK	 
REQUEST		Select Age	1645102039700	1645102039924	OK	 
REQUEST		Click Button Start	1645102039780	1645102040005	OK	 
REQUEST		Click Button Next	1645102039926	1645102040141	OK	 
REQUEST		Select Age	1645102040336	1645102040628	OK	 
REQUEST		Click Button Next	1645102040634	1645102040842	OK	 
REQUEST		Select Age	1645102040639	1645102040862	OK	 
REQUEST		Click Button Start	1645102040696	1645102040919	OK	 
REQUEST		Click Button Next	1645102040864	1645102041086	OK	 
REQUEST		Select Age	1645102041356	1645102041753	OK	 
REQUEST		Click Button Next	1645102041757	1645102041960	OK	 
REQUEST		Select Order With Max Value	1645102041807	1645102042033	OK	 
REQUEST		Click Button Next	1645102042037	1645102042250	OK	 
REQUEST		Select Age	1645102042241	1645102042453	OK	 
REQUEST		Select Order With Max Value	1645102042244	1645102042463	OK	 
REQUEST		Click Button Next	1645102042465	1645102042690	OK	 
REQUEST		Click Button Next	1645102042455	1645102042690	OK	 
REQUEST		Select Order With Max Value	1645102042538	1645102042773	OK	 
REQUEST		Click Button Next	1645102042775	1645102043086	OK	 
REQUEST		Select Order With Max Value	1645102043398	1645102043699	OK	 
REQUEST		Click Button Next	1645102043702	1645102043914	OK	 
REQUEST		Proceed To Next Step	1645102044036	1645102044316	OK	 
REQUEST		Click Button Next	1645102044322	1645102044538	OK	 
REQUEST		Select Order With Max Value	1645102044401	1645102044640	OK	 
REQUEST		Proceed To Next Step	1645102044461	1645102044683	OK	 
REQUEST		Get Spec	1645102044539	1645102044763	OK	 
REQUEST		Proceed To Next Step	1645102044555	1645102044806	OK	 
REQUEST		Click Button Next	1645102044644	1645102044880	OK	 
REQUEST		Click Button Next	1645102044688	1645102044916	OK	 
REQUEST		Click Button Next	1645102044810	1645102045047	OK	 
REQUEST		Get Spec	1645102044918	1645102045149	OK	 
REQUEST		Get Spec	1645102045048	1645102045269	OK	 
REQUEST		Proceed To Next Step	1645102045819	1645102046102	OK	 
REQUEST		Get One Time Token	1645102046086	1645102046308	OK	 
REQUEST		Click Button Next	1645102046106	1645102046319	OK	 
REQUEST		Post One Time Token	1645102046310	1645102046515	OK	 
REQUEST		Get Spec	1645102046319	1645102046522	OK	 
REQUEST		Proceed To Next Step	1645102046477	1645102046702	OK	 
REQUEST		Get One Time Token	1645102046614	1645102046841	OK	 
REQUEST		Get One Time Token	1645102046606	1645102046841	OK	 
REQUEST		Click Button Next	1645102046708	1645102046943	OK	 
REQUEST		Post One Time Token	1645102046843	1645102047053	OK	 
REQUEST		Post One Time Token	1645102046843	1645102047072	OK	 
REQUEST		Get Spec	1645102046945	1645102047164	OK	 
REQUEST		Get One Time Token	1645102048004	1645102048242	OK	 
REQUEST		Get Done	1645102048155	1645102048371	OK	 
REQUEST		Post One Time Token	1645102048244	1645102048447	OK	 
REQUEST		Click Start Again	1645102048374	1645102048594	OK	 
USER	HomeTask	END	1645102048597
USER	HomeTask	START	1645102048598
REQUEST		Get One Time Token	1645102048709	1645102048953	OK	 
REQUEST		Get Done	1645102048794	1645102049026	OK	 
REQUEST		Post One Time Token	1645102048956	1645102049169	OK	 
REQUEST		Get Done	1645102048957	1645102049173	OK	 
REQUEST		Click Start Again	1645102049029	1645102049251	OK	 
USER	HomeTask	END	1645102049254
USER	HomeTask	START	1645102049255
REQUEST		Click Start Again	1645102049174	1645102049402	OK	 
USER	HomeTask	END	1645102049404
USER	HomeTask	START	1645102049404
REQUEST		Open Homepage	1645102048598	1645102049485	OK	 
REQUEST		Open Homepage	1645102049255	1645102050190	OK	 
REQUEST		Get Done	1645102050077	1645102050304	OK	 
REQUEST		Open Homepage	1645102049405	1645102050304	OK	 
REQUEST		Click Start Again	1645102050305	1645102050542	OK	 
USER	HomeTask	END	1645102050544
USER	HomeTask	START	1645102050544
REQUEST		Click Button Start	1645102050503	1645102050759	OK	 
REQUEST		Get Done	1645102050863	1645102051115	OK	 
REQUEST		Click Start Again	1645102051117	1645102051342	OK	 
USER	HomeTask	END	1645102051344
USER	HomeTask	START	1645102051345
REQUEST		Open Homepage	1645102050544	1645102051463	OK	 
REQUEST		Click Button Start	1645102051607	1645102051831	OK	 
REQUEST		Click Button Start	1645102051900	1645102052127	OK	 
REQUEST		Select Age	1645102052000	1645102052248	OK	 
REQUEST		Open Homepage	1645102051345	1645102052254	OK	 
REQUEST		Click Button Next	1645102052251	1645102052626	OK	 
REQUEST		Select Age	1645102053339	1645102053592	OK	 
REQUEST		Click Button Start	1645102053446	1645102053666	OK	 
REQUEST		Select Age	1645102053489	1645102053729	OK	 
REQUEST		Click Button Next	1645102053593	1645102053821	OK	 
REQUEST		Click Button Next	1645102053730	1645102053938	OK	 
REQUEST		Click Button Start	1645102053885	1645102054101	OK	 
REQUEST		Select Order With Max Value	1645102054059	1645102054296	OK	 
REQUEST		Click Button Next	1645102054298	1645102054578	OK	 
REQUEST		Select Order With Max Value	1645102055168	1645102055415	OK	 
REQUEST		Select Order With Max Value	1645102055221	1645102055441	OK	 
REQUEST		Click Button Next	1645102055419	1645102055641	OK	 
REQUEST		Click Button Next	1645102055444	1645102055682	OK	 
REQUEST		Select Age	1645102055502	1645102055738	OK	 
REQUEST		Select Age	1645102055523	1645102055755	OK	 
REQUEST		Click Button Next	1645102055740	1645102055945	OK	 
REQUEST		Click Button Next	1645102055756	1645102055969	OK	 
REQUEST		Proceed To Next Step	1645102056219	1645102056603	OK	 
REQUEST		Click Button Next	1645102056606	1645102056841	OK	 
REQUEST		Proceed To Next Step	1645102056725	1645102056965	OK	 
REQUEST		Get Spec	1645102056841	1645102057059	OK	 
REQUEST		Click Button Next	1645102056967	1645102057194	OK	 
REQUEST		Select Order With Max Value	1645102056983	1645102057195	OK	 
REQUEST		Proceed To Next Step	1645102057159	1645102057396	OK	 
REQUEST		Click Button Next	1645102057198	1645102057414	OK	 
REQUEST		Get Spec	1645102057196	1645102057414	OK	 
REQUEST		Click Button Next	1645102057401	1645102057628	OK	 
REQUEST		Select Order With Max Value	1645102057398	1645102057628	OK	 
REQUEST		Click Button Next	1645102057630	1645102057833	OK	 
REQUEST		Get Spec	1645102057628	1645102057833	OK	 
REQUEST		Get One Time Token	1645102058256	1645102058546	OK	 
REQUEST		Post One Time Token	1645102058547	1645102058808	OK	 
REQUEST		Proceed To Next Step	1645102058713	1645102058979	OK	 
REQUEST		Get One Time Token	1645102058967	1645102059204	OK	 
REQUEST		Click Button Next	1645102058984	1645102059244	OK	 
REQUEST		Get One Time Token	1645102059099	1645102059371	OK	 
REQUEST		Post One Time Token	1645102059207	1645102059450	OK	 
REQUEST		Get Spec	1645102059244	1645102059532	OK	 
REQUEST		Proceed To Next Step	1645102059319	1645102059584	OK	 
REQUEST		Post One Time Token	1645102059372	1645102059630	OK	 
REQUEST		Click Button Next	1645102059587	1645102059845	OK	 
REQUEST		Get Spec	1645102059847	1645102060207	OK	 
REQUEST		Get Done	1645102060190	1645102060596	OK	 
REQUEST		Click Start Again	1645102060598	1645102060828	OK	 
USER	HomeTask	END	1645102060830
REQUEST		Get Done	1645102060665	1645102060889	OK	 
REQUEST		Get One Time Token	1645102060658	1645102060889	OK	 
REQUEST		Post One Time Token	1645102060890	1645102061111	OK	 
REQUEST		Click Start Again	1645102060890	1645102061111	OK	 
USER	HomeTask	END	1645102061113
REQUEST		Get One Time Token	1645102061455	1645102061682	OK	 
REQUEST		Get Done	1645102061499	1645102061728	OK	 
REQUEST		Post One Time Token	1645102061683	1645102061909	OK	 
REQUEST		Click Start Again	1645102061729	1645102061969	OK	 
USER	HomeTask	END	1645102061970
REQUEST		Get Done	1645102062530	1645102062849	OK	 
REQUEST		Click Start Again	1645102062850	1645102063181	OK	 
USER	HomeTask	END	1645102063183
REQUEST		Get Done	1645102063840	1645102064181	OK	 
REQUEST		Click Start Again	1645102064182	1645102064489	OK	 
USER	HomeTask	END	1645102064491
