RUN	demoIvanka.HomeTask	hometask	1645097880858	 	3.6.1
USER	HomeTask	START	1645097881605
USER	HomeTask	START	1645097881806
USER	HomeTask	START	1645097882006
USER	HomeTask	START	1645097882207
USER	HomeTask	START	1645097882407
REQUEST		Open Homepage	1645097881616	1645097882442	OK	 
REQUEST		Open Homepage	1645097881806	1645097882637	OK	 
REQUEST		Open Homepage	1645097882006	1645097882825	OK	 
REQUEST		Open Homepage	1645097882207	1645097883029	OK	 
REQUEST		Open Homepage	1645097882407	1645097883228	OK	 
REQUEST		Click Button Start	1645097883998	1645097884220	OK	 
REQUEST		Click Button Start	1645097884049	1645097884247	OK	 
REQUEST		Click Button Start	1645097884321	1645097884610	OK	 
REQUEST		Click Button Start	1645097884611	1645097884811	OK	 
REQUEST		Click Button Start	1645097884734	1645097884938	OK	 
REQUEST		Select Age	1645097885503	1645097885717	OK	 
REQUEST		Click Button Next	1645097885721	1645097885932	OK	 
REQUEST		Select Age	1645097886005	1645097886219	OK	 
REQUEST		Select Age	1645097886158	1645097886368	OK	 
REQUEST		Click Button Next	1645097886225	1645097886426	OK	 
REQUEST		Click Button Next	1645097886372	1645097886573	OK	 
REQUEST		Select Age	1645097886431	1645097886644	OK	 
REQUEST		Select Age	1645097886461	1645097886666	OK	 
REQUEST		Click Button Next	1645097886648	1645097886853	OK	 
REQUEST		Click Button Next	1645097886668	1645097886880	OK	 
REQUEST		Select Order With Max Value	1645097887199	1645097887580	OK	 
REQUEST		Click Button Next	1645097887588	1645097887792	OK	 
REQUEST		Select Order With Max Value	1645097887606	1645097887826	OK	 
REQUEST		Select Order With Max Value	1645097887694	1645097887907	OK	 
REQUEST		Click Button Next	1645097887829	1645097888033	OK	 
REQUEST		Click Button Next	1645097887910	1645097888113	OK	 
REQUEST		Select Order With Max Value	1645097888214	1645097888502	OK	 
REQUEST		Click Button Next	1645097888505	1645097888706	OK	 
REQUEST		Select Order With Max Value	1645097888483	1645097888706	OK	 
REQUEST		Click Button Next	1645097888708	1645097888915	OK	 
REQUEST		Proceed To Next Step	1645097889693	1645097889913	OK	 
REQUEST		Proceed To Next Step	1645097889713	1645097889915	OK	 
REQUEST		Proceed To Next Step	1645097889776	1645097889980	OK	 
REQUEST		Click Button Next	1645097889921	1645097890119	OK	 
REQUEST		Click Button Next	1645097889920	1645097890121	OK	 
REQUEST		Proceed To Next Step	1645097889943	1645097890150	OK	 
REQUEST		Click Button Next	1645097889985	1645097890186	OK	 
REQUEST		Get Code Request	1645097890125	1645097890323	OK	 
REQUEST		Get Code Request	1645097890125	1645097890323	OK	 
REQUEST		Click Button Next	1645097890153	1645097890353	OK	 
REQUEST		Get Code Request	1645097890186	1645097890391	OK	 
REQUEST		Get Code Request	1645097890353	1645097890558	OK	 
REQUEST		Proceed To Next Step	1645097890848	1645097891073	OK	 
REQUEST		Click Button Next	1645097891077	1645097891284	OK	 
REQUEST		Get Code Request	1645097891285	1645097891496	OK	 
REQUEST		Get One Time Token	1645097891514	1645097891725	OK	 
REQUEST		Post One Time Token	1645097891727	1645097891931	OK	 
REQUEST		Get One Time Token	1645097891979	1645097892191	OK	 
REQUEST		Get One Time Token	1645097892031	1645097892238	OK	 
REQUEST		Get One Time Token	1645097892136	1645097892339	OK	 
REQUEST		Post One Time Token	1645097892194	1645097892394	OK	 
REQUEST		Post One Time Token	1645097892241	1645097892446	OK	 
REQUEST		Post One Time Token	1645097892341	1645097892539	OK	 
REQUEST		Get One Time Token	1645097893265	1645097893512	OK	 
REQUEST		Post One Time Token	1645097893514	1645097893719	OK	 
REQUEST		Get Done	1645097893703	1645097893912	OK	 
REQUEST		Get Done	1645097893774	1645097893991	OK	 
REQUEST		Click Start Again	1645097893915	1645097894117	OK	 
REQUEST		Get Done	1645097893918	1645097894119	OK	 
USER	HomeTask	END	1645097894123
USER	HomeTask	START	1645097894125
REQUEST		Click Start Again	1645097893992	1645097894199	OK	 
USER	HomeTask	END	1645097894200
USER	HomeTask	START	1645097894200
REQUEST		Click Start Again	1645097894121	1645097894329	OK	 
USER	HomeTask	END	1645097894330
USER	HomeTask	START	1645097894330
REQUEST		Get Done	1645097894255	1645097894452	OK	 
REQUEST		Click Start Again	1645097894453	1645097894671	OK	 
USER	HomeTask	END	1645097894672
USER	HomeTask	START	1645097894673
REQUEST		Open Homepage	1645097894125	1645097894962	OK	 
REQUEST		Open Homepage	1645097894200	1645097895018	OK	 
REQUEST		Open Homepage	1645097894330	1645097895156	OK	 
REQUEST		Get Done	1645097895322	1645097895521	OK	 
REQUEST		Open Homepage	1645097894673	1645097895521	OK	 
REQUEST		Click Start Again	1645097895522	1645097895875	OK	 
USER	HomeTask	END	1645097895877
USER	HomeTask	START	1645097895878
REQUEST		Click Button Start	1645097896105	1645097896323	OK	 
REQUEST		Click Button Start	1645097896179	1645097896387	OK	 
REQUEST		Open Homepage	1645097895878	1645097896674	OK	 
REQUEST		Click Button Start	1645097897114	1645097897324	OK	 
REQUEST		Select Age	1645097897440	1645097897650	OK	 
REQUEST		Click Button Start	1645097897514	1645097897724	OK	 
REQUEST		Click Button Next	1645097897651	1645097897860	OK	 
REQUEST		Click Button Start	1645097898060	1645097898272	OK	 
REQUEST		Select Age	1645097898247	1645097898458	OK	 
REQUEST		Click Button Next	1645097898461	1645097898663	OK	 
REQUEST		Select Age	1645097899158	1645097899378	OK	 
REQUEST		Select Order With Max Value	1645097899324	1645097899541	OK	 
REQUEST		Select Age	1645097899353	1645097899562	OK	 
REQUEST		Click Button Next	1645097899380	1645097899593	OK	 
REQUEST		Click Button Next	1645097899544	1645097899747	OK	 
REQUEST		Click Button Next	1645097899564	1645097899775	OK	 
REQUEST		Select Age	1645097899802	1645097900006	OK	 
REQUEST		Click Button Next	1645097900008	1645097900215	OK	 
REQUEST		Select Order With Max Value	1645097900452	1645097900843	OK	 
REQUEST		Click Button Next	1645097900845	1645097901044	OK	 
REQUEST		Proceed To Next Step	1645097900827	1645097901051	OK	 
REQUEST		Click Button Next	1645097901057	1645097901262	OK	 
REQUEST		Get Code Request	1645097901263	1645097901470	OK	 
REQUEST		Select Order With Max Value	1645097901321	1645097901538	OK	 
REQUEST		Select Order With Max Value	1645097901435	1645097901655	OK	 
REQUEST		Click Button Next	1645097901541	1645097901742	OK	 
REQUEST		Click Button Next	1645097901657	1645097901861	OK	 
REQUEST		Select Order With Max Value	1645097902177	1645097902407	OK	 
REQUEST		Click Button Next	1645097902411	1645097902614	OK	 
REQUEST		Get One Time Token	1645097902631	1645097902839	OK	 
REQUEST		Post One Time Token	1645097902843	1645097903048	OK	 
REQUEST		Proceed To Next Step	1645097902930	1645097903141	OK	 
REQUEST		Click Button Next	1645097903144	1645097903346	OK	 
REQUEST		Proceed To Next Step	1645097903165	1645097903371	OK	 
REQUEST		Get Code Request	1645097903347	1645097903546	OK	 
REQUEST		Click Button Next	1645097903374	1645097903580	OK	 
REQUEST		Proceed To Next Step	1645097903473	1645097903691	OK	 
REQUEST		Get Code Request	1645097903581	1645097903790	OK	 
REQUEST		Click Button Next	1645097903695	1645097903914	OK	 
REQUEST		Get Code Request	1645097903916	1645097904229	OK	 
REQUEST		Proceed To Next Step	1645097904494	1645097904720	OK	 
REQUEST		Click Button Next	1645097904724	1645097904926	OK	 
REQUEST		Get Code Request	1645097904927	1645097905133	OK	 
REQUEST		Get Done	1645097904955	1645097905172	OK	 
REQUEST		Get One Time Token	1645097905059	1645097905264	OK	 
REQUEST		Get One Time Token	1645097905077	1645097905288	OK	 
REQUEST		Click Start Again	1645097905173	1645097905393	OK	 
USER	HomeTask	END	1645097905396
USER	HomeTask	START	1645097905397
REQUEST		Post One Time Token	1645097905268	1645097905480	OK	 
REQUEST		Post One Time Token	1645097905289	1645097905498	OK	 
REQUEST		Get One Time Token	1645097905961	1645097906178	OK	 
REQUEST		Open Homepage	1645097905397	1645097906225	OK	 
REQUEST		Post One Time Token	1645097906181	1645097906390	OK	 
REQUEST		Get One Time Token	1645097906877	1645097907095	OK	 
REQUEST		Get Done	1645097906923	1645097907130	OK	 
REQUEST		Post One Time Token	1645097907096	1645097907322	OK	 
REQUEST		Click Start Again	1645097907130	1645097907334	OK	 
USER	HomeTask	END	1645097907335
USER	HomeTask	START	1645097907335
REQUEST		Get Done	1645097907237	1645097907446	OK	 
REQUEST		Click Start Again	1645097907448	1645097907658	OK	 
USER	HomeTask	END	1645097907661
USER	HomeTask	START	1645097907662
REQUEST		Click Button Start	1645097907514	1645097907726	OK	 
REQUEST		Get Done	1645097907863	1645097908073	OK	 
REQUEST		Open Homepage	1645097907335	1645097908162	OK	 
REQUEST		Click Start Again	1645097908076	1645097908288	OK	 
USER	HomeTask	END	1645097908288
USER	HomeTask	START	1645097908289
REQUEST		Open Homepage	1645097907662	1645097908482	OK	 
REQUEST		Get Done	1645097908821	1645097909023	OK	 
REQUEST		Open Homepage	1645097908289	1645097909189	OK	 
REQUEST		Click Start Again	1645097909025	1645097909227	OK	 
USER	HomeTask	END	1645097909228
REQUEST		Select Age	1645097909022	1645097909229	OK	 
USER	HomeTask	START	1645097909229
REQUEST		Click Button Next	1645097909230	1645097909451	OK	 
REQUEST		Open Homepage	1645097909229	1645097910047	OK	 
REQUEST		Click Button Start	1645097909874	1645097910116	OK	 
REQUEST		Click Button Start	1645097910126	1645097910331	OK	 
REQUEST		Click Button Start	1645097911147	1645097911354	OK	 
REQUEST		Select Order With Max Value	1645097911158	1645097911388	OK	 
REQUEST		Click Button Next	1645097911393	1645097911618	OK	 
REQUEST		Click Button Start	1645097911534	1645097911739	OK	 
REQUEST		Select Age	1645097911555	1645097911778	OK	 
REQUEST		Click Button Next	1645097911780	1645097911989	OK	 
REQUEST		Select Age	1645097912302	1645097912541	OK	 
REQUEST		Select Age	1645097912445	1645097912653	OK	 
REQUEST		Click Button Next	1645097912543	1645097912740	OK	 
REQUEST		Click Button Next	1645097912655	1645097912856	OK	 
REQUEST		Proceed To Next Step	1645097912739	1645097912952	OK	 
REQUEST		Select Age	1645097912949	1645097913161	OK	 
REQUEST		Click Button Next	1645097912956	1645097913164	OK	 
REQUEST		Click Button Next	1645097913165	1645097913369	OK	 
REQUEST		Get Code Request	1645097913165	1645097913370	OK	 
REQUEST		Select Order With Max Value	1645097913198	1645097913405	OK	 
REQUEST		Click Button Next	1645097913409	1645097913613	OK	 
REQUEST		Select Order With Max Value	1645097914161	1645097914522	OK	 
REQUEST		Click Button Next	1645097914528	1645097914726	OK	 
REQUEST		Get One Time Token	1645097914586	1645097914793	OK	 
REQUEST		Select Order With Max Value	1645097914631	1645097914840	OK	 
REQUEST		Post One Time Token	1645097914797	1645097915005	OK	 
REQUEST		Click Button Next	1645097914842	1645097915044	OK	 
REQUEST		Proceed To Next Step	1645097914973	1645097915188	OK	 
REQUEST		Select Order With Max Value	1645097915050	1645097915260	OK	 
REQUEST		Click Button Next	1645097915190	1645097915390	OK	 
REQUEST		Click Button Next	1645097915262	1645097915471	OK	 
REQUEST		Get Code Request	1645097915391	1645097915601	OK	 
REQUEST		Proceed To Next Step	1645097915945	1645097916160	OK	 
REQUEST		Click Button Next	1645097916169	1645097916370	OK	 
REQUEST		Get Code Request	1645097916371	1645097916574	OK	 
REQUEST		Proceed To Next Step	1645097916421	1645097916623	OK	 
REQUEST		Proceed To Next Step	1645097916570	1645097916779	OK	 
REQUEST		Click Button Next	1645097916626	1645097916829	OK	 
REQUEST		Click Button Next	1645097916783	1645097916986	OK	 
REQUEST		Get Code Request	1645097916829	1645097917036	OK	 
REQUEST		Get Done	1645097916952	1645097917160	OK	 
REQUEST		Get Code Request	1645097916987	1645097917189	OK	 
REQUEST		Click Start Again	1645097917161	1645097917379	OK	 
USER	HomeTask	END	1645097917383
USER	HomeTask	START	1645097917383
REQUEST		Get One Time Token	1645097917295	1645097917517	OK	 
REQUEST		Post One Time Token	1645097917521	1645097917727	OK	 
REQUEST		Open Homepage	1645097917384	1645097918245	OK	 
REQUEST		Get One Time Token	1645097918473	1645097918678	OK	 
REQUEST		Get One Time Token	1645097918522	1645097918727	OK	 
REQUEST		Post One Time Token	1645097918680	1645097918878	OK	 
REQUEST		Post One Time Token	1645097918729	1645097918930	OK	 
REQUEST		Get Done	1645097918877	1645097919084	OK	 
REQUEST		Get One Time Token	1645097918899	1645097919109	OK	 
REQUEST		Click Start Again	1645097919086	1645097919284	OK	 
USER	HomeTask	END	1645097919287
USER	HomeTask	START	1645097919288
REQUEST		Post One Time Token	1645097919111	1645097919309	OK	 
REQUEST		Click Button Start	1645097919330	1645097919535	OK	 
REQUEST		Open Homepage	1645097919288	1645097920094	OK	 
REQUEST		Get Done	1645097919908	1645097920124	OK	 
REQUEST		Click Start Again	1645097920125	1645097920346	OK	 
USER	HomeTask	END	1645097920349
USER	HomeTask	START	1645097920350
REQUEST		Get Done	1645097920169	1645097920369	OK	 
REQUEST		Click Start Again	1645097920371	1645097920575	OK	 
USER	HomeTask	END	1645097920577
REQUEST		Get Done	1645097920376	1645097920577	OK	 
USER	HomeTask	START	1645097920577
REQUEST		Click Start Again	1645097920578	1645097920784	OK	 
USER	HomeTask	END	1645097920785
USER	HomeTask	START	1645097920785
REQUEST		Select Age	1645097920719	1645097920944	OK	 
REQUEST		Click Button Next	1645097920947	1645097921155	OK	 
REQUEST		Open Homepage	1645097920350	1645097921158	OK	 
REQUEST		Open Homepage	1645097920577	1645097921377	OK	 
REQUEST		Open Homepage	1645097920785	1645097921611	OK	 
REQUEST		Click Button Start	1645097921569	1645097921780	OK	 
REQUEST		Click Button Start	1645097922426	1645097922640	OK	 
REQUEST		Click Button Start	1645097922665	1645097922876	OK	 
REQUEST		Select Order With Max Value	1645097923031	1645097923244	OK	 
REQUEST		Click Button Start	1645097923091	1645097923293	OK	 
REQUEST		Click Button Next	1645097923247	1645097923452	OK	 
REQUEST		Select Age	1645097923657	1645097923862	OK	 
REQUEST		Click Button Next	1645097923864	1645097924065	OK	 
REQUEST		Select Age	1645097923988	1645097924197	OK	 
REQUEST		Click Button Next	1645097924198	1645097924424	OK	 
REQUEST		Select Age	1645097924411	1645097924624	OK	 
REQUEST		Select Age	1645097924483	1645097924689	OK	 
REQUEST		Click Button Next	1645097924631	1645097924834	OK	 
REQUEST		Click Button Next	1645097924690	1645097924894	OK	 
REQUEST		Select Order With Max Value	1645097925389	1645097925627	OK	 
REQUEST		Proceed To Next Step	1645097925425	1645097925627	OK	 
REQUEST		Click Button Next	1645097925629	1645097925826	OK	 
REQUEST		Click Button Next	1645097925630	1645097925831	OK	 
REQUEST		Get Code Request	1645097925831	1645097926030	OK	 
REQUEST		Select Order With Max Value	1645097925852	1645097926061	OK	 
REQUEST		Click Button Next	1645097926063	1645097926267	OK	 
REQUEST		Select Order With Max Value	1645097926772	1645097926988	OK	 
REQUEST		Select Order With Max Value	1645097926827	1645097927040	OK	 
REQUEST		Click Button Next	1645097926990	1645097927202	OK	 
REQUEST		Click Button Next	1645097927041	1645097927240	OK	 
REQUEST		Get One Time Token	1645097927081	1645097927285	OK	 
REQUEST		Post One Time Token	1645097927287	1645097927501	OK	 
REQUEST		Proceed To Next Step	1645097927486	1645097927702	OK	 
REQUEST		Click Button Next	1645097927704	1645097927917	OK	 
REQUEST		Proceed To Next Step	1645097927719	1645097927936	OK	 
REQUEST		Get Code Request	1645097927918	1645097928122	OK	 
REQUEST		Click Button Next	1645097927939	1645097928132	OK	 
REQUEST		Get Code Request	1645097928133	1645097928331	OK	 
REQUEST		Proceed To Next Step	1645097928345	1645097928683	OK	 
REQUEST		Click Button Next	1645097928688	1645097928918	OK	 
REQUEST		Get Done	1645097928796	1645097928999	OK	 
REQUEST		Get Code Request	1645097928919	1645097929134	OK	 
REQUEST		Click Start Again	1645097929001	1645097929227	OK	 
USER	HomeTask	END	1645097929230
USER	HomeTask	START	1645097929231
REQUEST		Proceed To Next Step	1645097929120	1645097929324	OK	 
REQUEST		Click Button Next	1645097929327	1645097929523	OK	 
REQUEST		Get Code Request	1645097929524	1645097929721	OK	 
REQUEST		Get One Time Token	1645097929532	1645097929732	OK	 
REQUEST		Post One Time Token	1645097929733	1645097929936	OK	 
REQUEST		Open Homepage	1645097929231	1645097930022	OK	 
REQUEST		Get One Time Token	1645097929884	1645097930090	OK	 
REQUEST		Post One Time Token	1645097930092	1645097930294	OK	 
REQUEST		Get One Time Token	1645097930405	1645097930616	OK	 
REQUEST		Post One Time Token	1645097930620	1645097930821	OK	 
REQUEST		Click Button Start	1645097931148	1645097931366	OK	 
REQUEST		Get One Time Token	1645097931211	1645097931422	OK	 
REQUEST		Post One Time Token	1645097931425	1645097931633	OK	 
REQUEST		Get Done	1645097931490	1645097931727	OK	 
REQUEST		Click Start Again	1645097931729	1645097931934	OK	 
USER	HomeTask	END	1645097931935
USER	HomeTask	START	1645097931936
REQUEST		Get Done	1645097931903	1645097932107	OK	 
REQUEST		Click Start Again	1645097932109	1645097932329	OK	 
USER	HomeTask	END	1645097932330
USER	HomeTask	START	1645097932330
REQUEST		Get Done	1645097932329	1645097932542	OK	 
REQUEST		Click Start Again	1645097932543	1645097932746	OK	 
USER	HomeTask	END	1645097932747
USER	HomeTask	START	1645097932748
REQUEST		Open Homepage	1645097931936	1645097932770	OK	 
REQUEST		Select Age	1645097932617	1645097932821	OK	 
REQUEST		Get Done	1645097932749	1645097932946	OK	 
REQUEST		Click Button Next	1645097932822	1645097933024	OK	 
REQUEST		Open Homepage	1645097932330	1645097933140	OK	 
REQUEST		Click Start Again	1645097932947	1645097933159	OK	 
USER	HomeTask	END	1645097933161
USER	HomeTask	START	1645097933164
REQUEST		Open Homepage	1645097932748	1645097933551	OK	 
REQUEST		Open Homepage	1645097933164	1645097933975	OK	 
REQUEST		Click Button Start	1645097933950	1645097934173	OK	 
REQUEST		Click Button Start	1645097934629	1645097934836	OK	 
REQUEST		Click Button Start	1645097934635	1645097934838	OK	 
REQUEST		Select Order With Max Value	1645097934704	1645097934912	OK	 
REQUEST		Click Button Next	1645097934914	1645097935117	OK	 
REQUEST		Select Age	1645097935513	1645097935726	OK	 
REQUEST		Click Button Start	1645097935708	1645097935917	OK	 
REQUEST		Click Button Next	1645097935727	1645097935924	OK	 
REQUEST		Select Age	1645097936542	1645097936756	OK	 
REQUEST		Select Age	1645097936650	1645097936859	OK	 
REQUEST		Proceed To Next Step	1645097936723	1645097936929	OK	 
REQUEST		Click Button Next	1645097936759	1645097936962	OK	 
REQUEST		Click Button Next	1645097936861	1645097937065	OK	 
REQUEST		Click Button Next	1645097936934	1645097937139	OK	 
REQUEST		Get Code Request	1645097937140	1645097937343	OK	 
REQUEST		Select Order With Max Value	1645097937252	1645097937478	OK	 
REQUEST		Click Button Next	1645097937482	1645097937693	OK	 
REQUEST		Select Age	1645097937511	1645097937733	OK	 
REQUEST		Click Button Next	1645097937736	1645097937938	OK	 
REQUEST		Select Order With Max Value	1645097938800	1645097939017	OK	 
REQUEST		Select Order With Max Value	1645097938820	1645097939027	OK	 
REQUEST		Click Button Next	1645097939019	1645097939223	OK	 
REQUEST		Click Button Next	1645097939029	1645097939245	OK	 
REQUEST		Get One Time Token	1645097939158	1645097939368	OK	 
REQUEST		Post One Time Token	1645097939369	1645097939568	OK	 
REQUEST		Proceed To Next Step	1645097939523	1645097939731	OK	 
REQUEST		Click Button Next	1645097939734	1645097939942	OK	 
REQUEST		Select Order With Max Value	1645097939917	1645097940149	OK	 
REQUEST		Get Code Request	1645097939943	1645097940168	OK	 
REQUEST		Click Button Next	1645097940153	1645097940357	OK	 
REQUEST		Proceed To Next Step	1645097940334	1645097940542	OK	 
REQUEST		Click Button Next	1645097940544	1645097940750	OK	 
REQUEST		Proceed To Next Step	1645097940549	1645097940752	OK	 
REQUEST		Get Done	1645097940575	1645097940792	OK	 
REQUEST		Click Button Next	1645097940754	1645097940958	OK	 
REQUEST		Get Code Request	1645097940750	1645097940958	OK	 
REQUEST		Click Start Again	1645097940793	1645097941015	OK	 
USER	HomeTask	END	1645097941016
USER	HomeTask	START	1645097941017
REQUEST		Get Code Request	1645097940959	1645097941160	OK	 
REQUEST		Get One Time Token	1645097941587	1645097941824	OK	 
REQUEST		Open Homepage	1645097941017	1645097941827	OK	 
REQUEST		Post One Time Token	1645097941824	1645097942025	OK	 
REQUEST		Proceed To Next Step	1645097942011	1645097942219	OK	 
REQUEST		Click Button Next	1645097942222	1645097942422	OK	 
REQUEST		Get One Time Token	1645097942295	1645097942500	OK	 
REQUEST		Get Code Request	1645097942423	1645097942622	OK	 
REQUEST		Post One Time Token	1645097942502	1645097942705	OK	 
REQUEST		Get One Time Token	1645097942889	1645097943096	OK	 
REQUEST		Post One Time Token	1645097943097	1645097943300	OK	 
REQUEST		Get Done	1645097943271	1645097943476	OK	 
REQUEST		Click Start Again	1645097943477	1645097943681	OK	 
USER	HomeTask	END	1645097943683
REQUEST		Click Button Start	1645097943596	1645097943794	OK	 
REQUEST		Get Done	1645097943983	1645097944185	OK	 
REQUEST		Click Start Again	1645097944186	1645097944386	OK	 
USER	HomeTask	END	1645097944387
REQUEST		Get One Time Token	1645097944194	1645097944393	OK	 
REQUEST		Post One Time Token	1645097944393	1645097944603	OK	 
REQUEST		Get Done	1645097944471	1645097944675	OK	 
REQUEST		Click Start Again	1645097944675	1645097944880	OK	 
USER	HomeTask	END	1645097944882
REQUEST		Select Age	1645097945039	1645097945267	OK	 
REQUEST		Click Button Next	1645097945268	1645097945468	OK	 
REQUEST		Get Done	1645097945758	1645097945964	OK	 
REQUEST		Click Start Again	1645097945965	1645097946162	OK	 
USER	HomeTask	END	1645097946163
REQUEST		Select Order With Max Value	1645097947056	1645097947486	OK	 
REQUEST		Click Button Next	1645097947487	1645097947688	OK	 
REQUEST		Proceed To Next Step	1645097949519	1645097949728	OK	 
REQUEST		Click Button Next	1645097949734	1645097949935	OK	 
REQUEST		Get Code Request	1645097949936	1645097950129	OK	 
REQUEST		Get One Time Token	1645097951212	1645097951422	OK	 
REQUEST		Post One Time Token	1645097951424	1645097951620	OK	 
REQUEST		Get Done	1645097953408	1645097953615	OK	 
REQUEST		Click Start Again	1645097953617	1645097953819	OK	 
USER	HomeTask	END	1645097953820
