RUN	demoIvanka.HomeTask	hometask	1645099789584	test	3.6.1
USER	HomeTask	START	1645099790183
USER	HomeTask	START	1645099790383
USER	HomeTask	START	1645099790584
USER	HomeTask	START	1645099790784
USER	HomeTask	START	1645099790983
REQUEST		Open Homepage	1645099790193	1645099791042	OK	 
REQUEST		Open Homepage	1645099790384	1645099791222	OK	 
REQUEST		Open Homepage	1645099790585	1645099791424	OK	 
REQUEST		Open Homepage	1645099790784	1645099791609	OK	 
REQUEST		Open Homepage	1645099790984	1645099791808	OK	 
REQUEST		Click Button Start	1645099792265	1645099792608	OK	 
REQUEST		Click Button Start	1645099792265	1645099792608	OK	 
REQUEST		Click Button Start	1645099792846	1645099793056	OK	 
REQUEST		Click Button Start	1645099793392	1645099793616	OK	 
REQUEST		Click Button Start	1645099793480	1645099793695	OK	 
REQUEST		Select Age	1645099793675	1645099793883	OK	 
REQUEST		Click Button Next	1645099793888	1645099794095	OK	 
REQUEST		Select Age	1645099793880	1645099794093	OK	 
REQUEST		Click Button Next	1645099794097	1645099794302	OK	 
REQUEST		Select Age	1645099795536	1645099795750	OK	 
REQUEST		Select Age	1645099795598	1645099795807	OK	 
REQUEST		Select Age	1645099795009	1645099795935	OK	 
REQUEST		Click Button Next	1645099795755	1645099795959	OK	 
REQUEST		Click Button Next	1645099795809	1645099796013	OK	 
REQUEST		Click Button Next	1645099795938	1645099796140	OK	 
REQUEST		Select Order With Max Value	1645099796041	1645099796250	OK	 
REQUEST		Select Order With Max Value	1645099796155	1645099796365	OK	 
REQUEST		Click Button Next	1645099796258	1645099796482	OK	 
REQUEST		Click Button Next	1645099796368	1645099796568	OK	 
REQUEST		Select Order With Max Value	1645099797473	1645099797698	OK	 
REQUEST		Proceed To Next Step	1645099797671	1645099797875	OK	 
REQUEST		Click Button Next	1645099797703	1645099797906	OK	 
REQUEST		Select Order With Max Value	1645099797859	1645099798082	OK	 
REQUEST		Click Button Next	1645099797884	1645099798106	OK	 
REQUEST		Select Order With Max Value	1645099797948	1645099798155	OK	 
REQUEST		Click Button Next	1645099798088	1645099798291	OK	 
REQUEST		Get Spec	1645099798116	1645099798310	OK	 
REQUEST		Click Button Next	1645099798158	1645099798356	OK	 
REQUEST		Proceed To Next Step	1645099798530	1645099798742	OK	 
REQUEST		Click Button Next	1645099798753	1645099798951	OK	 
REQUEST		Get Spec	1645099798953	1645099799158	OK	 
REQUEST		Proceed To Next Step	1645099799579	1645099799808	OK	 
REQUEST		Proceed To Next Step	1645099799607	1645099799824	OK	 
REQUEST		Get One Time Token	1645099799799	1645099800030	OK	 
REQUEST		Click Button Next	1645099799830	1645099800060	OK	 
REQUEST		Click Button Next	1645099799817	1645099800060	OK	 
REQUEST		Proceed To Next Step	1645099799860	1645099800100	OK	 
REQUEST		Post One Time Token	1645099800032	1645099800243	OK	 
REQUEST		Get Spec	1645099800061	1645099800278	OK	 
REQUEST		Get Spec	1645099800061	1645099800278	OK	 
REQUEST		Click Button Next	1645099800106	1645099800319	OK	 
REQUEST		Get Spec	1645099800320	1645099800533	OK	 
REQUEST		Get One Time Token	1645099800426	1645099800638	OK	 
REQUEST		Post One Time Token	1645099800642	1645099800846	OK	 
REQUEST		Get One Time Token	1645099801512	1645099801725	OK	 
REQUEST		Get Done	1645099801675	1645099801906	OK	 
REQUEST		Post One Time Token	1645099801728	1645099801933	OK	 
REQUEST		Click Start Again	1645099801909	1645099802109	OK	 
USER	HomeTask	END	1645099802113
USER	HomeTask	START	1645099802114
REQUEST		Get One Time Token	1645099801994	1645099802195	OK	 
REQUEST		Get One Time Token	1645099802097	1645099802303	OK	 
REQUEST		Get Done	1645099802130	1645099802350	OK	 
REQUEST		Post One Time Token	1645099802197	1645099802403	OK	 
REQUEST		Post One Time Token	1645099802306	1645099802518	OK	 
REQUEST		Click Start Again	1645099802350	1645099802551	OK	 
USER	HomeTask	END	1645099802552
USER	HomeTask	START	1645099802553
REQUEST		Open Homepage	1645099802115	1645099802938	OK	 
REQUEST		Open Homepage	1645099802553	1645099803360	OK	 
REQUEST		Get Done	1645099803844	1645099804056	OK	 
REQUEST		Get Done	1645099803982	1645099804193	OK	 
REQUEST		Get Done	1645099804020	1645099804235	OK	 
REQUEST		Click Start Again	1645099804058	1645099804265	OK	 
USER	HomeTask	END	1645099804266
USER	HomeTask	START	1645099804267
REQUEST		Click Start Again	1645099804195	1645099804412	OK	 
USER	HomeTask	END	1645099804416
USER	HomeTask	START	1645099804417
REQUEST		Click Start Again	1645099804237	1645099804451	OK	 
USER	HomeTask	END	1645099804452
USER	HomeTask	START	1645099804454
REQUEST		Click Button Start	1645099804610	1645099804808	OK	 
REQUEST		Click Button Start	1645099804891	1645099805102	OK	 
REQUEST		Open Homepage	1645099804268	1645099805101	OK	 
REQUEST		Open Homepage	1645099804417	1645099805240	OK	 
REQUEST		Open Homepage	1645099804454	1645099805278	OK	 
REQUEST		Select Age	1645099805978	1645099806198	OK	 
REQUEST		Select Age	1645099806185	1645099806397	OK	 
REQUEST		Click Button Next	1645099806201	1645099806409	OK	 
REQUEST		Click Button Next	1645099806400	1645099806598	OK	 
REQUEST		Click Button Start	1645099806403	1645099806601	OK	 
REQUEST		Click Button Start	1645099806506	1645099806709	OK	 
REQUEST		Click Button Start	1645099806914	1645099807115	OK	 
REQUEST		Select Order With Max Value	1645099807576	1645099807801	OK	 
REQUEST		Select Order With Max Value	1645099807656	1645099807872	OK	 
REQUEST		Click Button Next	1645099807805	1645099808021	OK	 
REQUEST		Click Button Next	1645099807876	1645099808102	OK	 
REQUEST		Select Age	1645099808119	1645099808337	OK	 
REQUEST		Select Age	1645099808297	1645099808528	OK	 
REQUEST		Click Button Next	1645099808340	1645099808549	OK	 
REQUEST		Click Button Next	1645099808531	1645099808744	OK	 
REQUEST		Select Age	1645099808603	1645099808816	OK	 
REQUEST		Click Button Next	1645099808819	1645099809031	OK	 
REQUEST		Proceed To Next Step	1645099809828	1645099810060	OK	 
REQUEST		Proceed To Next Step	1645099809852	1645099810066	OK	 
REQUEST		Click Button Next	1645099810068	1645099810267	OK	 
REQUEST		Click Button Next	1645099810071	1645099810291	OK	 
REQUEST		Get Spec	1645099810268	1645099810487	OK	 
REQUEST		Get Spec	1645099810292	1645099810498	OK	 
REQUEST		Select Order With Max Value	1645099810325	1645099810541	OK	 
REQUEST		Select Order With Max Value	1645099810473	1645099810690	OK	 
REQUEST		Click Button Next	1645099810545	1645099810749	OK	 
REQUEST		Select Order With Max Value	1645099810651	1645099810876	OK	 
REQUEST		Click Button Next	1645099810694	1645099810932	OK	 
REQUEST		Click Button Next	1645099810881	1645099811089	OK	 
REQUEST		Get One Time Token	1645099811626	1645099811995	OK	 
REQUEST		Post One Time Token	1645099811997	1645099812202	OK	 
REQUEST		Get One Time Token	1645099811972	1645099812202	OK	 
REQUEST		Proceed To Next Step	1645099812055	1645099812273	OK	 
REQUEST		Post One Time Token	1645099812204	1645099812426	OK	 
REQUEST		Click Button Next	1645099812279	1645099812508	OK	 
REQUEST		Proceed To Next Step	1645099812294	1645099812508	OK	 
REQUEST		Proceed To Next Step	1645099812438	1645099812686	OK	 
REQUEST		Click Button Next	1645099812512	1645099812719	OK	 
REQUEST		Get Spec	1645099812509	1645099812743	OK	 
REQUEST		Click Button Next	1645099812691	1645099812915	OK	 
REQUEST		Get Spec	1645099812720	1645099812915	OK	 
REQUEST		Get Spec	1645099812915	1645099813120	OK	 
REQUEST		Get One Time Token	1645099813941	1645099814163	OK	 
REQUEST		Get Done	1645099814009	1645099814211	OK	 
REQUEST		Get Done	1645099814056	1645099814262	OK	 
REQUEST		Post One Time Token	1645099814165	1645099814372	OK	 
REQUEST		Click Start Again	1645099814212	1645099814419	OK	 
USER	HomeTask	END	1645099814421
USER	HomeTask	START	1645099814421
REQUEST		Click Start Again	1645099814263	1645099814470	OK	 
USER	HomeTask	END	1645099814472
USER	HomeTask	START	1645099814473
REQUEST		Get One Time Token	1645099814373	1645099814596	OK	 
REQUEST		Get One Time Token	1645099814442	1645099814676	OK	 
REQUEST		Post One Time Token	1645099814598	1645099814800	OK	 
REQUEST		Post One Time Token	1645099814677	1645099814881	OK	 
REQUEST		Open Homepage	1645099814422	1645099815278	OK	 
REQUEST		Open Homepage	1645099814473	1645099815316	OK	 
REQUEST		Get Done	1645099815689	1645099815899	OK	 
REQUEST		Click Start Again	1645099815900	1645099816106	OK	 
USER	HomeTask	END	1645099816108
USER	HomeTask	START	1645099816110
REQUEST		Get Done	1645099816454	1645099816661	OK	 
REQUEST		Click Button Start	1645099816618	1645099816816	OK	 
REQUEST		Click Button Start	1645099816602	1645099816816	OK	 
REQUEST		Click Start Again	1645099816663	1645099816884	OK	 
USER	HomeTask	END	1645099816885
USER	HomeTask	START	1645099816885
REQUEST		Open Homepage	1645099816110	1645099816946	OK	 
REQUEST		Get Done	1645099816826	1645099817043	OK	 
REQUEST		Click Start Again	1645099817044	1645099817251	OK	 
USER	HomeTask	END	1645099817253
USER	HomeTask	START	1645099817254
REQUEST		Open Homepage	1645099816886	1645099817712	OK	 
REQUEST		Select Age	1645099817841	1645099818049	OK	 
REQUEST		Open Homepage	1645099817255	1645099818107	OK	 
REQUEST		Click Button Next	1645099818053	1645099818267	OK	 
REQUEST		Select Age	1645099818265	1645099818575	OK	 
REQUEST		Click Button Next	1645099818579	1645099818787	OK	 
REQUEST		Click Button Start	1645099818813	1645099819018	OK	 
REQUEST		Click Button Start	1645099819314	1645099819552	OK	 
REQUEST		Click Button Start	1645099819348	1645099819552	OK	 
REQUEST		Select Order With Max Value	1645099819473	1645099819730	OK	 
REQUEST		Click Button Next	1645099819735	1645099819939	OK	 
REQUEST		Select Order With Max Value	1645099820473	1645099820695	OK	 
REQUEST		Select Age	1645099820510	1645099820723	OK	 
REQUEST		Click Button Next	1645099820698	1645099820902	OK	 
REQUEST		Select Age	1645099820722	1645099820924	OK	 
REQUEST		Click Button Next	1645099820726	1645099820938	OK	 
REQUEST		Select Age	1645099820765	1645099820976	OK	 
REQUEST		Click Button Next	1645099820926	1645099821127	OK	 
REQUEST		Click Button Next	1645099820978	1645099821186	OK	 
REQUEST		Proceed To Next Step	1645099821256	1645099821457	OK	 
REQUEST		Click Button Next	1645099821461	1645099821661	OK	 
REQUEST		Get Spec	1645099821663	1645099821863	OK	 
REQUEST		Proceed To Next Step	1645099822355	1645099822578	OK	 
REQUEST		Select Order With Max Value	1645099822512	1645099822721	OK	 
REQUEST		Click Button Next	1645099822582	1645099822809	OK	 
REQUEST		Click Button Next	1645099822725	1645099822928	OK	 
REQUEST		Get Spec	1645099822810	1645099823012	OK	 
REQUEST		Select Order With Max Value	1645099822812	1645099823030	OK	 
REQUEST		Get One Time Token	1645099822909	1645099823113	OK	 
REQUEST		Select Order With Max Value	1645099823013	1645099823221	OK	 
REQUEST		Click Button Next	1645099823033	1645099823232	OK	 
REQUEST		Post One Time Token	1645099823116	1645099823316	OK	 
REQUEST		Click Button Next	1645099823225	1645099823426	OK	 
REQUEST		Proceed To Next Step	1645099823979	1645099824188	OK	 
REQUEST		Click Button Next	1645099824194	1645099824398	OK	 
REQUEST		Get One Time Token	1645099824251	1645099824458	OK	 
REQUEST		Get Spec	1645099824399	1645099824611	OK	 
REQUEST		Post One Time Token	1645099824461	1645099824672	OK	 
REQUEST		Proceed To Next Step	1645099824586	1645099824804	OK	 
REQUEST		Click Button Next	1645099824807	1645099825006	OK	 
REQUEST		Get Spec	1645099825007	1645099825204	OK	 
REQUEST		Get Done	1645099825252	1645099825460	OK	 
REQUEST		Proceed To Next Step	1645099825304	1645099825516	OK	 
REQUEST		Click Start Again	1645099825462	1645099825665	OK	 
USER	HomeTask	END	1645099825668
REQUEST		Click Button Next	1645099825520	1645099825720	OK	 
USER	HomeTask	START	1645099825669
REQUEST		Get Spec	1645099825722	1645099825928	OK	 
REQUEST		Get Done	1645099826310	1645099826528	OK	 
REQUEST		Open Homepage	1645099825669	1645099826632	OK	 
REQUEST		Get One Time Token	1645099826544	1645099826756	OK	 
REQUEST		Click Start Again	1645099826531	1645099826760	OK	 
USER	HomeTask	END	1645099826761
USER	HomeTask	START	1645099826761
REQUEST		Get One Time Token	1645099826701	1645099826924	OK	 
REQUEST		Post One Time Token	1645099826758	1645099826958	OK	 
REQUEST		Post One Time Token	1645099826926	1645099827129	OK	 
REQUEST		Get One Time Token	1645099827349	1645099827564	OK	 
REQUEST		Open Homepage	1645099826761	1645099827613	OK	 
REQUEST		Post One Time Token	1645099827566	1645099827791	OK	 
REQUEST		Click Button Start	1645099827688	1645099827905	OK	 
REQUEST		Get Done	1645099828475	1645099828685	OK	 
REQUEST		Get Done	1645099828542	1645099828750	OK	 
REQUEST		Click Start Again	1645099828687	1645099828890	OK	 
USER	HomeTask	END	1645099828893
USER	HomeTask	START	1645099828894
REQUEST		Click Start Again	1645099828752	1645099828958	OK	 
USER	HomeTask	END	1645099828960
USER	HomeTask	START	1645099828960
REQUEST		Click Button Start	1645099828855	1645099829066	OK	 
REQUEST		Select Age	1645099828936	1645099829145	OK	 
REQUEST		Get Done	1645099829075	1645099829289	OK	 
REQUEST		Click Button Next	1645099829149	1645099829368	OK	 
REQUEST		Click Start Again	1645099829292	1645099829514	OK	 
USER	HomeTask	END	1645099829516
USER	HomeTask	START	1645099829516
REQUEST		Open Homepage	1645099828894	1645099829708	OK	 
REQUEST		Open Homepage	1645099828961	1645099829830	OK	 
REQUEST		Open Homepage	1645099829517	1645099830326	OK	 
REQUEST		Select Age	1645099830570	1645099830908	OK	 
REQUEST		Click Button Next	1645099830910	1645099831116	OK	 
REQUEST		Click Button Start	1645099831120	1645099831321	OK	 
REQUEST		Select Order With Max Value	1645099831214	1645099831432	OK	 
REQUEST		Click Button Start	1645099831321	1645099831545	OK	 
REQUEST		Click Button Next	1645099831435	1645099831653	OK	 
REQUEST		Click Button Start	1645099831750	1645099831959	OK	 
REQUEST		Select Order With Max Value	1645099832260	1645099832475	OK	 
REQUEST		Click Button Next	1645099832477	1645099832680	OK	 
REQUEST		Select Age	1645099832833	1645099833046	OK	 
REQUEST		Click Button Next	1645099833050	1645099833255	OK	 
REQUEST		Select Age	1645099833147	1645099833364	OK	 
REQUEST		Proceed To Next Step	1645099833182	1645099833401	OK	 
REQUEST		Click Button Next	1645099833366	1645099833567	OK	 
REQUEST		Click Button Next	1645099833405	1645099833626	OK	 
REQUEST		Get Spec	1645099833628	1645099833844	OK	 
REQUEST		Select Age	1645099833767	1645099833979	OK	 
REQUEST		Proceed To Next Step	1645099833837	1645099834049	OK	 
REQUEST		Click Button Next	1645099833983	1645099834193	OK	 
REQUEST		Click Button Next	1645099834052	1645099834256	OK	 
REQUEST		Get Spec	1645099834257	1645099834461	OK	 
REQUEST		Select Order With Max Value	1645099834593	1645099834897	OK	 
REQUEST		Click Button Next	1645099834901	1645099835109	OK	 
REQUEST		Select Order With Max Value	1645099835422	1645099835648	OK	 
REQUEST		Select Order With Max Value	1645099835488	1645099835709	OK	 
REQUEST		Click Button Next	1645099835651	1645099835851	OK	 
REQUEST		Get One Time Token	1645099835647	1645099835857	OK	 
REQUEST		Click Button Next	1645099835713	1645099835921	OK	 
REQUEST		Get One Time Token	1645099835847	1645099836056	OK	 
REQUEST		Post One Time Token	1645099835858	1645099836059	OK	 
REQUEST		Post One Time Token	1645099836058	1645099836260	OK	 
REQUEST		Proceed To Next Step	1645099836366	1645099836740	OK	 
REQUEST		Click Button Next	1645099836746	1645099837045	OK	 
REQUEST		Get Spec	1645099837046	1645099837254	OK	 
REQUEST		Get Done	1645099837116	1645099837348	OK	 
REQUEST		Click Start Again	1645099837349	1645099837553	OK	 
USER	HomeTask	END	1645099837555
USER	HomeTask	START	1645099837556
REQUEST		Proceed To Next Step	1645099837418	1645099837626	OK	 
REQUEST		Click Button Next	1645099837632	1645099837834	OK	 
REQUEST		Proceed To Next Step	1645099837647	1645099837857	OK	 
REQUEST		Get Spec	1645099837835	1645099838039	OK	 
REQUEST		Click Button Next	1645099837861	1645099838061	OK	 
REQUEST		Get Spec	1645099838061	1645099838270	OK	 
REQUEST		Open Homepage	1645099837556	1645099838361	OK	 
REQUEST		Get Done	1645099838218	1645099838423	OK	 
REQUEST		Click Start Again	1645099838425	1645099838642	OK	 
USER	HomeTask	END	1645099838644
USER	HomeTask	START	1645099838645
REQUEST		Get One Time Token	1645099838746	1645099838979	OK	 
REQUEST		Post One Time Token	1645099838982	1645099839194	OK	 
REQUEST		Open Homepage	1645099838645	1645099839480	OK	 
REQUEST		Get One Time Token	1645099839333	1645099839540	OK	 
REQUEST		Click Button Start	1645099839456	1645099839665	OK	 
REQUEST		Post One Time Token	1645099839542	1645099839748	OK	 
REQUEST		Get One Time Token	1645099840149	1645099840528	OK	 
REQUEST		Post One Time Token	1645099840531	1645099840732	OK	 
REQUEST		Click Button Start	1645099840628	1645099840831	OK	 
REQUEST		Select Age	1645099840817	1645099841027	OK	 
REQUEST		Get Done	1645099840995	1645099841201	OK	 
REQUEST		Click Button Next	1645099841029	1645099841240	OK	 
REQUEST		Get Done	1645099841124	1645099841331	OK	 
REQUEST		Click Start Again	1645099841203	1645099841411	OK	 
USER	HomeTask	END	1645099841413
USER	HomeTask	START	1645099841414
REQUEST		Click Start Again	1645099841333	1645099841551	OK	 
USER	HomeTask	END	1645099841554
USER	HomeTask	START	1645099841554
REQUEST		Get Done	1645099841842	1645099842048	OK	 
REQUEST		Open Homepage	1645099841414	1645099842232	OK	 
REQUEST		Click Start Again	1645099842049	1645099842267	OK	 
USER	HomeTask	END	1645099842268
USER	HomeTask	START	1645099842269
REQUEST		Open Homepage	1645099841555	1645099842381	OK	 
REQUEST		Select Age	1645099842540	1645099842755	OK	 
REQUEST		Select Order With Max Value	1645099842688	1645099842900	OK	 
REQUEST		Click Button Next	1645099842758	1645099842967	OK	 
REQUEST		Open Homepage	1645099842269	1645099843101	OK	 
REQUEST		Click Button Next	1645099842902	1645099843109	OK	 
REQUEST		Click Button Start	1645099843493	1645099843697	OK	 
REQUEST		Click Button Start	1645099843788	1645099843992	OK	 
REQUEST		Select Order With Max Value	1645099844393	1645099844617	OK	 
REQUEST		Click Button Start	1645099844437	1645099844665	OK	 
REQUEST		Click Button Next	1645099844619	1645099844825	OK	 
REQUEST		Proceed To Next Step	1645099844755	1645099844975	OK	 
REQUEST		Select Age	1645099844958	1645099845165	OK	 
REQUEST		Click Button Next	1645099844980	1645099845194	OK	 
REQUEST		Click Button Next	1645099845167	1645099845368	OK	 
REQUEST		Get Spec	1645099845195	1645099845401	OK	 
REQUEST		Select Age	1645099845405	1645099845615	OK	 
REQUEST		Click Button Next	1645099845618	1645099845815	OK	 
REQUEST		Proceed To Next Step	1645099845908	1645099846277	OK	 
REQUEST		Click Button Next	1645099846283	1645099846498	OK	 
REQUEST		Get Spec	1645099846498	1645099846706	OK	 
REQUEST		Select Age	1645099846647	1645099846860	OK	 
REQUEST		Select Order With Max Value	1645099846694	1645099846905	OK	 
REQUEST		Click Button Next	1645099846863	1645099847069	OK	 
REQUEST		Select Order With Max Value	1645099846859	1645099847076	OK	 
REQUEST		Click Button Next	1645099846910	1645099847132	OK	 
REQUEST		Click Button Next	1645099847079	1645099847276	OK	 
REQUEST		Get One Time Token	1645099847272	1645099847484	OK	 
REQUEST		Post One Time Token	1645099847488	1645099847697	OK	 
REQUEST		Proceed To Next Step	1645099848134	1645099848349	OK	 
REQUEST		Click Button Next	1645099848352	1645099848568	OK	 
REQUEST		Get One Time Token	1645099848376	1645099848574	OK	 
REQUEST		Get Spec	1645099848569	1645099848772	OK	 
REQUEST		Post One Time Token	1645099848576	1645099848783	OK	 
REQUEST		Proceed To Next Step	1645099848678	1645099848896	OK	 
REQUEST		Select Order With Max Value	1645099848814	1645099849028	OK	 
REQUEST		Click Button Next	1645099848899	1645099849100	OK	 
REQUEST		Click Button Next	1645099849031	1645099849247	OK	 
REQUEST		Get Spec	1645099849101	1645099849304	OK	 
REQUEST		Get Done	1645099849625	1645099849836	OK	 
REQUEST		Click Start Again	1645099849837	1645099850060	OK	 
USER	HomeTask	END	1645099850061
USER	HomeTask	START	1645099850062
REQUEST		Get One Time Token	1645099850617	1645099850835	OK	 
REQUEST		Open Homepage	1645099850062	1645099850879	OK	 
REQUEST		Get Done	1645099850769	1645099850972	OK	 
REQUEST		Get One Time Token	1645099850773	1645099850972	OK	 
REQUEST		Post One Time Token	1645099850837	1645099851041	OK	 
REQUEST		Proceed To Next Step	1645099850838	1645099851041	OK	 
REQUEST		Post One Time Token	1645099850973	1645099851174	OK	 
REQUEST		Click Start Again	1645099850973	1645099851181	OK	 
USER	HomeTask	END	1645099851182
REQUEST		Click Button Next	1645099851042	1645099851271	OK	 
REQUEST		Get Spec	1645099851273	1645099851473	OK	 
REQUEST		Click Button Start	1645099851906	1645099852108	OK	 
REQUEST		Get Done	1645099852647	1645099852978	OK	 
REQUEST		Get Done	1645099852962	1645099853169	OK	 
REQUEST		Click Start Again	1645099852979	1645099853183	OK	 
USER	HomeTask	END	1645099853184
REQUEST		Get One Time Token	1645099853029	1645099853237	OK	 
REQUEST		Click Start Again	1645099853171	1645099853398	OK	 
USER	HomeTask	END	1645099853399
REQUEST		Post One Time Token	1645099853239	1645099853439	OK	 
REQUEST		Select Age	1645099853751	1645099854222	OK	 
REQUEST		Click Button Next	1645099854226	1645099854425	OK	 
REQUEST		Get Done	1645099854856	1645099855063	OK	 
REQUEST		Click Start Again	1645099855064	1645099855267	OK	 
USER	HomeTask	END	1645099855270
REQUEST		Select Order With Max Value	1645099855651	1645099855995	OK	 
REQUEST		Click Button Next	1645099855999	1645099856210	OK	 
REQUEST		Proceed To Next Step	1645099857223	1645099857629	OK	 
REQUEST		Click Button Next	1645099857634	1645099857856	OK	 
REQUEST		Get Spec	1645099857857	1645099858123	OK	 
REQUEST		Get One Time Token	1645099859511	1645099859882	OK	 
REQUEST		Post One Time Token	1645099859885	1645099860085	OK	 
REQUEST		Get Done	1645099861351	1645099861569	OK	 
REQUEST		Click Start Again	1645099861570	1645099861770	OK	 
USER	HomeTask	END	1645099861772
