RUN	demoIvanka.HomeTask	hometask	1645102794201	 	3.6.1
USER	HomeTask	START	1645102794941
USER	HomeTask	START	1645102794991
USER	HomeTask	START	1645102795041
USER	HomeTask	START	1645102795091
USER	HomeTask	START	1645102795141
USER	HomeTask	START	1645102795191
USER	HomeTask	START	1645102795245
USER	HomeTask	START	1645102795294
USER	HomeTask	START	1645102795342
USER	HomeTask	START	1645102795393
USER	HomeTask	START	1645102795442
USER	HomeTask	START	1645102795492
USER	HomeTask	START	1645102795543
USER	HomeTask	START	1645102795592
USER	HomeTask	START	1645102795643
USER	HomeTask	START	1645102795693
USER	HomeTask	START	1645102795743
USER	HomeTask	START	1645102795794
REQUEST		Open Homepage	1645102794992	1645102795822	OK	 
REQUEST		Open Homepage	1645102794951	1645102795781	OK	 
USER	HomeTask	START	1645102795843
REQUEST		Open Homepage	1645102795042	1645102795862	OK	 
USER	HomeTask	START	1645102795893
REQUEST		Open Homepage	1645102795091	1645102795918	OK	 
REQUEST		Open Homepage	1645102795141	1645102795962	OK	 
REQUEST		Open Homepage	1645102795192	1645102796003	OK	 
REQUEST		Open Homepage	1645102795245	1645102796058	OK	 
REQUEST		Open Homepage	1645102795295	1645102796119	OK	 
REQUEST		Open Homepage	1645102795342	1645102796152	OK	 
REQUEST		Open Homepage	1645102795394	1645102796211	OK	 
REQUEST		Open Homepage	1645102795443	1645102796251	OK	 
REQUEST		Open Homepage	1645102795493	1645102796305	OK	 
REQUEST		Open Homepage	1645102795544	1645102796375	OK	 
REQUEST		Open Homepage	1645102795593	1645102796426	OK	 
REQUEST		Open Homepage	1645102795643	1645102796448	OK	 
REQUEST		Open Homepage	1645102795693	1645102796502	OK	 
REQUEST		Open Homepage	1645102795743	1645102796577	OK	 
REQUEST		Open Homepage	1645102795797	1645102796623	OK	 
REQUEST		Open Homepage	1645102795843	1645102796646	OK	 
REQUEST		Open Homepage	1645102795893	1645102796715	OK	 
REQUEST		Click Button Start	1645102796981	1645102797474	OK	 
REQUEST		Click Button Start	1645102797421	1645102797655	OK	 
REQUEST		Click Button Start	1645102797506	1645102797716	OK	 
REQUEST		Click Button Start	1645102797447	1645102797720	OK	 
REQUEST		Click Button Start	1645102797534	1645102797762	OK	 
REQUEST		Click Button Start	1645102797543	1645102797764	OK	 
REQUEST		Click Button Start	1645102797614	1645102797834	OK	 
REQUEST		Click Button Start	1645102797653	1645102797903	OK	 
REQUEST		Click Button Start	1645102797808	1645102798022	OK	 
REQUEST		Click Button Start	1645102797828	1645102798036	OK	 
REQUEST		Click Button Start	1645102797856	1645102798083	OK	 
REQUEST		Click Button Start	1645102797915	1645102798134	OK	 
REQUEST		Click Button Start	1645102797933	1645102798183	OK	 
REQUEST		Click Button Start	1645102797973	1645102798189	OK	 
REQUEST		Click Button Start	1645102797978	1645102798190	OK	 
REQUEST		Click Button Start	1645102797991	1645102798196	OK	 
REQUEST		Click Button Start	1645102798041	1645102798271	OK	 
REQUEST		Click Button Start	1645102798217	1645102798449	OK	 
REQUEST		Click Button Start	1645102798429	1645102798639	OK	 
REQUEST		Click Button Start	1645102798463	1645102798680	OK	 
REQUEST		Select Age	1645102798597	1645102798863	OK	 
REQUEST		Select Age	1645102798819	1645102799040	OK	 
REQUEST		Click Button Next	1645102798867	1645102799088	OK	 
REQUEST		Select Age	1645102798884	1645102799092	OK	 
REQUEST		Select Age	1645102798911	1645102799132	OK	 
REQUEST		Click Button Next	1645102799046	1645102799245	OK	 
REQUEST		Click Button Next	1645102799095	1645102799300	OK	 
REQUEST		Select Age	1645102799101	1645102799312	OK	 
REQUEST		Select Age	1645102799125	1645102799338	OK	 
REQUEST		Click Button Next	1645102799134	1645102799395	OK	 
REQUEST		Select Age	1645102799195	1645102799405	OK	 
REQUEST		Select Age	1645102799201	1645102799412	OK	 
REQUEST		Click Button Next	1645102799315	1645102799529	OK	 
REQUEST		Click Button Next	1645102799341	1645102799573	OK	 
REQUEST		Select Age	1645102799343	1645102799579	OK	 
REQUEST		Click Button Next	1645102799406	1645102799611	OK	 
REQUEST		Click Button Next	1645102799413	1645102799666	OK	 
REQUEST		Select Age	1645102799411	1645102799666	OK	 
REQUEST		Select Age	1645102799460	1645102799680	OK	 
REQUEST		Select Age	1645102799492	1645102799707	OK	 
REQUEST		Click Button Next	1645102799581	1645102799860	OK	 
REQUEST		Click Button Next	1645102799669	1645102799873	OK	 
REQUEST		Click Button Next	1645102799682	1645102799896	OK	 
REQUEST		Click Button Next	1645102799709	1645102799927	OK	 
REQUEST		Select Age	1645102799706	1645102799931	OK	 
REQUEST		Select Age	1645102799753	1645102799967	OK	 
REQUEST		Select Age	1645102799788	1645102800010	OK	 
REQUEST		Select Age	1645102799815	1645102800032	OK	 
REQUEST		Click Button Next	1645102799934	1645102800137	OK	 
REQUEST		Select Age	1645102799931	1645102800137	OK	 
REQUEST		Select Age	1645102799937	1645102800146	OK	 
REQUEST		Select Age	1645102799957	1645102800181	OK	 
REQUEST		Click Button Next	1645102799969	1645102800195	OK	 
REQUEST		Click Button Next	1645102800012	1645102800242	OK	 
REQUEST		Click Button Next	1645102800035	1645102800256	OK	 
REQUEST		Click Button Next	1645102800139	1645102800351	OK	 
REQUEST		Click Button Next	1645102800149	1645102800382	OK	 
REQUEST		Click Button Next	1645102800182	1645102800395	OK	 
REQUEST		Select Order With Max Value	1645102800279	1645102800523	OK	 
REQUEST		Select Age	1645102800435	1645102800647	OK	 
REQUEST		Select Order With Max Value	1645102800390	1645102800647	OK	 
REQUEST		Click Button Next	1645102800533	1645102800764	OK	 
REQUEST		Select Order With Max Value	1645102800582	1645102800823	OK	 
REQUEST		Click Button Next	1645102800650	1645102800866	OK	 
REQUEST		Click Button Next	1645102800650	1645102800869	OK	 
REQUEST		Click Button Next	1645102800829	1645102801057	OK	 
REQUEST		Select Order With Max Value	1645102800936	1645102801169	OK	 
REQUEST		Select Order With Max Value	1645102801018	1645102801270	OK	 
REQUEST		Select Order With Max Value	1645102801022	1645102801270	OK	 
REQUEST		Select Order With Max Value	1645102801026	1645102801274	OK	 
REQUEST		Select Order With Max Value	1645102801033	1645102801369	OK	 
REQUEST		Select Order With Max Value	1645102801052	1645102801371	OK	 
REQUEST		Select Order With Max Value	1645102801121	1645102801469	OK	 
REQUEST		Click Button Next	1645102801172	1645102801473	OK	 
REQUEST		Select Order With Max Value	1645102801064	1645102801475	OK	 
REQUEST		Click Button Next	1645102801277	1645102801509	OK	 
REQUEST		Click Button Next	1645102801277	1645102801520	OK	 
REQUEST		Click Button Next	1645102801278	1645102801549	OK	 
REQUEST		Click Button Next	1645102801374	1645102801591	OK	 
REQUEST		Click Button Next	1645102801372	1645102801607	OK	 
REQUEST		Click Button Next	1645102801472	1645102801690	OK	 
REQUEST		Select Order With Max Value	1645102801436	1645102801690	OK	 
REQUEST		Click Button Next	1645102801477	1645102801704	OK	 
REQUEST		Select Order With Max Value	1645102801671	1645102801889	OK	 
REQUEST		Click Button Next	1645102801693	1645102801937	OK	 
REQUEST		Select Order With Max Value	1645102801719	1645102801969	OK	 
REQUEST		Select Order With Max Value	1645102801768	1645102802027	OK	 
REQUEST		Click Button Next	1645102801892	1645102802114	OK	 
REQUEST		Select Order With Max Value	1645102801875	1645102802114	OK	 
REQUEST		Click Button Next	1645102801973	1645102802217	OK	 
REQUEST		Select Order With Max Value	1645102801944	1645102802217	OK	 
REQUEST		Click Button Next	1645102802031	1645102802340	OK	 
REQUEST		Select Order With Max Value	1645102802090	1645102802341	OK	 
REQUEST		Select Order With Max Value	1645102802109	1645102802341	OK	 
REQUEST		Click Button Next	1645102802117	1645102802377	OK	 
REQUEST		Click Button Next	1645102802221	1645102802471	OK	 
REQUEST		Select Order With Max Value	1645102802235	1645102802471	OK	 
REQUEST		Click Button Next	1645102802348	1645102802580	OK	 
REQUEST		Click Button Next	1645102802348	1645102802612	OK	 
REQUEST		Proceed To Next Step	1645102802512	1645102802724	OK	 
REQUEST		Click Button Next	1645102802473	1645102802742	OK	 
REQUEST		Proceed To Next Step	1645102802573	1645102802830	OK	 
REQUEST		Proceed To Next Step	1645102802640	1645102802916	OK	 
REQUEST		Proceed To Next Step	1645102802773	1645102803002	OK	 
REQUEST		Click Button Next	1645102802734	1645102803008	OK	 
REQUEST		Proceed To Next Step	1645102802771	1645102803054	OK	 
REQUEST		Proceed To Next Step	1645102802844	1645102803085	OK	 
REQUEST		Click Button Next	1645102802836	1645102803089	OK	 
REQUEST		Click Button Next	1645102802922	1645102803193	OK	 
REQUEST		Click Button Next	1645102803007	1645102803226	OK	 
REQUEST		Get Spec	1645102803018	1645102803226	OK	 
REQUEST		Click Button Next	1645102803088	1645102803300	OK	 
REQUEST		Click Button Next	1645102803057	1645102803304	OK	 
REQUEST		Get Spec	1645102803090	1645102803312	OK	 
REQUEST		Proceed To Next Step	1645102803137	1645102803425	OK	 
REQUEST		Get Spec	1645102803194	1645102803467	OK	 
REQUEST		Proceed To Next Step	1645102803221	1645102803468	OK	 
REQUEST		Get Spec	1645102803227	1645102803479	OK	 
REQUEST		Proceed To Next Step	1645102803265	1645102803482	OK	 
REQUEST		Proceed To Next Step	1645102803239	1645102803482	OK	 
REQUEST		Proceed To Next Step	1645102803215	1645102803505	OK	 
REQUEST		Get Spec	1645102803301	1645102803513	OK	 
REQUEST		Get Spec	1645102803304	1645102803577	OK	 
REQUEST		Click Button Next	1645102803433	1645102803718	OK	 
REQUEST		Proceed To Next Step	1645102803493	1645102803722	OK	 
REQUEST		Click Button Next	1645102803509	1645102803759	OK	 
REQUEST		Click Button Next	1645102803472	1645102803759	OK	 
REQUEST		Click Button Next	1645102803488	1645102803770	OK	 
REQUEST		Click Button Next	1645102803488	1645102803770	OK	 
REQUEST		Proceed To Next Step	1645102803518	1645102803782	OK	 
REQUEST		Proceed To Next Step	1645102803660	1645102803911	OK	 
REQUEST		Click Button Next	1645102803727	1645102803933	OK	 
REQUEST		Proceed To Next Step	1645102803704	1645102803935	OK	 
REQUEST		Get Spec	1645102803719	1645102803938	OK	 
REQUEST		Get Spec	1645102803771	1645102803979	OK	 
REQUEST		Get Spec	1645102803771	1645102803979	OK	 
REQUEST		Get Spec	1645102803760	1645102804003	OK	 
REQUEST		Get Spec	1645102803760	1645102804003	OK	 
REQUEST		Click Button Next	1645102803785	1645102804023	OK	 
REQUEST		Get Spec	1645102803934	1645102804156	OK	 
REQUEST		Click Button Next	1645102803916	1645102804184	OK	 
REQUEST		Click Button Next	1645102803938	1645102804221	OK	 
REQUEST		Get Spec	1645102804023	1645102804251	OK	 
REQUEST		Proceed To Next Step	1645102804036	1645102804251	OK	 
REQUEST		Proceed To Next Step	1645102804058	1645102804337	OK	 
REQUEST		Proceed To Next Step	1645102804089	1645102804362	OK	 
REQUEST		Get Spec	1645102804185	1645102804435	OK	 
REQUEST		Click Button Next	1645102804256	1645102804469	OK	 
REQUEST		Get Spec	1645102804221	1645102804470	OK	 
REQUEST		Proceed To Next Step	1645102804269	1645102804508	OK	 
REQUEST		Get One Time Token	1645102804350	1645102804557	OK	 
REQUEST		Click Button Next	1645102804343	1645102804579	OK	 
REQUEST		Click Button Next	1645102804365	1645102804618	OK	 
REQUEST		Get Spec	1645102804470	1645102804697	OK	 
REQUEST		Proceed To Next Step	1645102804545	1645102804754	OK	 
REQUEST		Click Button Next	1645102804515	1645102804761	OK	 
REQUEST		Post One Time Token	1645102804558	1645102804778	OK	 
REQUEST		Get Spec	1645102804579	1645102804833	OK	 
REQUEST		Get One Time Token	1645102804644	1645102804846	OK	 
REQUEST		Get Spec	1645102804619	1645102804872	OK	 
REQUEST		Get One Time Token	1645102804713	1645102804933	OK	 
REQUEST		Click Button Next	1645102804760	1645102804958	OK	 
REQUEST		Get Spec	1645102804762	1645102805010	OK	 
REQUEST		Get One Time Token	1645102804808	1645102805014	OK	 
REQUEST		Get One Time Token	1645102804772	1645102805039	OK	 
REQUEST		Post One Time Token	1645102804848	1645102805057	OK	 
REQUEST		Post One Time Token	1645102804935	1645102805136	OK	 
REQUEST		Get One Time Token	1645102804932	1645102805166	OK	 
REQUEST		Get Spec	1645102804959	1645102805193	OK	 
REQUEST		Post One Time Token	1645102805017	1645102805223	OK	 
REQUEST		Post One Time Token	1645102805041	1645102805291	OK	 
REQUEST		Get One Time Token	1645102805096	1645102805321	OK	 
REQUEST		Post One Time Token	1645102805168	1645102805369	OK	 
REQUEST		Post One Time Token	1645102805323	1645102805539	OK	 
REQUEST		Get One Time Token	1645102805465	1645102805697	OK	 
REQUEST		Get One Time Token	1645102805590	1645102805799	OK	 
REQUEST		Get One Time Token	1645102805656	1645102805866	OK	 
REQUEST		Get One Time Token	1645102805652	1645102805870	OK	 
REQUEST		Get One Time Token	1645102805666	1645102805896	OK	 
REQUEST		Post One Time Token	1645102805699	1645102805908	OK	 
REQUEST		Get One Time Token	1645102805724	1645102805953	OK	 
REQUEST		Get One Time Token	1645102805705	1645102805953	OK	 
REQUEST		Post One Time Token	1645102805801	1645102806054	OK	 
REQUEST		Post One Time Token	1645102805869	1645102806073	OK	 
REQUEST		Post One Time Token	1645102805872	1645102806073	OK	 
REQUEST		Post One Time Token	1645102805955	1645102806155	OK	 
REQUEST		Post One Time Token	1645102805955	1645102806155	OK	 
REQUEST		Post One Time Token	1645102805897	1645102806155	OK	 
REQUEST		Get One Time Token	1645102806019	1645102806243	OK	 
REQUEST		Get One Time Token	1645102806018	1645102806243	OK	 
REQUEST		Get One Time Token	1645102806054	1645102806260	OK	 
REQUEST		Post One Time Token	1645102806245	1645102806447	OK	 
REQUEST		Post One Time Token	1645102806245	1645102806465	OK	 
REQUEST		Get One Time Token	1645102806249	1645102806465	OK	 
REQUEST		Post One Time Token	1645102806261	1645102806528	OK	 
REQUEST		Get Done	1645102806349	1645102806571	OK	 
REQUEST		Post One Time Token	1645102806467	1645102806708	OK	 
REQUEST		Get One Time Token	1645102806528	1645102806747	OK	 
REQUEST		Click Start Again	1645102806573	1645102806788	OK	 
USER	HomeTask	END	1645102806793
REQUEST		Get Done	1645102806651	1645102806852	OK	 
REQUEST		Get Done	1645102806717	1645102806950	OK	 
REQUEST		Post One Time Token	1645102806749	1645102806957	OK	 
REQUEST		Get Done	1645102806755	1645102806975	OK	 
REQUEST		Get Done	1645102806815	1645102807023	OK	 
REQUEST		Get One Time Token	1645102806797	1645102807023	OK	 
REQUEST		Click Start Again	1645102806853	1645102807070	OK	 
USER	HomeTask	END	1645102807071
REQUEST		Get Done	1645102806925	1645102807130	OK	 
REQUEST		Click Start Again	1645102806953	1645102807165	OK	 
USER	HomeTask	END	1645102807166
REQUEST		Click Start Again	1645102806976	1645102807179	OK	 
USER	HomeTask	END	1645102807181
REQUEST		Post One Time Token	1645102807025	1645102807228	OK	 
REQUEST		Click Start Again	1645102807024	1645102807228	OK	 
USER	HomeTask	END	1645102807229
REQUEST		Get Done	1645102807082	1645102807298	OK	 
REQUEST		Get Done	1645102807092	1645102807308	OK	 
REQUEST		Click Start Again	1645102807131	1645102807347	OK	 
USER	HomeTask	END	1645102807348
REQUEST		Click Start Again	1645102807299	1645102807509	OK	 
USER	HomeTask	END	1645102807511
REQUEST		Click Start Again	1645102807309	1645102807520	OK	 
USER	HomeTask	END	1645102807521
REQUEST		Get Done	1645102807317	1645102807525	OK	 
REQUEST		Get Done	1645102807328	1645102807541	OK	 
REQUEST		Click Start Again	1645102807526	1645102807743	OK	 
USER	HomeTask	END	1645102807745
REQUEST		Click Start Again	1645102807541	1645102807746	OK	 
USER	HomeTask	END	1645102807746
REQUEST		Get Done	1645102807617	1645102807823	OK	 
REQUEST		Get Done	1645102807616	1645102807823	OK	 
REQUEST		Get Done	1645102807637	1645102807857	OK	 
REQUEST		Get Done	1645102807685	1645102807898	OK	 
REQUEST		Click Start Again	1645102807825	1645102808035	OK	 
USER	HomeTask	END	1645102808037
REQUEST		Click Start Again	1645102807825	1645102808047	OK	 
USER	HomeTask	END	1645102808049
REQUEST		Click Start Again	1645102807858	1645102808074	OK	 
USER	HomeTask	END	1645102808075
REQUEST		Click Start Again	1645102807900	1645102808109	OK	 
USER	HomeTask	END	1645102808110
REQUEST		Get Done	1645102808109	1645102808324	OK	 
REQUEST		Get Done	1645102808144	1645102808352	OK	 
REQUEST		Get Done	1645102808276	1645102808490	OK	 
REQUEST		Click Start Again	1645102808325	1645102808539	OK	 
USER	HomeTask	END	1645102808541
REQUEST		Click Start Again	1645102808354	1645102808564	OK	 
USER	HomeTask	END	1645102808566
REQUEST		Get Done	1645102808397	1645102808612	OK	 
REQUEST		Click Start Again	1645102808491	1645102808700	OK	 
USER	HomeTask	END	1645102808702
REQUEST		Get Done	1645102808497	1645102808708	OK	 
REQUEST		Click Start Again	1645102808613	1645102808850	OK	 
USER	HomeTask	END	1645102808853
REQUEST		Click Start Again	1645102808709	1645102808919	OK	 
USER	HomeTask	END	1645102808921
REQUEST		Get Done	1645102808759	1645102808975	OK	 
REQUEST		Click Start Again	1645102808976	1645102809184	OK	 
USER	HomeTask	END	1645102809186
