RUN	demoIvanka.HomeTask	hometask	1645103681399	test	3.6.1
USER	HomeTask	START	1645103682140
USER	HomeTask	START	1645103682218
USER	HomeTask	START	1645103682302
USER	HomeTask	START	1645103682386
USER	HomeTask	START	1645103682469
USER	HomeTask	START	1645103682552
USER	HomeTask	START	1645103682636
USER	HomeTask	START	1645103682719
USER	HomeTask	START	1645103682802
USER	HomeTask	START	1645103682887
USER	HomeTask	START	1645103682969
USER	HomeTask	START	1645103683053
REQUEST		Open Homepage	1645103682151	1645103683056	OK	 
REQUEST		Open Homepage	1645103682219	1645103683098	OK	 
USER	HomeTask	START	1645103683137
REQUEST		Open Homepage	1645103682302	1645103683188	OK	 
USER	HomeTask	START	1645103683220
REQUEST		Open Homepage	1645103682386	1645103683240	OK	 
REQUEST		Open Homepage	1645103682469	1645103683293	OK	 
USER	HomeTask	START	1645103683303
USER	HomeTask	START	1645103683388
REQUEST		Open Homepage	1645103682552	1645103683406	OK	 
USER	HomeTask	START	1645103683470
REQUEST		Open Homepage	1645103682636	1645103683490	OK	 
USER	HomeTask	START	1645103683553
REQUEST		Open Homepage	1645103682720	1645103683559	OK	 
REQUEST		Open Homepage	1645103682803	1645103683608	OK	 
USER	HomeTask	START	1645103683638
REQUEST		Open Homepage	1645103682887	1645103683700	OK	 
USER	HomeTask	START	1645103683721
USER	HomeTask	START	1645103683803
REQUEST		Open Homepage	1645103682970	1645103683803	OK	 
USER	HomeTask	START	1645103683887
REQUEST		Open Homepage	1645103683053	1645103683893	OK	 
REQUEST		Open Homepage	1645103683137	1645103683952	OK	 
USER	HomeTask	START	1645103683970
REQUEST		Open Homepage	1645103683220	1645103684036	OK	 
USER	HomeTask	START	1645103684053
REQUEST		Open Homepage	1645103683303	1645103684101	OK	 
USER	HomeTask	START	1645103684137
REQUEST		Open Homepage	1645103683388	1645103684202	OK	 
USER	HomeTask	START	1645103684217
REQUEST		Open Homepage	1645103683471	1645103684279	OK	 
USER	HomeTask	START	1645103684300
REQUEST		Open Homepage	1645103683553	1645103684349	OK	 
USER	HomeTask	START	1645103684384
REQUEST		Open Homepage	1645103683638	1645103684466	OK	 
USER	HomeTask	START	1645103684467
REQUEST		Click Button Start	1645103684281	1645103684494	OK	 
REQUEST		Open Homepage	1645103683721	1645103684514	OK	 
USER	HomeTask	START	1645103684551
REQUEST		Open Homepage	1645103683803	1645103684615	OK	 
USER	HomeTask	START	1645103684635
REQUEST		Open Homepage	1645103683887	1645103684702	OK	 
USER	HomeTask	START	1645103684718
REQUEST		Open Homepage	1645103683970	1645103684787	OK	 
USER	HomeTask	START	1645103684801
REQUEST		Click Button Start	1645103684625	1645103684839	OK	 
REQUEST		Open Homepage	1645103684054	1645103684865	OK	 
REQUEST		Click Button Start	1645103684675	1645103684878	OK	 
USER	HomeTask	START	1645103684885
REQUEST		Open Homepage	1645103684137	1645103684939	OK	 
USER	HomeTask	START	1645103684968
REQUEST		Open Homepage	1645103684217	1645103685012	OK	 
REQUEST		Click Button Start	1645103684833	1645103685037	OK	 
USER	HomeTask	START	1645103685051
REQUEST		Open Homepage	1645103684301	1645103685096	OK	 
USER	HomeTask	START	1645103685135
REQUEST		Click Button Start	1645103684965	1645103685167	OK	 
REQUEST		Open Homepage	1645103684385	1645103685203	OK	 
USER	HomeTask	START	1645103685218
REQUEST		Open Homepage	1645103684468	1645103685274	OK	 
REQUEST		Click Button Start	1645103685086	1645103685285	OK	 
REQUEST		Click Button Start	1645103685088	1645103685287	OK	 
USER	HomeTask	START	1645103685301
USER	HomeTask	START	1645103685384
REQUEST		Open Homepage	1645103684551	1645103685387	OK	 
REQUEST		Click Button Start	1645103685206	1645103685403	OK	 
REQUEST		Open Homepage	1645103684635	1645103685435	OK	 
USER	HomeTask	START	1645103685468
REQUEST		Click Button Start	1645103685297	1645103685498	OK	 
REQUEST		Open Homepage	1645103684718	1645103685507	OK	 
USER	HomeTask	START	1645103685551
REQUEST		Open Homepage	1645103684801	1645103685588	OK	 
USER	HomeTask	START	1645103685635
REQUEST		Click Button Start	1645103685478	1645103685679	OK	 
REQUEST		Open Homepage	1645103684885	1645103685678	OK	 
USER	HomeTask	START	1645103685718
REQUEST		Click Button Start	1645103685519	1645103685721	OK	 
REQUEST		Click Button Start	1645103685577	1645103685775	OK	 
REQUEST		Open Homepage	1645103684968	1645103685781	OK	 
USER	HomeTask	START	1645103685801
REQUEST		Click Button Start	1645103685650	1645103685853	OK	 
REQUEST		Open Homepage	1645103685051	1645103685853	OK	 
USER	HomeTask	START	1645103685885
REQUEST		Click Button Start	1645103685691	1645103685891	OK	 
REQUEST		Open Homepage	1645103685135	1645103685954	OK	 
USER	HomeTask	START	1645103685969
REQUEST		Click Button Start	1645103685757	1645103685983	OK	 
REQUEST		Click Button Start	1645103685778	1645103685983	OK	 
REQUEST		Open Homepage	1645103685218	1645103686039	OK	 
USER	HomeTask	START	1645103686052
REQUEST		Click Button Start	1645103685842	1645103686055	OK	 
REQUEST		Open Homepage	1645103685301	1645103686104	OK	 
USER	HomeTask	START	1645103686135
REQUEST		Select Age	1645103685918	1645103686137	OK	 
REQUEST		Click Button Start	1645103685944	1645103686158	OK	 
REQUEST		Open Homepage	1645103685385	1645103686198	OK	 
USER	HomeTask	START	1645103686218
REQUEST		Click Button Start	1645103686064	1645103686281	OK	 
REQUEST		Click Button Start	1645103686065	1645103686287	OK	 
USER	HomeTask	START	1645103686301
REQUEST		Click Button Start	1645103686108	1645103686322	OK	 
REQUEST		Open Homepage	1645103685468	1645103686325	OK	 
REQUEST		Click Button Start	1645103686127	1645103686330	OK	 
USER	HomeTask	START	1645103686385
REQUEST		Click Button Start	1645103686171	1645103686395	OK	 
REQUEST		Click Button Next	1645103686139	1645103686398	OK	 
REQUEST		Open Homepage	1645103685552	1645103686403	OK	 
REQUEST		Click Button Start	1645103686238	1645103686440	OK	 
USER	HomeTask	START	1645103686468
REQUEST		Open Homepage	1645103685635	1645103686472	OK	 
REQUEST		Select Age	1645103686286	1645103686495	OK	 
REQUEST		Click Button Start	1645103686291	1645103686496	OK	 
REQUEST		Open Homepage	1645103685718	1645103686530	OK	 
USER	HomeTask	START	1645103686551
REQUEST		Open Homepage	1645103685801	1645103686604	OK	 
REQUEST		Select Age	1645103686392	1645103686610	OK	 
USER	HomeTask	START	1645103686636
REQUEST		Open Homepage	1645103685886	1645103686697	OK	 
REQUEST		Click Button Next	1645103686496	1645103686702	OK	 
USER	HomeTask	START	1645103686718
REQUEST		Select Age	1645103686505	1645103686720	OK	 
REQUEST		Click Button Start	1645103686569	1645103686776	OK	 
USER	HomeTask	START	1645103686801
REQUEST		Open Homepage	1645103685969	1645103686809	OK	 
REQUEST		Click Button Start	1645103686617	1645103686819	OK	 
REQUEST		Click Button Next	1645103686612	1645103686819	OK	 
REQUEST		Select Age	1645103686676	1645103686885	OK	 
USER	HomeTask	START	1645103686886
REQUEST		Open Homepage	1645103686052	1645103686890	OK	 
REQUEST		Click Button Next	1645103686722	1645103686922	OK	 
REQUEST		Open Homepage	1645103686136	1645103686928	OK	 
USER	HomeTask	START	1645103686968
REQUEST		Click Button Start	1645103686819	1645103687021	OK	 
REQUEST		Select Age	1645103686833	1645103687034	OK	 
USER	HomeTask	START	1645103687052
REQUEST		Open Homepage	1645103686218	1645103687054	OK	 
REQUEST		Click Button Start	1645103686877	1645103687084	OK	 
REQUEST		Click Button Next	1645103686887	1645103687086	OK	 
REQUEST		Click Button Start	1645103686889	1645103687089	OK	 
REQUEST		Open Homepage	1645103686301	1645103687108	OK	 
REQUEST		Select Age	1645103686965	1645103687168	OK	 
REQUEST		Click Button Start	1645103686978	1645103687180	OK	 
REQUEST		Open Homepage	1645103686385	1645103687200	OK	 
REQUEST		Click Button Next	1645103687036	1645103687233	OK	 
REQUEST		Click Button Start	1645103687055	1645103687261	OK	 
REQUEST		Select Age	1645103687056	1645103687268	OK	 
REQUEST		Open Homepage	1645103686469	1645103687281	OK	 
REQUEST		Click Button Start	1645103687112	1645103687310	OK	 
REQUEST		Open Homepage	1645103686551	1645103687368	OK	 
REQUEST		Click Button Next	1645103687169	1645103687371	OK	 
REQUEST		Select Age	1645103687183	1645103687384	OK	 
REQUEST		Select Age	1645103687190	1645103687391	OK	 
REQUEST		Click Button Start	1645103687213	1645103687422	OK	 
REQUEST		Open Homepage	1645103686636	1645103687467	OK	 
REQUEST		Select Age	1645103687229	1645103687470	OK	 
REQUEST		Click Button Next	1645103687269	1645103687471	OK	 
REQUEST		Select Age	1645103687263	1645103687470	OK	 
USER	HomeTask	END	1645103687474
REQUEST		Open Homepage	1645103686718	1645103687563	OK	 
REQUEST		Select Age	1645103687325	1645103687568	OK	 
REQUEST		Select Age	1645103687361	1645103687571	OK	 
REQUEST		Open Homepage	1645103686802	1645103687571	OK	 
REQUEST		Click Button Next	1645103687385	1645103687661	OK	 
REQUEST		Click Button Next	1645103687392	1645103687667	OK	 
REQUEST		Click Button Start	1645103687410	1645103687668	OK	 
REQUEST		Click Button Start	1645103687455	1645103687668	OK	 
REQUEST		Select Age	1645103687439	1645103687673	OK	 
REQUEST		Click Button Next	1645103687471	1645103687761	OK	 
REQUEST		Click Button Start	1645103687512	1645103687764	OK	 
REQUEST		Open Homepage	1645103686886	1645103687764	OK	 
REQUEST		Click Button Start	1645103687515	1645103687767	OK	 
REQUEST		Click Button Next	1645103687570	1645103687771	OK	 
REQUEST		Click Button Next	1645103687572	1645103687772	OK	 
REQUEST		Open Homepage	1645103686969	1645103687772	OK	 
USER	HomeTask	END	1645103687773
USER	HomeTask	END	1645103687804
REQUEST		Open Homepage	1645103687052	1645103687863	OK	 
REQUEST		Click Button Start	1645103687648	1645103687869	OK	 
REQUEST		Select Age	1645103687656	1645103687870	OK	 
REQUEST		Select Age	1645103687667	1645103687873	OK	 
REQUEST		Click Button Next	1645103687674	1645103687898	OK	 
USER	HomeTask	END	1645103687913
REQUEST		Click Button Start	1645103687715	1645103687964	OK	 
REQUEST		Select Age	1645103687711	1645103687969	OK	 
REQUEST		Select Age	1645103687725	1645103687970	OK	 
USER	HomeTask	END	1645103687973
USER	HomeTask	END	1645103687985
REQUEST		Select Age	1645103687793	1645103688063	OK	 
USER	HomeTask	END	1645103688066
REQUEST		Click Button Start	1645103687850	1645103688066	OK	 
REQUEST		Click Button Next	1645103687875	1645103688070	OK	 
REQUEST		Select Age	1645103687823	1645103688070	OK	 
REQUEST		Click Button Start	1645103687877	1645103688075	OK	 
REQUEST		Click Button Next	1645103687872	1645103688075	OK	 
REQUEST		Click Button Start	1645103687950	1645103688166	OK	 
REQUEST		Select Age	1645103687931	1645103688166	OK	 
REQUEST		Select Age	1645103687952	1645103688179	OK	 
REQUEST		Click Button Next	1645103687972	1645103688260	OK	 
REQUEST		Click Button Next	1645103687972	1645103688264	OK	 
REQUEST		Click Button Next	1645103688072	1645103688281	OK	 
REQUEST		Select Age	1645103688108	1645103688322	OK	 
REQUEST		Select Age	1645103688139	1645103688361	OK	 
REQUEST		Click Button Start	1645103688146	1645103688364	OK	 
REQUEST		Click Button Start	1645103688154	1645103688364	OK	 
REQUEST		Click Button Start	1645103688152	1645103688367	OK	 
REQUEST		Click Button Next	1645103688169	1645103688378	OK	 
REQUEST		Click Button Next	1645103688181	1645103688381	OK	 
REQUEST		Select Age	1645103688219	1645103688433	OK	 
REQUEST		Click Button Start	1645103688241	1645103688465	OK	 
REQUEST		Select Age	1645103688233	1645103688467	OK	 
USER	HomeTask	END	1645103688525
USER	HomeTask	END	1645103688525
REQUEST		Click Button Next	1645103688325	1645103688540	OK	 
REQUEST		Click Button Next	1645103688364	1645103688578	OK	 
REQUEST		Click Button Start	1645103688408	1645103688614	OK	 
REQUEST		Select Age	1645103688399	1645103688617	OK	 
REQUEST		Click Button Next	1645103688436	1645103688633	OK	 
REQUEST		Click Button Next	1645103688469	1645103688675	OK	 
REQUEST		Select Age	1645103688466	1645103688675	OK	 
REQUEST		Click Button Start	1645103688555	1645103688767	OK	 
REQUEST		Click Button Next	1645103688619	1645103688826	OK	 
REQUEST		Click Button Start	1645103688628	1645103688826	OK	 
REQUEST		Click Button Start	1645103688650	1645103688847	OK	 
REQUEST		Select Age	1645103688650	1645103688856	OK	 
REQUEST		Click Button Next	1645103688677	1645103688891	OK	 
REQUEST		Click Button Start	1645103688714	1645103688931	OK	 
REQUEST		Click Button Start	1645103688733	1645103688940	OK	 
REQUEST		Click Button Start	1645103688771	1645103688975	OK	 
USER	HomeTask	END	1645103689002
REQUEST		Select Age	1645103688785	1645103689009	OK	 
REQUEST		Click Button Start	1645103688856	1645103689055	OK	 
REQUEST		Click Button Next	1645103688859	1645103689060	OK	 
REQUEST		Select Age	1645103688859	1645103689064	OK	 
USER	HomeTask	END	1645103689094
REQUEST		Select Age	1645103688890	1645103689110	OK	 
REQUEST		Click Button Start	1645103688999	1645103689205	OK	 
REQUEST		Click Button Next	1645103689012	1645103689213	OK	 
REQUEST		Click Button Next	1645103689066	1645103689280	OK	 
USER	HomeTask	END	1645103689302
REQUEST		Click Button Next	1645103689112	1645103689315	OK	 
USER	HomeTask	END	1645103689318
REQUEST		Select Age	1645103689112	1645103689322	OK	 
USER	HomeTask	END	1645103689332
REQUEST		Select Age	1645103689128	1645103689340	OK	 
USER	HomeTask	END	1645103689389
USER	HomeTask	END	1645103689449
USER	HomeTask	END	1645103689472
REQUEST		Select Age	1645103689252	1645103689472	OK	 
REQUEST		Select Age	1645103689307	1645103689536	OK	 
USER	HomeTask	END	1645103689538
USER	HomeTask	END	1645103689542
REQUEST		Click Button Next	1645103689324	1645103689552	OK	 
REQUEST		Click Button Start	1645103689346	1645103689571	OK	 
REQUEST		Click Button Next	1645103689342	1645103689575	OK	 
REQUEST		Click Button Start	1645103689383	1645103689602	OK	 
USER	HomeTask	END	1645103689610
REQUEST		Click Button Start	1645103689422	1645103689642	OK	 
USER	HomeTask	END	1645103689674
REQUEST		Click Button Next	1645103689475	1645103689695	OK	 
REQUEST		Select Age	1645103689476	1645103689701	OK	 
REQUEST		Select Age	1645103689503	1645103689721	OK	 
REQUEST		Select Age	1645103689520	1645103689729	OK	 
REQUEST		Select Age	1645103689558	1645103689771	OK	 
REQUEST		Select Age	1645103689600	1645103689812	OK	 
USER	HomeTask	END	1645103689814
REQUEST		Click Button Start	1645103689653	1645103689872	OK	 
USER	HomeTask	END	1645103689886
REQUEST		Click Button Next	1645103689703	1645103689916	OK	 
REQUEST		Click Button Next	1645103689723	1645103689928	OK	 
REQUEST		Click Button Next	1645103689731	1645103689933	OK	 
REQUEST		Click Button Next	1645103689772	1645103690015	OK	 
USER	HomeTask	END	1645103690016
REQUEST		Select Age	1645103689850	1645103690064	OK	 
REQUEST		Select Age	1645103689891	1645103690102	OK	 
REQUEST		Select Age	1645103689893	1645103690102	OK	 
USER	HomeTask	END	1645103690140
USER	HomeTask	END	1645103690174
USER	HomeTask	END	1645103690223
USER	HomeTask	END	1645103690229
REQUEST		Click Button Next	1645103690066	1645103690275	OK	 
REQUEST		Select Age	1645103690084	1645103690306	OK	 
USER	HomeTask	END	1645103690348
REQUEST		Click Button Next	1645103690107	1645103690359	OK	 
REQUEST		Click Button Next	1645103690107	1645103690364	OK	 
REQUEST		Select Age	1645103690101	1645103690363	OK	 
USER	HomeTask	END	1645103690364
REQUEST		Select Age	1645103690148	1645103690368	OK	 
REQUEST		Select Age	1645103690166	1645103690373	OK	 
USER	HomeTask	END	1645103690386
REQUEST		Select Age	1645103690195	1645103690465	OK	 
USER	HomeTask	END	1645103690485
USER	HomeTask	END	1645103690507
REQUEST		Select Age	1645103690306	1645103690520	OK	 
REQUEST		Click Button Next	1645103690309	1645103690523	OK	 
REQUEST		Click Button Next	1645103690364	1645103690565	OK	 
REQUEST		Select Age	1645103690358	1645103690567	OK	 
REQUEST		Click Button Next	1645103690374	1645103690575	OK	 
REQUEST		Click Button Next	1645103690370	1645103690576	OK	 
USER	HomeTask	END	1645103690577
REQUEST		Select Age	1645103690381	1645103690583	OK	 
REQUEST		Click Button Next	1645103690467	1645103690668	OK	 
REQUEST		Select Age	1645103690414	1645103690667	OK	 
REQUEST		Click Button Next	1645103690523	1645103690734	OK	 
REQUEST		Select Age	1645103690537	1645103690742	OK	 
USER	HomeTask	END	1645103690760
REQUEST		Click Button Next	1645103690569	1645103690777	OK	 
REQUEST		Click Button Next	1645103690585	1645103690781	OK	 
USER	HomeTask	END	1645103690879
USER	HomeTask	END	1645103690925
REQUEST		Click Button Next	1645103690744	1645103690953	OK	 
REQUEST		Select Age	1645103690875	1645103691089	OK	 
USER	HomeTask	END	1645103691102
USER	HomeTask	END	1645103691269
REQUEST		Select Age	1645103691079	1645103691287	OK	 
REQUEST		Click Button Next	1645103691091	1645103691290	OK	 
USER	HomeTask	END	1645103691306
REQUEST		Click Button Next	1645103690669	1645103691384	OK	 
USER	HomeTask	END	1645103691391
USER	HomeTask	END	1645103691495
REQUEST		Click Button Next	1645103691290	1645103691504	OK	 
REQUEST		Select Age	1645103691303	1645103691511	OK	 
USER	HomeTask	END	1645103691515
USER	HomeTask	END	1645103691551
USER	HomeTask	END	1645103691587
REQUEST		Select Age	1645103691472	1645103691682	OK	 
REQUEST		Click Button Next	1645103691513	1645103691716	OK	 
USER	HomeTask	END	1645103691769
REQUEST		Select Age	1645103691587	1645103691809	OK	 
USER	HomeTask	END	1645103691826
REQUEST		Click Button Next	1645103691686	1645103691899	OK	 
USER	HomeTask	END	1645103691901
REQUEST		Click Button Next	1645103691811	1645103692022	OK	 
USER	HomeTask	END	1645103692029
USER	HomeTask	END	1645103692044
USER	HomeTask	END	1645103692060
USER	HomeTask	END	1645103692162
USER	HomeTask	END	1645103692342
USER	HomeTask	END	1645103692429
USER	HomeTask	END	1645103692650
USER	HomeTask	END	1645103692681
USER	HomeTask	END	1645103692789
USER	HomeTask	END	1645103692799
USER	HomeTask	END	1645103693296
USER	HomeTask	END	1645103693398
