ASSERTION	AAEDAAECAwAAAAAAAECPQA==
ASSERTION	AAECAAIEAAAAAAAAgFZA
RUN	demoIvanka.HomeTask	hometask	1645104492405	test	3.6.1
USER	HomeTask	START	1645104493231
REQUEST		Open Homepage	1645104493241	1645104494151	OK	 
REQUEST		Click Button Start	1645104495249	1645104495685	OK	 
REQUEST		Select Age	1645104497005	1645104497235	OK	 
REQUEST		Click Button Next	1645104497254	1645104497462	OK	 
REQUEST		Select Order With Max Value	1645104499307	1645104499528	OK	 
REQUEST		Click Button Next	1645104499549	1645104499753	OK	 
REQUEST		Proceed To Next Step	1645104501245	1645104501458	OK	 
REQUEST		Click Button Next	1645104501482	1645104501713	OK	 
REQUEST		Get Spec	1645104501730	1645104501935	OK	 
REQUEST		Get One Time Token	1645104503174	1645104503402	OK	 
REQUEST		Post One Time Token	1645104503408	1645104503608	OK	 
USER	HomeTask	START	1645104505227
REQUEST		Get Done	1645104505052	1645104505263	OK	 
REQUEST		Click Start Again	1645104505267	1645104505472	OK	 
REQUEST		Open Homepage	1645104505474	1645104505677	OK	 
REQUEST		Open Homepage	1645104505229	1645104506093	OK	 
REQUEST		Click Button Start	1645104507008	1645104507222	OK	 
REQUEST		Click Button Start	1645104507292	1645104507503	OK	 
REQUEST		Select Age	1645104508335	1645104508548	OK	 
REQUEST		Click Button Next	1645104508554	1645104508756	OK	 
REQUEST		Select Age	1645104509446	1645104509662	OK	 
REQUEST		Click Button Next	1645104509667	1645104509866	OK	 
REQUEST		Select Order With Max Value	1645104510668	1645104510883	OK	 
REQUEST		Click Button Next	1645104510891	1645104511090	OK	 
REQUEST		Select Order With Max Value	1645104511758	1645104512054	OK	 
REQUEST		Click Button Next	1645104512060	1645104512283	OK	 
REQUEST		Proceed To Next Step	1645104512902	1645104513118	OK	 
REQUEST		Click Button Next	1645104513130	1645104513338	OK	 
REQUEST		Get Spec	1645104513343	1645104513711	OK	 
REQUEST		Proceed To Next Step	1645104514240	1645104514461	OK	 
REQUEST		Click Button Next	1645104514474	1645104514688	OK	 
REQUEST		Get Spec	1645104514690	1645104514900	OK	 
REQUEST		Get One Time Token	1645104515284	1645104515498	OK	 
REQUEST		Post One Time Token	1645104515503	1645104515950	OK	 
REQUEST		Get One Time Token	1645104516119	1645104516331	OK	 
REQUEST		Post One Time Token	1645104516337	1645104516630	OK	 
USER	HomeTask	START	1645104517227
REQUEST		Get Done	1645104517375	1645104517606	OK	 
REQUEST		Click Start Again	1645104517608	1645104517822	OK	 
REQUEST		Get Done	1645104517709	1645104517924	OK	 
REQUEST		Open Homepage	1645104517827	1645104518050	OK	 
REQUEST		Open Homepage	1645104517228	1645104518103	OK	 
REQUEST		Click Start Again	1645104517927	1645104518137	OK	 
REQUEST		Open Homepage	1645104518138	1645104518404	OK	 
REQUEST		Click Button Start	1645104519390	1645104519620	OK	 
REQUEST		Click Button Start	1645104519469	1645104519705	OK	 
REQUEST		Click Button Start	1645104519655	1645104519863	OK	 
REQUEST		Select Age	1645104521111	1645104521376	OK	 
REQUEST		Click Button Next	1645104521383	1645104521601	OK	 
REQUEST		Select Age	1645104521563	1645104521802	OK	 
REQUEST		Select Age	1645104521669	1645104521890	OK	 
REQUEST		Click Button Next	1645104521808	1645104522027	OK	 
REQUEST		Click Button Next	1645104521893	1645104522115	OK	 
REQUEST		Select Order With Max Value	1645104523154	1645104523393	OK	 
REQUEST		Select Order With Max Value	1645104523290	1645104523505	OK	 
REQUEST		Select Order With Max Value	1645104523287	1645104523505	OK	 
REQUEST		Click Button Next	1645104523401	1645104523619	OK	 
REQUEST		Click Button Next	1645104523511	1645104523713	OK	 
REQUEST		Click Button Next	1645104523511	1645104523714	OK	 
REQUEST		Proceed To Next Step	1645104524860	1645104525159	OK	 
REQUEST		Click Button Next	1645104525170	1645104525412	OK	 
REQUEST		Proceed To Next Step	1645104525216	1645104525423	OK	 
REQUEST		Proceed To Next Step	1645104525290	1645104525506	OK	 
REQUEST		Get Spec	1645104525414	1645104525620	OK	 
REQUEST		Click Button Next	1645104525438	1645104525643	OK	 
REQUEST		Click Button Next	1645104525512	1645104525722	OK	 
REQUEST		Get Spec	1645104525644	1645104525863	OK	 
REQUEST		Get Spec	1645104525724	1645104525932	OK	 
REQUEST		Get One Time Token	1645104526809	1645104527073	OK	 
REQUEST		Get One Time Token	1645104527060	1645104527285	OK	 
REQUEST		Post One Time Token	1645104527076	1645104527291	OK	 
REQUEST		Get One Time Token	1645104527254	1645104527465	OK	 
REQUEST		Post One Time Token	1645104527290	1645104527510	OK	 
REQUEST		Post One Time Token	1645104527468	1645104527678	OK	 
REQUEST		Get Done	1645104528629	1645104528846	OK	 
REQUEST		Click Start Again	1645104528850	1645104529069	OK	 
REQUEST		Get Done	1645104529009	1645104529217	OK	 
USER	HomeTask	START	1645104529227
REQUEST		Open Homepage	1645104529072	1645104529315	OK	 
REQUEST		Get Done	1645104529103	1645104529321	OK	 
REQUEST		Click Start Again	1645104529221	1645104529435	OK	 
REQUEST		Click Start Again	1645104529324	1645104529536	OK	 
REQUEST		Open Homepage	1645104529437	1645104529644	OK	 
REQUEST		Open Homepage	1645104529538	1645104529755	OK	 
REQUEST		Open Homepage	1645104529228	1645104530055	OK	 
REQUEST		Click Button Start	1645104530712	1645104530929	OK	 
REQUEST		Click Button Start	1645104531185	1645104531409	OK	 
REQUEST		Click Button Start	1645104531463	1645104531678	OK	 
REQUEST		Click Button Start	1645104531478	1645104531710	OK	 
REQUEST		Select Age	1645104532547	1645104532867	OK	 
REQUEST		Select Age	1645104532774	1645104533000	OK	 
REQUEST		Click Button Next	1645104532873	1645104533090	OK	 
REQUEST		Select Age	1645104532984	1645104533218	OK	 
REQUEST		Click Button Next	1645104533004	1645104533220	OK	 
REQUEST		Select Age	1645104533019	1645104533234	OK	 
REQUEST		Click Button Next	1645104533221	1645104533432	OK	 
REQUEST		Click Button Next	1645104533237	1645104533436	OK	 
REQUEST		Select Order With Max Value	1645104534251	1645104534487	OK	 
REQUEST		Click Button Next	1645104534493	1645104534720	OK	 
REQUEST		Select Order With Max Value	1645104534668	1645104534893	OK	 
REQUEST		Click Button Next	1645104534900	1645104535105	OK	 
REQUEST		Select Order With Max Value	1645104534937	1645104535146	OK	 
REQUEST		Click Button Next	1645104535152	1645104535354	OK	 
REQUEST		Select Order With Max Value	1645104535334	1645104535545	OK	 
REQUEST		Click Button Next	1645104535551	1645104535761	OK	 
REQUEST		Proceed To Next Step	1645104536179	1645104536422	OK	 
REQUEST		Click Button Next	1645104536432	1645104536642	OK	 
REQUEST		Get Spec	1645104536644	1645104536860	OK	 
REQUEST		Proceed To Next Step	1645104536739	1645104536950	OK	 
REQUEST		Click Button Next	1645104536962	1645104537183	OK	 
REQUEST		Proceed To Next Step	1645104537141	1645104537358	OK	 
REQUEST		Get Spec	1645104537186	1645104537400	OK	 
REQUEST		Click Button Next	1645104537364	1645104537576	OK	 
REQUEST		Get Spec	1645104537577	1645104537794	OK	 
REQUEST		Proceed To Next Step	1645104537585	1645104537795	OK	 
REQUEST		Click Button Next	1645104537802	1645104538106	OK	 
REQUEST		Get Spec	1645104538108	1645104538314	OK	 
REQUEST		Get One Time Token	1645104538476	1645104538710	OK	 
REQUEST		Post One Time Token	1645104538715	1645104538915	OK	 
REQUEST		Get One Time Token	1645104538922	1645104539266	OK	 
REQUEST		Get One Time Token	1645104539248	1645104539463	OK	 
REQUEST		Post One Time Token	1645104539270	1645104539474	OK	 
REQUEST		Post One Time Token	1645104539466	1645104539690	OK	 
REQUEST		Get One Time Token	1645104539973	1645104540318	OK	 
REQUEST		Post One Time Token	1645104540323	1645104540526	OK	 
REQUEST		Get Done	1645104540675	1645104540895	OK	 
REQUEST		Get Done	1645104540711	1645104540917	OK	 
REQUEST		Click Start Again	1645104540898	1645104541122	OK	 
REQUEST		Click Start Again	1645104540920	1645104541123	OK	 
USER	HomeTask	START	1645104541226
REQUEST		Open Homepage	1645104541127	1645104541345	OK	 
REQUEST		Open Homepage	1645104541125	1645104541345	OK	 
REQUEST		Get Done	1645104541536	1645104541756	OK	 
REQUEST		Click Start Again	1645104541758	1645104541963	OK	 
REQUEST		Open Homepage	1645104541228	1645104542053	OK	 
REQUEST		Open Homepage	1645104541967	1645104542183	OK	 
REQUEST		Get Done	1645104542479	1645104542747	OK	 
REQUEST		Click Button Start	1645104542728	1645104542953	OK	 
REQUEST		Click Start Again	1645104542750	1645104542968	OK	 
REQUEST		Open Homepage	1645104542971	1645104543201	OK	 
REQUEST		Click Button Start	1645104543140	1645104543350	OK	 
REQUEST		Click Button Start	1645104543266	1645104543495	OK	 
REQUEST		Click Button Start	1645104543451	1645104543662	OK	 
REQUEST		Select Age	1645104544330	1645104544556	OK	 
REQUEST		Select Age	1645104544528	1645104544741	OK	 
REQUEST		Click Button Next	1645104544561	1645104544773	OK	 
REQUEST		Click Button Start	1645104544709	1645104544921	OK	 
REQUEST		Click Button Next	1645104544746	1645104544967	OK	 
REQUEST		Select Age	1645104544949	1645104545168	OK	 
REQUEST		Click Button Next	1645104545173	1645104545375	OK	 
REQUEST		Select Age	1645104545395	1645104545607	OK	 
REQUEST		Click Button Next	1645104545612	1645104545828	OK	 
REQUEST		Select Order With Max Value	1645104546021	1645104546241	OK	 
REQUEST		Select Age	1645104546035	1645104546249	OK	 
REQUEST		Click Button Next	1645104546252	1645104546453	OK	 
REQUEST		Click Button Next	1645104546248	1645104546453	OK	 
REQUEST		Select Order With Max Value	1645104546438	1645104546659	OK	 
REQUEST		Select Order With Max Value	1645104546544	1645104546767	OK	 
REQUEST		Click Button Next	1645104546669	1645104546891	OK	 
REQUEST		Click Button Next	1645104546772	1645104546990	OK	 
REQUEST		Select Order With Max Value	1645104547309	1645104547521	OK	 
REQUEST		Click Button Next	1645104547527	1645104547734	OK	 
REQUEST		Proceed To Next Step	1645104547849	1645104548053	OK	 
REQUEST		Click Button Next	1645104548062	1645104548261	OK	 
REQUEST		Proceed To Next Step	1645104548062	1645104548268	OK	 
REQUEST		Select Order With Max Value	1645104548205	1645104548427	OK	 
REQUEST		Get Spec	1645104548263	1645104548472	OK	 
REQUEST		Click Button Next	1645104548278	1645104548521	OK	 
REQUEST		Click Button Next	1645104548433	1645104548651	OK	 
REQUEST		Proceed To Next Step	1645104548495	1645104548713	OK	 
REQUEST		Get Spec	1645104548523	1645104548738	OK	 
REQUEST		Click Button Next	1645104548722	1645104548944	OK	 
REQUEST		Proceed To Next Step	1645104548820	1645104549041	OK	 
REQUEST		Get Spec	1645104548946	1645104549141	OK	 
REQUEST		Click Button Next	1645104549053	1645104549264	OK	 
REQUEST		Get Spec	1645104549267	1645104549470	OK	 
REQUEST		Get One Time Token	1645104549930	1645104550138	OK	 
REQUEST		Post One Time Token	1645104550142	1645104550349	OK	 
REQUEST		Get One Time Token	1645104550165	1645104550371	OK	 
REQUEST		Proceed To Next Step	1645104550259	1645104550479	OK	 
REQUEST		Get One Time Token	1645104550305	1645104550527	OK	 
REQUEST		Post One Time Token	1645104550374	1645104550598	OK	 
REQUEST		Click Button Next	1645104550488	1645104550703	OK	 
REQUEST		Post One Time Token	1645104550531	1645104550728	OK	 
REQUEST		Get Spec	1645104550706	1645104550919	OK	 
REQUEST		Get One Time Token	1645104551316	1645104551544	OK	 
REQUEST		Post One Time Token	1645104551548	1645104551747	OK	 
REQUEST		Get Done	1645104551765	1645104551982	OK	 
REQUEST		Get Done	1645104551773	1645104551982	OK	 
REQUEST		Get Done	1645104551839	1645104552055	OK	 
REQUEST		Click Start Again	1645104551986	1645104552189	OK	 
REQUEST		Click Start Again	1645104551986	1645104552193	OK	 
REQUEST		Click Start Again	1645104552058	1645104552262	OK	 
REQUEST		Open Homepage	1645104552192	1645104552403	OK	 
REQUEST		Open Homepage	1645104552195	1645104552409	OK	 
REQUEST		Open Homepage	1645104552265	1645104552478	OK	 
REQUEST		Get One Time Token	1645104552643	1645104553016	OK	 
REQUEST		Post One Time Token	1645104553021	1645104553228	OK	 
REQUEST		Get Done	1645104553080	1645104553307	OK	 
REQUEST		Click Start Again	1645104553310	1645104553526	OK	 
REQUEST		Open Homepage	1645104553530	1645104553843	OK	 
USER	HomeTask	END	1645104554135
REQUEST		Click Button Start	1645104553983	1645104554190	OK	 
REQUEST		Click Button Start	1645104554285	1645104554497	OK	 
REQUEST		Get Done	1645104554288	1645104554497	OK	 
REQUEST		Click Start Again	1645104554499	1645104554711	OK	 
REQUEST		Open Homepage	1645104554714	1645104554920	OK	 
REQUEST		Select Age	1645104555600	1645104555812	OK	 
REQUEST		Click Button Start	1645104555643	1645104555848	OK	 
REQUEST		Select Age	1645104555636	1645104555848	OK	 
REQUEST		Click Button Next	1645104555816	1645104556028	OK	 
REQUEST		Click Button Next	1645104555852	1645104556064	OK	 
REQUEST		Click Button Start	1645104556206	1645104556406	OK	 
REQUEST		Select Age	1645104557078	1645104557304	OK	 
REQUEST		Click Button Next	1645104557309	1645104557524	OK	 
REQUEST		Select Order With Max Value	1645104557586	1645104557800	OK	 
REQUEST		Select Age	1645104557780	1645104558001	OK	 
REQUEST		Click Button Next	1645104557805	1645104558011	OK	 
REQUEST		Select Order With Max Value	1645104557828	1645104558047	OK	 
REQUEST		Click Button Next	1645104558005	1645104558222	OK	 
REQUEST		Click Button Next	1645104558049	1645104558260	OK	 
REQUEST		Proceed To Next Step	1645104559266	1645104559488	OK	 
REQUEST		Select Order With Max Value	1645104559363	1645104559586	OK	 
REQUEST		Proceed To Next Step	1645104559412	1645104559629	OK	 
REQUEST		Click Button Next	1645104559501	1645104559697	OK	 
REQUEST		Click Button Next	1645104559589	1645104559788	OK	 
REQUEST		Click Button Next	1645104559634	1645104559836	OK	 
REQUEST		Get Spec	1645104559699	1645104559901	OK	 
REQUEST		Select Order With Max Value	1645104559743	1645104559980	OK	 
REQUEST		Get Spec	1645104559838	1645104560052	OK	 
REQUEST		Click Button Next	1645104559984	1645104560189	OK	 
REQUEST		Get One Time Token	1645104561185	1645104561398	OK	 
REQUEST		Post One Time Token	1645104561401	1645104561615	OK	 
REQUEST		Proceed To Next Step	1645104561508	1645104561725	OK	 
REQUEST		Get One Time Token	1645104561552	1645104561770	OK	 
REQUEST		Click Button Next	1645104561733	1645104561938	OK	 
REQUEST		Post One Time Token	1645104561773	1645104561973	OK	 
REQUEST		Get Spec	1645104561940	1645104562139	OK	 
REQUEST		Proceed To Next Step	1645104562097	1645104562318	OK	 
REQUEST		Click Button Next	1645104562326	1645104562639	OK	 
REQUEST		Get Spec	1645104562641	1645104562843	OK	 
REQUEST		Get Done	1645104563144	1645104563355	OK	 
REQUEST		Click Start Again	1645104563357	1645104563575	OK	 
REQUEST		Get Done	1645104563457	1645104563663	OK	 
REQUEST		Open Homepage	1645104563578	1645104563786	OK	 
REQUEST		Click Start Again	1645104563666	1645104563876	OK	 
REQUEST		Get One Time Token	1645104563668	1645104563878	OK	 
REQUEST		Post One Time Token	1645104563880	1645104564079	OK	 
REQUEST		Open Homepage	1645104563879	1645104564079	OK	 
REQUEST		Get One Time Token	1645104564211	1645104564413	OK	 
REQUEST		Post One Time Token	1645104564416	1645104564625	OK	 
USER	HomeTask	END	1645104565280
REQUEST		Click Button Start	1645104565412	1645104565615	OK	 
REQUEST		Click Button Start	1645104565417	1645104565615	OK	 
REQUEST		Get Done	1645104566170	1645104566383	OK	 
REQUEST		Click Start Again	1645104566384	1645104566591	OK	 
REQUEST		Open Homepage	1645104566593	1645104566811	OK	 
REQUEST		Select Age	1645104566740	1645104566951	OK	 
REQUEST		Select Age	1645104566782	1645104566998	OK	 
REQUEST		Click Button Next	1645104566956	1645104567160	OK	 
REQUEST		Click Button Next	1645104567002	1645104567220	OK	 
REQUEST		Click Button Start	1645104568270	1645104568502	OK	 
REQUEST		Select Order With Max Value	1645104568282	1645104568515	OK	 
REQUEST		Click Button Next	1645104568520	1645104568728	OK	 
REQUEST		Select Order With Max Value	1645104568991	1645104569297	OK	 
REQUEST		Click Button Next	1645104569303	1645104569504	OK	 
REQUEST		Select Age	1645104569844	1645104570156	OK	 
REQUEST		Click Button Next	1645104570160	1645104570376	OK	 
REQUEST		Proceed To Next Step	1645104570453	1645104570672	OK	 
REQUEST		Proceed To Next Step	1645104570561	1645104570770	OK	 
REQUEST		Click Button Next	1645104570684	1645104570913	OK	 
REQUEST		Click Button Next	1645104570774	1645104570993	OK	 
REQUEST		Get Spec	1645104570915	1645104571122	OK	 
REQUEST		Get Spec	1645104570995	1645104571193	OK	 
REQUEST		Select Order With Max Value	1645104571908	1645104572130	OK	 
REQUEST		Click Button Next	1645104572134	1645104572340	OK	 
REQUEST		Get One Time Token	1645104572215	1645104572415	OK	 
REQUEST		Get One Time Token	1645104572335	1645104572548	OK	 
REQUEST		Post One Time Token	1645104572418	1645104572622	OK	 
REQUEST		Post One Time Token	1645104572551	1645104572751	OK	 
REQUEST		Get Done	1645104573667	1645104573898	OK	 
REQUEST		Get Done	1645104573810	1645104574025	OK	 
REQUEST		Click Start Again	1645104573901	1645104574107	OK	 
REQUEST		Proceed To Next Step	1645104573937	1645104574153	OK	 
REQUEST		Click Start Again	1645104574027	1645104574239	OK	 
REQUEST		Open Homepage	1645104574109	1645104574310	OK	 
REQUEST		Click Button Next	1645104574160	1645104574375	OK	 
REQUEST		Open Homepage	1645104574242	1645104574449	OK	 
REQUEST		Get Spec	1645104574377	1645104574579	OK	 
REQUEST		Click Button Start	1645104576053	1645104576269	OK	 
REQUEST		Click Button Start	1645104576188	1645104576393	OK	 
REQUEST		Get One Time Token	1645104576466	1645104576672	OK	 
REQUEST		Post One Time Token	1645104576676	1645104576975	OK	 
USER	HomeTask	END	1645104577411
REQUEST		Select Age	1645104578154	1645104578483	OK	 
REQUEST		Click Button Next	1645104578488	1645104578702	OK	 
REQUEST		Get Done	1645104578798	1645104579137	OK	 
REQUEST		Click Start Again	1645104579139	1645104579350	OK	 
REQUEST		Open Homepage	1645104579353	1645104579643	OK	 
REQUEST		Select Order With Max Value	1645104579781	1645104579993	OK	 
REQUEST		Click Button Next	1645104579998	1645104580354	OK	 
REQUEST		Click Button Start	1645104580806	1645104581026	OK	 
REQUEST		Proceed To Next Step	1645104581976	1645104582186	OK	 
REQUEST		Click Button Next	1645104582194	1645104582397	OK	 
REQUEST		Get Spec	1645104582398	1645104582602	OK	 
REQUEST		Select Age	1645104582984	1645104583337	OK	 
REQUEST		Click Button Next	1645104583341	1645104583546	OK	 
REQUEST		Get One Time Token	1645104583731	1645104583949	OK	 
REQUEST		Post One Time Token	1645104583952	1645104584149	OK	 
REQUEST		Select Order With Max Value	1645104585186	1645104585476	OK	 
REQUEST		Click Button Next	1645104585480	1645104585687	OK	 
REQUEST		Get Done	1645104585704	1645104585916	OK	 
REQUEST		Click Start Again	1645104585918	1645104586198	OK	 
REQUEST		Open Homepage	1645104586201	1645104586604	OK	 
REQUEST		Proceed To Next Step	1645104587146	1645104587381	OK	 
REQUEST		Click Button Next	1645104587391	1645104587606	OK	 
REQUEST		Get Spec	1645104587608	1645104587824	OK	 
REQUEST		Click Button Start	1645104587770	1645104587972	OK	 
USER	HomeTask	END	1645104589472
REQUEST		Select Age	1645104589788	1645104590090	OK	 
REQUEST		Click Button Next	1645104590094	1645104590308	OK	 
REQUEST		Select Order With Max Value	1645104592009	1645104592225	OK	 
REQUEST		Click Button Next	1645104592229	1645104592443	OK	 
REQUEST		Proceed To Next Step	1645104594051	1645104594263	OK	 
REQUEST		Click Button Next	1645104594271	1645104594610	OK	 
REQUEST		Get Spec	1645104594612	1645104594923	OK	 
REQUEST		Get One Time Token	1645104596450	1645104596844	OK	 
REQUEST		Post One Time Token	1645104596848	1645104597049	OK	 
REQUEST		Get Done	1645104598415	1645104598619	OK	 
REQUEST		Click Start Again	1645104598621	1645104598929	OK	 
REQUEST		Open Homepage	1645104598931	1645104599142	OK	 
REQUEST		Click Button Start	1645104600344	1645104600631	OK	 
USER	HomeTask	END	1645104601877
